<?xml version="1.0" encoding="UTF-8"?>
<testsuite name="io.papermc.paper.world.TranslationKeyTest" tests="3" skipped="0" failures="0" errors="0" timestamp="2026-08-11T21:04:40.794Z" hostname="codespaces-8b369d" time="0.008">
  <properties/>
  <testcase name="testGameMode()" classname="io.papermc.paper.world.TranslationKeyTest" time="0.001"/>
  <testcase name="testFireworkEffectType()" classname="io.papermc.paper.world.TranslationKeyTest" time="0.004"/>
  <testcase name="testDifficultyKeys()" classname="io.papermc.paper.world.TranslationKeyTest" time="0.001"/>
  <system-out><![CDATA[]]></system-out>
  <system-err><![CDATA[]]></system-err>
</testsuite>
