<?xml version="1.0" encoding="UTF-8"?>
<testsuite name="org.bukkit.ExplosionResultTest" tests="2" skipped="0" failures="0" errors="0" timestamp="2026-08-11T21:04:35.835Z" hostname="codespaces-8b369d" time="0.003">
  <properties/>
  <testcase name="testMatchingEnum()" classname="org.bukkit.ExplosionResultTest" time="0.003"/>
  <testcase name="testToBukkit()" classname="org.bukkit.ExplosionResultTest" time="0.0"/>
  <system-out><![CDATA[]]></system-out>
  <system-err><![CDATA[]]></system-err>
</testsuite>
