<?xml version="1.0" encoding="UTF-8"?>
<testsuite name="org.bukkit.BlockDataConversionTest" tests="1196" skipped="0" failures="0" errors="0" timestamp="2026-08-11T21:03:59.920Z" hostname="codespaces-8b369d" time="0.591">
  <properties/>
  <testcase name="[1] state = Block{minecraft:air}" classname="org.bukkit.BlockDataConversionTest" time="0.001"/>
  <testcase name="[2] state = Block{minecraft:stone}" classname="org.bukkit.BlockDataConversionTest" time="0.0"/>
  <testcase name="[3] state = Block{minecraft:granite}" classname="org.bukkit.BlockDataConversionTest" time="0.001"/>
  <testcase name="[4] state = Block{minecraft:polished_granite}" classname="org.bukkit.BlockDataConversionTest" time="0.0"/>
  <testcase name="[5] state = Block{minecraft:diorite}" classname="org.bukkit.BlockDataConversionTest" time="0.001"/>
  <testcase name="[6] state = Block{minecraft:polished_diorite}" classname="org.bukkit.BlockDataConversionTest" time="0.001"/>
  <testcase name="[7] state = Block{minecraft:andesite}" classname="org.bukkit.BlockDataConversionTest" time="0.0"/>
  <testcase name="[8] state = Block{minecraft:polished_andesite}" classname="org.bukkit.BlockDataConversionTest" time="0.0"/>
  <testcase name="[9] state = Block{minecraft:grass_block}[snowy=false]" classname="org.bukkit.BlockDataConversionTest" time="0.0"/>
  <testcase name="[10] state = Block{minecraft:dirt}" classname="org.bukkit.BlockDataConversionTest" time="0.001"/>
  <testcase name="[11] state = Block{minecraft:coarse_dirt}" classname="org.bukkit.BlockDataConversionTest" time="0.0"/>
  <testcase name="[12] state = Block{minecraft:podzol}[snowy=false]" classname="org.bukkit.BlockDataConversionTest" time="0.0"/>
  <testcase name="[13] state = Block{minecraft:cobblestone}" classname="org.bukkit.BlockDataConversionTest" time="0.001"/>
  <testcase name="[14] state = Block{minecraft:oak_planks}" classname="org.bukkit.BlockDataConversionTest" time="0.0"/>
  <testcase name="[15] state = Block{minecraft:spruce_planks}" classname="org.bukkit.BlockDataConversionTest" time="0.001"/>
  <testcase name="[16] state = Block{minecraft:birch_planks}" classname="org.bukkit.BlockDataConversionTest" time="0.0"/>
  <testcase name="[17] state = Block{minecraft:jungle_planks}" classname="org.bukkit.BlockDataConversionTest" time="0.0"/>
  <testcase name="[18] state = Block{minecraft:acacia_planks}" classname="org.bukkit.BlockDataConversionTest" time="0.001"/>
  <testcase name="[19] state = Block{minecraft:cherry_planks}" classname="org.bukkit.BlockDataConversionTest" time="0.0"/>
  <testcase name="[20] state = Block{minecraft:dark_oak_planks}" classname="org.bukkit.BlockDataConversionTest" time="0.0"/>
  <testcase name="[21] state = Block{minecraft:pale_oak_wood}[axis=y]" classname="org.bukkit.BlockDataConversionTest" time="0.001"/>
  <testcase name="[22] state = Block{minecraft:pale_oak_planks}" classname="org.bukkit.BlockDataConversionTest" time="0.0"/>
  <testcase name="[23] state = Block{minecraft:mangrove_planks}" classname="org.bukkit.BlockDataConversionTest" time="0.0"/>
  <testcase name="[24] state = Block{minecraft:bamboo_planks}" classname="org.bukkit.BlockDataConversionTest" time="0.001"/>
  <testcase name="[25] state = Block{minecraft:bamboo_mosaic}" classname="org.bukkit.BlockDataConversionTest" time="0.0"/>
  <testcase name="[26] state = Block{minecraft:oak_sapling}[stage=0]" classname="org.bukkit.BlockDataConversionTest" time="0.0"/>
  <testcase name="[27] state = Block{minecraft:spruce_sapling}[stage=0]" classname="org.bukkit.BlockDataConversionTest" time="0.0"/>
  <testcase name="[28] state = Block{minecraft:birch_sapling}[stage=0]" classname="org.bukkit.BlockDataConversionTest" time="0.001"/>
  <testcase name="[29] state = Block{minecraft:jungle_sapling}[stage=0]" classname="org.bukkit.BlockDataConversionTest" time="0.0"/>
  <testcase name="[30] state = Block{minecraft:acacia_sapling}[stage=0]" classname="org.bukkit.BlockDataConversionTest" time="0.0"/>
  <testcase name="[31] state = Block{minecraft:cherry_sapling}[stage=0]" classname="org.bukkit.BlockDataConversionTest" time="0.0"/>
  <testcase name="[32] state = Block{minecraft:dark_oak_sapling}[stage=0]" classname="org.bukkit.BlockDataConversionTest" time="0.0"/>
  <testcase name="[33] state = Block{minecraft:pale_oak_sapling}[stage=0]" classname="org.bukkit.BlockDataConversionTest" time="0.001"/>
  <testcase name="[34] state = Block{minecraft:mangrove_propagule}[age=0,hanging=false,stage=0,waterlogged=false]" classname="org.bukkit.BlockDataConversionTest" time="0.001"/>
  <testcase name="[35] state = Block{minecraft:bedrock}" classname="org.bukkit.BlockDataConversionTest" time="0.0"/>
  <testcase name="[36] state = Block{minecraft:water}[level=0]" classname="org.bukkit.BlockDataConversionTest" time="0.0"/>
  <testcase name="[37] state = Block{minecraft:lava}[level=0]" classname="org.bukkit.BlockDataConversionTest" time="0.0"/>
  <testcase name="[38] state = Block{minecraft:sand}" classname="org.bukkit.BlockDataConversionTest" time="0.0"/>
  <testcase name="[39] state = Block{minecraft:suspicious_sand}[dusted=0]" classname="org.bukkit.BlockDataConversionTest" time="0.001"/>
  <testcase name="[40] state = Block{minecraft:red_sand}" classname="org.bukkit.BlockDataConversionTest" time="0.0"/>
  <testcase name="[41] state = Block{minecraft:gravel}" classname="org.bukkit.BlockDataConversionTest" time="0.0"/>
  <testcase name="[42] state = Block{minecraft:suspicious_gravel}[dusted=0]" classname="org.bukkit.BlockDataConversionTest" time="0.0"/>
  <testcase name="[43] state = Block{minecraft:gold_ore}" classname="org.bukkit.BlockDataConversionTest" time="0.0"/>
  <testcase name="[44] state = Block{minecraft:deepslate_gold_ore}" classname="org.bukkit.BlockDataConversionTest" time="0.001"/>
  <testcase name="[45] state = Block{minecraft:iron_ore}" classname="org.bukkit.BlockDataConversionTest" time="0.0"/>
  <testcase name="[46] state = Block{minecraft:deepslate_iron_ore}" classname="org.bukkit.BlockDataConversionTest" time="0.0"/>
  <testcase name="[47] state = Block{minecraft:coal_ore}" classname="org.bukkit.BlockDataConversionTest" time="0.001"/>
  <testcase name="[48] state = Block{minecraft:deepslate_coal_ore}" classname="org.bukkit.BlockDataConversionTest" time="0.0"/>
  <testcase name="[49] state = Block{minecraft:nether_gold_ore}" classname="org.bukkit.BlockDataConversionTest" time="0.001"/>
  <testcase name="[50] state = Block{minecraft:oak_log}[axis=y]" classname="org.bukkit.BlockDataConversionTest" time="0.0"/>
  <testcase name="[51] state = Block{minecraft:spruce_log}[axis=y]" classname="org.bukkit.BlockDataConversionTest" time="0.0"/>
  <testcase name="[52] state = Block{minecraft:birch_log}[axis=y]" classname="org.bukkit.BlockDataConversionTest" time="0.0"/>
  <testcase name="[53] state = Block{minecraft:jungle_log}[axis=y]" classname="org.bukkit.BlockDataConversionTest" time="0.0"/>
  <testcase name="[54] state = Block{minecraft:acacia_log}[axis=y]" classname="org.bukkit.BlockDataConversionTest" time="0.001"/>
  <testcase name="[55] state = Block{minecraft:cherry_log}[axis=y]" classname="org.bukkit.BlockDataConversionTest" time="0.0"/>
  <testcase name="[56] state = Block{minecraft:dark_oak_log}[axis=y]" classname="org.bukkit.BlockDataConversionTest" time="0.0"/>
  <testcase name="[57] state = Block{minecraft:pale_oak_log}[axis=y]" classname="org.bukkit.BlockDataConversionTest" time="0.001"/>
  <testcase name="[58] state = Block{minecraft:mangrove_log}[axis=y]" classname="org.bukkit.BlockDataConversionTest" time="0.0"/>
  <testcase name="[59] state = Block{minecraft:mangrove_roots}[waterlogged=false]" classname="org.bukkit.BlockDataConversionTest" time="0.0"/>
  <testcase name="[60] state = Block{minecraft:muddy_mangrove_roots}[axis=y]" classname="org.bukkit.BlockDataConversionTest" time="0.001"/>
  <testcase name="[61] state = Block{minecraft:bamboo_block}[axis=y]" classname="org.bukkit.BlockDataConversionTest" time="0.0"/>
  <testcase name="[62] state = Block{minecraft:stripped_spruce_log}[axis=y]" classname="org.bukkit.BlockDataConversionTest" time="0.0"/>
  <testcase name="[63] state = Block{minecraft:stripped_birch_log}[axis=y]" classname="org.bukkit.BlockDataConversionTest" time="0.0"/>
  <testcase name="[64] state = Block{minecraft:stripped_jungle_log}[axis=y]" classname="org.bukkit.BlockDataConversionTest" time="0.0"/>
  <testcase name="[65] state = Block{minecraft:stripped_acacia_log}[axis=y]" classname="org.bukkit.BlockDataConversionTest" time="0.0"/>
  <testcase name="[66] state = Block{minecraft:stripped_cherry_log}[axis=y]" classname="org.bukkit.BlockDataConversionTest" time="0.0"/>
  <testcase name="[67] state = Block{minecraft:stripped_dark_oak_log}[axis=y]" classname="org.bukkit.BlockDataConversionTest" time="0.0"/>
  <testcase name="[68] state = Block{minecraft:stripped_pale_oak_log}[axis=y]" classname="org.bukkit.BlockDataConversionTest" time="0.0"/>
  <testcase name="[69] state = Block{minecraft:stripped_oak_log}[axis=y]" classname="org.bukkit.BlockDataConversionTest" time="0.0"/>
  <testcase name="[70] state = Block{minecraft:stripped_mangrove_log}[axis=y]" classname="org.bukkit.BlockDataConversionTest" time="0.0"/>
  <testcase name="[71] state = Block{minecraft:stripped_bamboo_block}[axis=y]" classname="org.bukkit.BlockDataConversionTest" time="0.0"/>
  <testcase name="[72] state = Block{minecraft:oak_wood}[axis=y]" classname="org.bukkit.BlockDataConversionTest" time="0.0"/>
  <testcase name="[73] state = Block{minecraft:spruce_wood}[axis=y]" classname="org.bukkit.BlockDataConversionTest" time="0.001"/>
  <testcase name="[74] state = Block{minecraft:birch_wood}[axis=y]" classname="org.bukkit.BlockDataConversionTest" time="0.0"/>
  <testcase name="[75] state = Block{minecraft:jungle_wood}[axis=y]" classname="org.bukkit.BlockDataConversionTest" time="0.0"/>
  <testcase name="[76] state = Block{minecraft:acacia_wood}[axis=y]" classname="org.bukkit.BlockDataConversionTest" time="0.0"/>
  <testcase name="[77] state = Block{minecraft:cherry_wood}[axis=y]" classname="org.bukkit.BlockDataConversionTest" time="0.0"/>
  <testcase name="[78] state = Block{minecraft:dark_oak_wood}[axis=y]" classname="org.bukkit.BlockDataConversionTest" time="0.001"/>
  <testcase name="[79] state = Block{minecraft:mangrove_wood}[axis=y]" classname="org.bukkit.BlockDataConversionTest" time="0.0"/>
  <testcase name="[80] state = Block{minecraft:stripped_oak_wood}[axis=y]" classname="org.bukkit.BlockDataConversionTest" time="0.0"/>
  <testcase name="[81] state = Block{minecraft:stripped_spruce_wood}[axis=y]" classname="org.bukkit.BlockDataConversionTest" time="0.0"/>
  <testcase name="[82] state = Block{minecraft:stripped_birch_wood}[axis=y]" classname="org.bukkit.BlockDataConversionTest" time="0.0"/>
  <testcase name="[83] state = Block{minecraft:stripped_jungle_wood}[axis=y]" classname="org.bukkit.BlockDataConversionTest" time="0.001"/>
  <testcase name="[84] state = Block{minecraft:stripped_acacia_wood}[axis=y]" classname="org.bukkit.BlockDataConversionTest" time="0.0"/>
  <testcase name="[85] state = Block{minecraft:stripped_cherry_wood}[axis=y]" classname="org.bukkit.BlockDataConversionTest" time="0.001"/>
  <testcase name="[86] state = Block{minecraft:stripped_dark_oak_wood}[axis=y]" classname="org.bukkit.BlockDataConversionTest" time="0.0"/>
  <testcase name="[87] state = Block{minecraft:stripped_pale_oak_wood}[axis=y]" classname="org.bukkit.BlockDataConversionTest" time="0.0"/>
  <testcase name="[88] state = Block{minecraft:stripped_mangrove_wood}[axis=y]" classname="org.bukkit.BlockDataConversionTest" time="0.0"/>
  <testcase name="[89] state = Block{minecraft:oak_leaves}[distance=7,persistent=false,waterlogged=false]" classname="org.bukkit.BlockDataConversionTest" time="0.0"/>
  <testcase name="[90] state = Block{minecraft:spruce_leaves}[distance=7,persistent=false,waterlogged=false]" classname="org.bukkit.BlockDataConversionTest" time="0.001"/>
  <testcase name="[91] state = Block{minecraft:birch_leaves}[distance=7,persistent=false,waterlogged=false]" classname="org.bukkit.BlockDataConversionTest" time="0.0"/>
  <testcase name="[92] state = Block{minecraft:jungle_leaves}[distance=7,persistent=false,waterlogged=false]" classname="org.bukkit.BlockDataConversionTest" time="0.0"/>
  <testcase name="[93] state = Block{minecraft:acacia_leaves}[distance=7,persistent=false,waterlogged=false]" classname="org.bukkit.BlockDataConversionTest" time="0.0"/>
  <testcase name="[94] state = Block{minecraft:cherry_leaves}[distance=7,persistent=false,waterlogged=false]" classname="org.bukkit.BlockDataConversionTest" time="0.0"/>
  <testcase name="[95] state = Block{minecraft:dark_oak_leaves}[distance=7,persistent=false,waterlogged=false]" classname="org.bukkit.BlockDataConversionTest" time="0.0"/>
  <testcase name="[96] state = Block{minecraft:pale_oak_leaves}[distance=7,persistent=false,waterlogged=false]" classname="org.bukkit.BlockDataConversionTest" time="0.0"/>
  <testcase name="[97] state = Block{minecraft:mangrove_leaves}[distance=7,persistent=false,waterlogged=false]" classname="org.bukkit.BlockDataConversionTest" time="0.0"/>
  <testcase name="[98] state = Block{minecraft:azalea_leaves}[distance=7,persistent=false,waterlogged=false]" classname="org.bukkit.BlockDataConversionTest" time="0.001"/>
  <testcase name="[99] state = Block{minecraft:flowering_azalea_leaves}[distance=7,persistent=false,waterlogged=false]" classname="org.bukkit.BlockDataConversionTest" time="0.0"/>
  <testcase name="[100] state = Block{minecraft:sponge}" classname="org.bukkit.BlockDataConversionTest" time="0.001"/>
  <testcase name="[101] state = Block{minecraft:wet_sponge}" classname="org.bukkit.BlockDataConversionTest" time="0.0"/>
  <testcase name="[102] state = Block{minecraft:glass}" classname="org.bukkit.BlockDataConversionTest" time="0.0"/>
  <testcase name="[103] state = Block{minecraft:lapis_ore}" classname="org.bukkit.BlockDataConversionTest" time="0.001"/>
  <testcase name="[104] state = Block{minecraft:deepslate_lapis_ore}" classname="org.bukkit.BlockDataConversionTest" time="0.0"/>
  <testcase name="[105] state = Block{minecraft:lapis_block}" classname="org.bukkit.BlockDataConversionTest" time="0.001"/>
  <testcase name="[106] state = Block{minecraft:dispenser}[facing=north,triggered=false]" classname="org.bukkit.BlockDataConversionTest" time="0.0"/>
  <testcase name="[107] state = Block{minecraft:sandstone}" classname="org.bukkit.BlockDataConversionTest" time="0.0"/>
  <testcase name="[108] state = Block{minecraft:chiseled_sandstone}" classname="org.bukkit.BlockDataConversionTest" time="0.0"/>
  <testcase name="[109] state = Block{minecraft:cut_sandstone}" classname="org.bukkit.BlockDataConversionTest" time="0.001"/>
  <testcase name="[110] state = Block{minecraft:note_block}[instrument=harp,note=0,powered=false]" classname="org.bukkit.BlockDataConversionTest" time="0.001"/>
  <testcase name="[111] state = Block{minecraft:white_bed}[facing=north,occupied=false,part=foot]" classname="org.bukkit.BlockDataConversionTest" time="0.0"/>
  <testcase name="[112] state = Block{minecraft:orange_bed}[facing=north,occupied=false,part=foot]" classname="org.bukkit.BlockDataConversionTest" time="0.0"/>
  <testcase name="[113] state = Block{minecraft:magenta_bed}[facing=north,occupied=false,part=foot]" classname="org.bukkit.BlockDataConversionTest" time="0.0"/>
  <testcase name="[114] state = Block{minecraft:light_blue_bed}[facing=north,occupied=false,part=foot]" classname="org.bukkit.BlockDataConversionTest" time="0.001"/>
  <testcase name="[115] state = Block{minecraft:yellow_bed}[facing=north,occupied=false,part=foot]" classname="org.bukkit.BlockDataConversionTest" time="0.0"/>
  <testcase name="[116] state = Block{minecraft:lime_bed}[facing=north,occupied=false,part=foot]" classname="org.bukkit.BlockDataConversionTest" time="0.001"/>
  <testcase name="[117] state = Block{minecraft:pink_bed}[facing=north,occupied=false,part=foot]" classname="org.bukkit.BlockDataConversionTest" time="0.001"/>
  <testcase name="[118] state = Block{minecraft:gray_bed}[facing=north,occupied=false,part=foot]" classname="org.bukkit.BlockDataConversionTest" time="0.0"/>
  <testcase name="[119] state = Block{minecraft:light_gray_bed}[facing=north,occupied=false,part=foot]" classname="org.bukkit.BlockDataConversionTest" time="0.0"/>
  <testcase name="[120] state = Block{minecraft:cyan_bed}[facing=north,occupied=false,part=foot]" classname="org.bukkit.BlockDataConversionTest" time="0.0"/>
  <testcase name="[121] state = Block{minecraft:purple_bed}[facing=north,occupied=false,part=foot]" classname="org.bukkit.BlockDataConversionTest" time="0.0"/>
  <testcase name="[122] state = Block{minecraft:blue_bed}[facing=north,occupied=false,part=foot]" classname="org.bukkit.BlockDataConversionTest" time="0.0"/>
  <testcase name="[123] state = Block{minecraft:brown_bed}[facing=north,occupied=false,part=foot]" classname="org.bukkit.BlockDataConversionTest" time="0.0"/>
  <testcase name="[124] state = Block{minecraft:green_bed}[facing=north,occupied=false,part=foot]" classname="org.bukkit.BlockDataConversionTest" time="0.0"/>
  <testcase name="[125] state = Block{minecraft:red_bed}[facing=north,occupied=false,part=foot]" classname="org.bukkit.BlockDataConversionTest" time="0.0"/>
  <testcase name="[126] state = Block{minecraft:black_bed}[facing=north,occupied=false,part=foot]" classname="org.bukkit.BlockDataConversionTest" time="0.0"/>
  <testcase name="[127] state = Block{minecraft:powered_rail}[powered=false,shape=north_south,waterlogged=false]" classname="org.bukkit.BlockDataConversionTest" time="0.0"/>
  <testcase name="[128] state = Block{minecraft:detector_rail}[powered=false,shape=north_south,waterlogged=false]" classname="org.bukkit.BlockDataConversionTest" time="0.001"/>
  <testcase name="[129] state = Block{minecraft:sticky_piston}[extended=false,facing=north]" classname="org.bukkit.BlockDataConversionTest" time="0.0"/>
  <testcase name="[130] state = Block{minecraft:cobweb}" classname="org.bukkit.BlockDataConversionTest" time="0.0"/>
  <testcase name="[131] state = Block{minecraft:short_grass}" classname="org.bukkit.BlockDataConversionTest" time="0.0"/>
  <testcase name="[132] state = Block{minecraft:fern}" classname="org.bukkit.BlockDataConversionTest" time="0.0"/>
  <testcase name="[133] state = Block{minecraft:dead_bush}" classname="org.bukkit.BlockDataConversionTest" time="0.0"/>
  <testcase name="[134] state = Block{minecraft:bush}" classname="org.bukkit.BlockDataConversionTest" time="0.001"/>
  <testcase name="[135] state = Block{minecraft:short_dry_grass}" classname="org.bukkit.BlockDataConversionTest" time="0.0"/>
  <testcase name="[136] state = Block{minecraft:tall_dry_grass}" classname="org.bukkit.BlockDataConversionTest" time="0.001"/>
  <testcase name="[137] state = Block{minecraft:seagrass}" classname="org.bukkit.BlockDataConversionTest" time="0.0"/>
  <testcase name="[138] state = Block{minecraft:tall_seagrass}[half=lower]" classname="org.bukkit.BlockDataConversionTest" time="0.0"/>
  <testcase name="[139] state = Block{minecraft:piston}[extended=false,facing=north]" classname="org.bukkit.BlockDataConversionTest" time="0.0"/>
  <testcase name="[140] state = Block{minecraft:piston_head}[facing=north,short=false,type=normal]" classname="org.bukkit.BlockDataConversionTest" time="0.0"/>
  <testcase name="[141] state = Block{minecraft:white_wool}" classname="org.bukkit.BlockDataConversionTest" time="0.0"/>
  <testcase name="[142] state = Block{minecraft:orange_wool}" classname="org.bukkit.BlockDataConversionTest" time="0.0"/>
  <testcase name="[143] state = Block{minecraft:magenta_wool}" classname="org.bukkit.BlockDataConversionTest" time="0.0"/>
  <testcase name="[144] state = Block{minecraft:light_blue_wool}" classname="org.bukkit.BlockDataConversionTest" time="0.0"/>
  <testcase name="[145] state = Block{minecraft:yellow_wool}" classname="org.bukkit.BlockDataConversionTest" time="0.0"/>
  <testcase name="[146] state = Block{minecraft:lime_wool}" classname="org.bukkit.BlockDataConversionTest" time="0.001"/>
  <testcase name="[147] state = Block{minecraft:pink_wool}" classname="org.bukkit.BlockDataConversionTest" time="0.0"/>
  <testcase name="[148] state = Block{minecraft:gray_wool}" classname="org.bukkit.BlockDataConversionTest" time="0.0"/>
  <testcase name="[149] state = Block{minecraft:light_gray_wool}" classname="org.bukkit.BlockDataConversionTest" time="0.0"/>
  <testcase name="[150] state = Block{minecraft:cyan_wool}" classname="org.bukkit.BlockDataConversionTest" time="0.0"/>
  <testcase name="[151] state = Block{minecraft:purple_wool}" classname="org.bukkit.BlockDataConversionTest" time="0.0"/>
  <testcase name="[152] state = Block{minecraft:blue_wool}" classname="org.bukkit.BlockDataConversionTest" time="0.0"/>
  <testcase name="[153] state = Block{minecraft:brown_wool}" classname="org.bukkit.BlockDataConversionTest" time="0.0"/>
  <testcase name="[154] state = Block{minecraft:green_wool}" classname="org.bukkit.BlockDataConversionTest" time="0.0"/>
  <testcase name="[155] state = Block{minecraft:red_wool}" classname="org.bukkit.BlockDataConversionTest" time="0.001"/>
  <testcase name="[156] state = Block{minecraft:black_wool}" classname="org.bukkit.BlockDataConversionTest" time="0.0"/>
  <testcase name="[157] state = Block{minecraft:moving_piston}[facing=north,type=normal]" classname="org.bukkit.BlockDataConversionTest" time="0.001"/>
  <testcase name="[158] state = Block{minecraft:dandelion}" classname="org.bukkit.BlockDataConversionTest" time="0.0"/>
  <testcase name="[159] state = Block{minecraft:golden_dandelion}" classname="org.bukkit.BlockDataConversionTest" time="0.0"/>
  <testcase name="[160] state = Block{minecraft:torchflower}" classname="org.bukkit.BlockDataConversionTest" time="0.0"/>
  <testcase name="[161] state = Block{minecraft:poppy}" classname="org.bukkit.BlockDataConversionTest" time="0.0"/>
  <testcase name="[162] state = Block{minecraft:blue_orchid}" classname="org.bukkit.BlockDataConversionTest" time="0.0"/>
  <testcase name="[163] state = Block{minecraft:allium}" classname="org.bukkit.BlockDataConversionTest" time="0.0"/>
  <testcase name="[164] state = Block{minecraft:azure_bluet}" classname="org.bukkit.BlockDataConversionTest" time="0.0"/>
  <testcase name="[165] state = Block{minecraft:red_tulip}" classname="org.bukkit.BlockDataConversionTest" time="0.0"/>
  <testcase name="[166] state = Block{minecraft:orange_tulip}" classname="org.bukkit.BlockDataConversionTest" time="0.001"/>
  <testcase name="[167] state = Block{minecraft:white_tulip}" classname="org.bukkit.BlockDataConversionTest" time="0.0"/>
  <testcase name="[168] state = Block{minecraft:pink_tulip}" classname="org.bukkit.BlockDataConversionTest" time="0.001"/>
  <testcase name="[169] state = Block{minecraft:oxeye_daisy}" classname="org.bukkit.BlockDataConversionTest" time="0.0"/>
  <testcase name="[170] state = Block{minecraft:cornflower}" classname="org.bukkit.BlockDataConversionTest" time="0.0"/>
  <testcase name="[171] state = Block{minecraft:wither_rose}" classname="org.bukkit.BlockDataConversionTest" time="0.0"/>
  <testcase name="[172] state = Block{minecraft:lily_of_the_valley}" classname="org.bukkit.BlockDataConversionTest" time="0.001"/>
  <testcase name="[173] state = Block{minecraft:brown_mushroom}" classname="org.bukkit.BlockDataConversionTest" time="0.0"/>
  <testcase name="[174] state = Block{minecraft:red_mushroom}" classname="org.bukkit.BlockDataConversionTest" time="0.001"/>
  <testcase name="[175] state = Block{minecraft:gold_block}" classname="org.bukkit.BlockDataConversionTest" time="0.0"/>
  <testcase name="[176] state = Block{minecraft:iron_block}" classname="org.bukkit.BlockDataConversionTest" time="0.0"/>
  <testcase name="[177] state = Block{minecraft:bricks}" classname="org.bukkit.BlockDataConversionTest" time="0.001"/>
  <testcase name="[178] state = Block{minecraft:tnt}[unstable=false]" classname="org.bukkit.BlockDataConversionTest" time="0.0"/>
  <testcase name="[179] state = Block{minecraft:bookshelf}" classname="org.bukkit.BlockDataConversionTest" time="0.001"/>
  <testcase name="[180] state = Block{minecraft:chiseled_bookshelf}[facing=north,slot_0_occupied=false,slot_1_occupied=false,slot_2_occupied=false,slot_3_occupied=false,slot_4_occupied=false,slot_5_occupied=false]" classname="org.bukkit.BlockDataConversionTest" time="0.0"/>
  <testcase name="[181] state = Block{minecraft:acacia_shelf}[facing=north,powered=false,side_chain=unconnected,waterlogged=false]" classname="org.bukkit.BlockDataConversionTest" time="0.001"/>
  <testcase name="[182] state = Block{minecraft:bamboo_shelf}[facing=north,powered=false,side_chain=unconnected,waterlogged=false]" classname="org.bukkit.BlockDataConversionTest" time="0.0"/>
  <testcase name="[183] state = Block{minecraft:birch_shelf}[facing=north,powered=false,side_chain=unconnected,waterlogged=false]" classname="org.bukkit.BlockDataConversionTest" time="0.001"/>
  <testcase name="[184] state = Block{minecraft:cherry_shelf}[facing=north,powered=false,side_chain=unconnected,waterlogged=false]" classname="org.bukkit.BlockDataConversionTest" time="0.0"/>
  <testcase name="[185] state = Block{minecraft:crimson_shelf}[facing=north,powered=false,side_chain=unconnected,waterlogged=false]" classname="org.bukkit.BlockDataConversionTest" time="0.0"/>
  <testcase name="[186] state = Block{minecraft:dark_oak_shelf}[facing=north,powered=false,side_chain=unconnected,waterlogged=false]" classname="org.bukkit.BlockDataConversionTest" time="0.0"/>
  <testcase name="[187] state = Block{minecraft:jungle_shelf}[facing=north,powered=false,side_chain=unconnected,waterlogged=false]" classname="org.bukkit.BlockDataConversionTest" time="0.0"/>
  <testcase name="[188] state = Block{minecraft:mangrove_shelf}[facing=north,powered=false,side_chain=unconnected,waterlogged=false]" classname="org.bukkit.BlockDataConversionTest" time="0.0"/>
  <testcase name="[189] state = Block{minecraft:oak_shelf}[facing=north,powered=false,side_chain=unconnected,waterlogged=false]" classname="org.bukkit.BlockDataConversionTest" time="0.0"/>
  <testcase name="[190] state = Block{minecraft:pale_oak_shelf}[facing=north,powered=false,side_chain=unconnected,waterlogged=false]" classname="org.bukkit.BlockDataConversionTest" time="0.0"/>
  <testcase name="[191] state = Block{minecraft:spruce_shelf}[facing=north,powered=false,side_chain=unconnected,waterlogged=false]" classname="org.bukkit.BlockDataConversionTest" time="0.0"/>
  <testcase name="[192] state = Block{minecraft:warped_shelf}[facing=north,powered=false,side_chain=unconnected,waterlogged=false]" classname="org.bukkit.BlockDataConversionTest" time="0.0"/>
  <testcase name="[193] state = Block{minecraft:mossy_cobblestone}" classname="org.bukkit.BlockDataConversionTest" time="0.0"/>
  <testcase name="[194] state = Block{minecraft:obsidian}" classname="org.bukkit.BlockDataConversionTest" time="0.0"/>
  <testcase name="[195] state = Block{minecraft:torch}" classname="org.bukkit.BlockDataConversionTest" time="0.0"/>
  <testcase name="[196] state = Block{minecraft:wall_torch}[facing=north]" classname="org.bukkit.BlockDataConversionTest" time="0.0"/>
  <testcase name="[197] state = Block{minecraft:fire}[age=0,east=false,north=false,south=false,up=false,west=false]" classname="org.bukkit.BlockDataConversionTest" time="0.0"/>
  <testcase name="[198] state = Block{minecraft:soul_fire}" classname="org.bukkit.BlockDataConversionTest" time="0.0"/>
  <testcase name="[199] state = Block{minecraft:spawner}" classname="org.bukkit.BlockDataConversionTest" time="0.0"/>
  <testcase name="[200] state = Block{minecraft:creaking_heart}[axis=y,creaking_heart_state=uprooted,natural=false]" classname="org.bukkit.BlockDataConversionTest" time="0.0"/>
  <testcase name="[201] state = Block{minecraft:oak_stairs}[facing=north,half=bottom,shape=straight,waterlogged=false]" classname="org.bukkit.BlockDataConversionTest" time="0.0"/>
  <testcase name="[202] state = Block{minecraft:chest}[facing=north,type=single,waterlogged=false]" classname="org.bukkit.BlockDataConversionTest" time="0.0"/>
  <testcase name="[203] state = Block{minecraft:redstone_wire}[east=none,north=none,power=0,south=none,west=none]" classname="org.bukkit.BlockDataConversionTest" time="0.001"/>
  <testcase name="[204] state = Block{minecraft:diamond_ore}" classname="org.bukkit.BlockDataConversionTest" time="0.0"/>
  <testcase name="[205] state = Block{minecraft:deepslate_diamond_ore}" classname="org.bukkit.BlockDataConversionTest" time="0.001"/>
  <testcase name="[206] state = Block{minecraft:diamond_block}" classname="org.bukkit.BlockDataConversionTest" time="0.0"/>
  <testcase name="[207] state = Block{minecraft:crafting_table}" classname="org.bukkit.BlockDataConversionTest" time="0.0"/>
  <testcase name="[208] state = Block{minecraft:wheat}[age=0]" classname="org.bukkit.BlockDataConversionTest" time="0.0"/>
  <testcase name="[209] state = Block{minecraft:farmland}[moisture=0]" classname="org.bukkit.BlockDataConversionTest" time="0.0"/>
  <testcase name="[210] state = Block{minecraft:furnace}[facing=north,lit=false]" classname="org.bukkit.BlockDataConversionTest" time="0.0"/>
  <testcase name="[211] state = Block{minecraft:oak_sign}[rotation=8,waterlogged=false]" classname="org.bukkit.BlockDataConversionTest" time="0.0"/>
  <testcase name="[212] state = Block{minecraft:spruce_sign}[rotation=8,waterlogged=false]" classname="org.bukkit.BlockDataConversionTest" time="0.0"/>
  <testcase name="[213] state = Block{minecraft:birch_sign}[rotation=8,waterlogged=false]" classname="org.bukkit.BlockDataConversionTest" time="0.0"/>
  <testcase name="[214] state = Block{minecraft:acacia_sign}[rotation=8,waterlogged=false]" classname="org.bukkit.BlockDataConversionTest" time="0.0"/>
  <testcase name="[215] state = Block{minecraft:cherry_sign}[rotation=8,waterlogged=false]" classname="org.bukkit.BlockDataConversionTest" time="0.0"/>
  <testcase name="[216] state = Block{minecraft:jungle_sign}[rotation=8,waterlogged=false]" classname="org.bukkit.BlockDataConversionTest" time="0.0"/>
  <testcase name="[217] state = Block{minecraft:dark_oak_sign}[rotation=8,waterlogged=false]" classname="org.bukkit.BlockDataConversionTest" time="0.0"/>
  <testcase name="[218] state = Block{minecraft:pale_oak_sign}[rotation=8,waterlogged=false]" classname="org.bukkit.BlockDataConversionTest" time="0.0"/>
  <testcase name="[219] state = Block{minecraft:mangrove_sign}[rotation=8,waterlogged=false]" classname="org.bukkit.BlockDataConversionTest" time="0.0"/>
  <testcase name="[220] state = Block{minecraft:bamboo_sign}[rotation=8,waterlogged=false]" classname="org.bukkit.BlockDataConversionTest" time="0.001"/>
  <testcase name="[221] state = Block{minecraft:oak_door}[facing=north,half=lower,hinge=left,open=false,powered=false]" classname="org.bukkit.BlockDataConversionTest" time="0.0"/>
  <testcase name="[222] state = Block{minecraft:ladder}[facing=north,waterlogged=false]" classname="org.bukkit.BlockDataConversionTest" time="0.001"/>
  <testcase name="[223] state = Block{minecraft:rail}[shape=north_south,waterlogged=false]" classname="org.bukkit.BlockDataConversionTest" time="0.0"/>
  <testcase name="[224] state = Block{minecraft:cobblestone_stairs}[facing=north,half=bottom,shape=straight,waterlogged=false]" classname="org.bukkit.BlockDataConversionTest" time="0.001"/>
  <testcase name="[225] state = Block{minecraft:oak_wall_sign}[facing=north,waterlogged=false]" classname="org.bukkit.BlockDataConversionTest" time="0.0"/>
  <testcase name="[226] state = Block{minecraft:spruce_wall_sign}[facing=north,waterlogged=false]" classname="org.bukkit.BlockDataConversionTest" time="0.0"/>
  <testcase name="[227] state = Block{minecraft:birch_wall_sign}[facing=north,waterlogged=false]" classname="org.bukkit.BlockDataConversionTest" time="0.0"/>
  <testcase name="[228] state = Block{minecraft:acacia_wall_sign}[facing=north,waterlogged=false]" classname="org.bukkit.BlockDataConversionTest" time="0.0"/>
  <testcase name="[229] state = Block{minecraft:cherry_wall_sign}[facing=north,waterlogged=false]" classname="org.bukkit.BlockDataConversionTest" time="0.0"/>
  <testcase name="[230] state = Block{minecraft:jungle_wall_sign}[facing=north,waterlogged=false]" classname="org.bukkit.BlockDataConversionTest" time="0.0"/>
  <testcase name="[231] state = Block{minecraft:dark_oak_wall_sign}[facing=north,waterlogged=false]" classname="org.bukkit.BlockDataConversionTest" time="0.001"/>
  <testcase name="[232] state = Block{minecraft:pale_oak_wall_sign}[facing=north,waterlogged=false]" classname="org.bukkit.BlockDataConversionTest" time="0.0"/>
  <testcase name="[233] state = Block{minecraft:mangrove_wall_sign}[facing=north,waterlogged=false]" classname="org.bukkit.BlockDataConversionTest" time="0.001"/>
  <testcase name="[234] state = Block{minecraft:bamboo_wall_sign}[facing=north,waterlogged=false]" classname="org.bukkit.BlockDataConversionTest" time="0.0"/>
  <testcase name="[235] state = Block{minecraft:oak_hanging_sign}[attached=false,rotation=8,waterlogged=false]" classname="org.bukkit.BlockDataConversionTest" time="0.001"/>
  <testcase name="[236] state = Block{minecraft:spruce_hanging_sign}[attached=false,rotation=8,waterlogged=false]" classname="org.bukkit.BlockDataConversionTest" time="0.0"/>
  <testcase name="[237] state = Block{minecraft:birch_hanging_sign}[attached=false,rotation=8,waterlogged=false]" classname="org.bukkit.BlockDataConversionTest" time="0.001"/>
  <testcase name="[238] state = Block{minecraft:acacia_hanging_sign}[attached=false,rotation=8,waterlogged=false]" classname="org.bukkit.BlockDataConversionTest" time="0.0"/>
  <testcase name="[239] state = Block{minecraft:cherry_hanging_sign}[attached=false,rotation=8,waterlogged=false]" classname="org.bukkit.BlockDataConversionTest" time="0.001"/>
  <testcase name="[240] state = Block{minecraft:jungle_hanging_sign}[attached=false,rotation=8,waterlogged=false]" classname="org.bukkit.BlockDataConversionTest" time="0.0"/>
  <testcase name="[241] state = Block{minecraft:dark_oak_hanging_sign}[attached=false,rotation=8,waterlogged=false]" classname="org.bukkit.BlockDataConversionTest" time="0.001"/>
  <testcase name="[242] state = Block{minecraft:pale_oak_hanging_sign}[attached=false,rotation=8,waterlogged=false]" classname="org.bukkit.BlockDataConversionTest" time="0.0"/>
  <testcase name="[243] state = Block{minecraft:crimson_hanging_sign}[attached=false,rotation=8,waterlogged=false]" classname="org.bukkit.BlockDataConversionTest" time="0.0"/>
  <testcase name="[244] state = Block{minecraft:warped_hanging_sign}[attached=false,rotation=8,waterlogged=false]" classname="org.bukkit.BlockDataConversionTest" time="0.0"/>
  <testcase name="[245] state = Block{minecraft:mangrove_hanging_sign}[attached=false,rotation=8,waterlogged=false]" classname="org.bukkit.BlockDataConversionTest" time="0.0"/>
  <testcase name="[246] state = Block{minecraft:bamboo_hanging_sign}[attached=false,rotation=8,waterlogged=false]" classname="org.bukkit.BlockDataConversionTest" time="0.0"/>
  <testcase name="[247] state = Block{minecraft:oak_wall_hanging_sign}[facing=north,waterlogged=false]" classname="org.bukkit.BlockDataConversionTest" time="0.0"/>
  <testcase name="[248] state = Block{minecraft:spruce_wall_hanging_sign}[facing=north,waterlogged=false]" classname="org.bukkit.BlockDataConversionTest" time="0.0"/>
  <testcase name="[249] state = Block{minecraft:birch_wall_hanging_sign}[facing=north,waterlogged=false]" classname="org.bukkit.BlockDataConversionTest" time="0.0"/>
  <testcase name="[250] state = Block{minecraft:acacia_wall_hanging_sign}[facing=north,waterlogged=false]" classname="org.bukkit.BlockDataConversionTest" time="0.0"/>
  <testcase name="[251] state = Block{minecraft:cherry_wall_hanging_sign}[facing=north,waterlogged=false]" classname="org.bukkit.BlockDataConversionTest" time="0.001"/>
  <testcase name="[252] state = Block{minecraft:jungle_wall_hanging_sign}[facing=north,waterlogged=false]" classname="org.bukkit.BlockDataConversionTest" time="0.0"/>
  <testcase name="[253] state = Block{minecraft:dark_oak_wall_hanging_sign}[facing=north,waterlogged=false]" classname="org.bukkit.BlockDataConversionTest" time="0.0"/>
  <testcase name="[254] state = Block{minecraft:pale_oak_wall_hanging_sign}[facing=north,waterlogged=false]" classname="org.bukkit.BlockDataConversionTest" time="0.0"/>
  <testcase name="[255] state = Block{minecraft:mangrove_wall_hanging_sign}[facing=north,waterlogged=false]" classname="org.bukkit.BlockDataConversionTest" time="0.0"/>
  <testcase name="[256] state = Block{minecraft:crimson_wall_hanging_sign}[facing=north,waterlogged=false]" classname="org.bukkit.BlockDataConversionTest" time="0.0"/>
  <testcase name="[257] state = Block{minecraft:warped_wall_hanging_sign}[facing=north,waterlogged=false]" classname="org.bukkit.BlockDataConversionTest" time="0.0"/>
  <testcase name="[258] state = Block{minecraft:bamboo_wall_hanging_sign}[facing=north,waterlogged=false]" classname="org.bukkit.BlockDataConversionTest" time="0.0"/>
  <testcase name="[259] state = Block{minecraft:lever}[face=wall,facing=north,powered=false]" classname="org.bukkit.BlockDataConversionTest" time="0.0"/>
  <testcase name="[260] state = Block{minecraft:stone_pressure_plate}[powered=false]" classname="org.bukkit.BlockDataConversionTest" time="0.0"/>
  <testcase name="[261] state = Block{minecraft:iron_door}[facing=north,half=lower,hinge=left,open=false,powered=false]" classname="org.bukkit.BlockDataConversionTest" time="0.0"/>
  <testcase name="[262] state = Block{minecraft:oak_pressure_plate}[powered=false]" classname="org.bukkit.BlockDataConversionTest" time="0.0"/>
  <testcase name="[263] state = Block{minecraft:spruce_pressure_plate}[powered=false]" classname="org.bukkit.BlockDataConversionTest" time="0.0"/>
  <testcase name="[264] state = Block{minecraft:birch_pressure_plate}[powered=false]" classname="org.bukkit.BlockDataConversionTest" time="0.0"/>
  <testcase name="[265] state = Block{minecraft:jungle_pressure_plate}[powered=false]" classname="org.bukkit.BlockDataConversionTest" time="0.0"/>
  <testcase name="[266] state = Block{minecraft:acacia_pressure_plate}[powered=false]" classname="org.bukkit.BlockDataConversionTest" time="0.001"/>
  <testcase name="[267] state = Block{minecraft:cherry_pressure_plate}[powered=false]" classname="org.bukkit.BlockDataConversionTest" time="0.0"/>
  <testcase name="[268] state = Block{minecraft:dark_oak_pressure_plate}[powered=false]" classname="org.bukkit.BlockDataConversionTest" time="0.001"/>
  <testcase name="[269] state = Block{minecraft:pale_oak_pressure_plate}[powered=false]" classname="org.bukkit.BlockDataConversionTest" time="0.0"/>
  <testcase name="[270] state = Block{minecraft:mangrove_pressure_plate}[powered=false]" classname="org.bukkit.BlockDataConversionTest" time="0.0"/>
  <testcase name="[271] state = Block{minecraft:bamboo_pressure_plate}[powered=false]" classname="org.bukkit.BlockDataConversionTest" time="0.001"/>
  <testcase name="[272] state = Block{minecraft:redstone_ore}[lit=false]" classname="org.bukkit.BlockDataConversionTest" time="0.0"/>
  <testcase name="[273] state = Block{minecraft:deepslate_redstone_ore}[lit=false]" classname="org.bukkit.BlockDataConversionTest" time="0.0"/>
  <testcase name="[274] state = Block{minecraft:redstone_torch}[lit=true]" classname="org.bukkit.BlockDataConversionTest" time="0.0"/>
  <testcase name="[275] state = Block{minecraft:redstone_wall_torch}[facing=north,lit=true]" classname="org.bukkit.BlockDataConversionTest" time="0.0"/>
  <testcase name="[276] state = Block{minecraft:stone_button}[face=wall,facing=north,powered=false]" classname="org.bukkit.BlockDataConversionTest" time="0.0"/>
  <testcase name="[277] state = Block{minecraft:snow}[layers=1]" classname="org.bukkit.BlockDataConversionTest" time="0.0"/>
  <testcase name="[278] state = Block{minecraft:ice}" classname="org.bukkit.BlockDataConversionTest" time="0.0"/>
  <testcase name="[279] state = Block{minecraft:snow_block}" classname="org.bukkit.BlockDataConversionTest" time="0.001"/>
  <testcase name="[280] state = Block{minecraft:cactus}[age=0]" classname="org.bukkit.BlockDataConversionTest" time="0.0"/>
  <testcase name="[281] state = Block{minecraft:cactus_flower}" classname="org.bukkit.BlockDataConversionTest" time="0.0"/>
  <testcase name="[282] state = Block{minecraft:clay}" classname="org.bukkit.BlockDataConversionTest" time="0.0"/>
  <testcase name="[283] state = Block{minecraft:sugar_cane}[age=0]" classname="org.bukkit.BlockDataConversionTest" time="0.001"/>
  <testcase name="[284] state = Block{minecraft:jukebox}[has_record=false]" classname="org.bukkit.BlockDataConversionTest" time="0.0"/>
  <testcase name="[285] state = Block{minecraft:oak_fence}[east=false,north=false,south=false,waterlogged=false,west=false]" classname="org.bukkit.BlockDataConversionTest" time="0.0"/>
  <testcase name="[286] state = Block{minecraft:netherrack}" classname="org.bukkit.BlockDataConversionTest" time="0.0"/>
  <testcase name="[287] state = Block{minecraft:soul_sand}" classname="org.bukkit.BlockDataConversionTest" time="0.0"/>
  <testcase name="[288] state = Block{minecraft:soul_soil}" classname="org.bukkit.BlockDataConversionTest" time="0.0"/>
  <testcase name="[289] state = Block{minecraft:basalt}[axis=y]" classname="org.bukkit.BlockDataConversionTest" time="0.0"/>
  <testcase name="[290] state = Block{minecraft:polished_basalt}[axis=y]" classname="org.bukkit.BlockDataConversionTest" time="0.0"/>
  <testcase name="[291] state = Block{minecraft:soul_torch}" classname="org.bukkit.BlockDataConversionTest" time="0.0"/>
  <testcase name="[292] state = Block{minecraft:soul_wall_torch}[facing=north]" classname="org.bukkit.BlockDataConversionTest" time="0.0"/>
  <testcase name="[293] state = Block{minecraft:copper_torch}" classname="org.bukkit.BlockDataConversionTest" time="0.0"/>
  <testcase name="[294] state = Block{minecraft:copper_wall_torch}[facing=north]" classname="org.bukkit.BlockDataConversionTest" time="0.001"/>
  <testcase name="[295] state = Block{minecraft:glowstone}" classname="org.bukkit.BlockDataConversionTest" time="0.0"/>
  <testcase name="[296] state = Block{minecraft:nether_portal}[axis=x]" classname="org.bukkit.BlockDataConversionTest" time="0.001"/>
  <testcase name="[297] state = Block{minecraft:carved_pumpkin}[facing=north]" classname="org.bukkit.BlockDataConversionTest" time="0.0"/>
  <testcase name="[298] state = Block{minecraft:jack_o_lantern}[facing=north]" classname="org.bukkit.BlockDataConversionTest" time="0.0"/>
  <testcase name="[299] state = Block{minecraft:cake}[bites=0]" classname="org.bukkit.BlockDataConversionTest" time="0.0"/>
  <testcase name="[300] state = Block{minecraft:repeater}[delay=1,facing=north,locked=false,powered=false]" classname="org.bukkit.BlockDataConversionTest" time="0.0"/>
  <testcase name="[301] state = Block{minecraft:white_stained_glass}" classname="org.bukkit.BlockDataConversionTest" time="0.0"/>
  <testcase name="[302] state = Block{minecraft:orange_stained_glass}" classname="org.bukkit.BlockDataConversionTest" time="0.001"/>
  <testcase name="[303] state = Block{minecraft:magenta_stained_glass}" classname="org.bukkit.BlockDataConversionTest" time="0.0"/>
  <testcase name="[304] state = Block{minecraft:light_blue_stained_glass}" classname="org.bukkit.BlockDataConversionTest" time="0.001"/>
  <testcase name="[305] state = Block{minecraft:yellow_stained_glass}" classname="org.bukkit.BlockDataConversionTest" time="0.0"/>
  <testcase name="[306] state = Block{minecraft:lime_stained_glass}" classname="org.bukkit.BlockDataConversionTest" time="0.0"/>
  <testcase name="[307] state = Block{minecraft:pink_stained_glass}" classname="org.bukkit.BlockDataConversionTest" time="0.0"/>
  <testcase name="[308] state = Block{minecraft:gray_stained_glass}" classname="org.bukkit.BlockDataConversionTest" time="0.0"/>
  <testcase name="[309] state = Block{minecraft:light_gray_stained_glass}" classname="org.bukkit.BlockDataConversionTest" time="0.0"/>
  <testcase name="[310] state = Block{minecraft:cyan_stained_glass}" classname="org.bukkit.BlockDataConversionTest" time="0.0"/>
  <testcase name="[311] state = Block{minecraft:purple_stained_glass}" classname="org.bukkit.BlockDataConversionTest" time="0.001"/>
  <testcase name="[312] state = Block{minecraft:blue_stained_glass}" classname="org.bukkit.BlockDataConversionTest" time="0.0"/>
  <testcase name="[313] state = Block{minecraft:brown_stained_glass}" classname="org.bukkit.BlockDataConversionTest" time="0.0"/>
  <testcase name="[314] state = Block{minecraft:green_stained_glass}" classname="org.bukkit.BlockDataConversionTest" time="0.0"/>
  <testcase name="[315] state = Block{minecraft:red_stained_glass}" classname="org.bukkit.BlockDataConversionTest" time="0.0"/>
  <testcase name="[316] state = Block{minecraft:black_stained_glass}" classname="org.bukkit.BlockDataConversionTest" time="0.0"/>
  <testcase name="[317] state = Block{minecraft:oak_trapdoor}[facing=north,half=bottom,open=false,powered=false,waterlogged=false]" classname="org.bukkit.BlockDataConversionTest" time="0.0"/>
  <testcase name="[318] state = Block{minecraft:spruce_trapdoor}[facing=north,half=bottom,open=false,powered=false,waterlogged=false]" classname="org.bukkit.BlockDataConversionTest" time="0.0"/>
  <testcase name="[319] state = Block{minecraft:birch_trapdoor}[facing=north,half=bottom,open=false,powered=false,waterlogged=false]" classname="org.bukkit.BlockDataConversionTest" time="0.001"/>
  <testcase name="[320] state = Block{minecraft:jungle_trapdoor}[facing=north,half=bottom,open=false,powered=false,waterlogged=false]" classname="org.bukkit.BlockDataConversionTest" time="0.0"/>
  <testcase name="[321] state = Block{minecraft:acacia_trapdoor}[facing=north,half=bottom,open=false,powered=false,waterlogged=false]" classname="org.bukkit.BlockDataConversionTest" time="0.0"/>
  <testcase name="[322] state = Block{minecraft:cherry_trapdoor}[facing=north,half=bottom,open=false,powered=false,waterlogged=false]" classname="org.bukkit.BlockDataConversionTest" time="0.001"/>
  <testcase name="[323] state = Block{minecraft:dark_oak_trapdoor}[facing=north,half=bottom,open=false,powered=false,waterlogged=false]" classname="org.bukkit.BlockDataConversionTest" time="0.0"/>
  <testcase name="[324] state = Block{minecraft:pale_oak_trapdoor}[facing=north,half=bottom,open=false,powered=false,waterlogged=false]" classname="org.bukkit.BlockDataConversionTest" time="0.001"/>
  <testcase name="[325] state = Block{minecraft:mangrove_trapdoor}[facing=north,half=bottom,open=false,powered=false,waterlogged=false]" classname="org.bukkit.BlockDataConversionTest" time="0.0"/>
  <testcase name="[326] state = Block{minecraft:bamboo_trapdoor}[facing=north,half=bottom,open=false,powered=false,waterlogged=false]" classname="org.bukkit.BlockDataConversionTest" time="0.001"/>
  <testcase name="[327] state = Block{minecraft:stone_bricks}" classname="org.bukkit.BlockDataConversionTest" time="0.0"/>
  <testcase name="[328] state = Block{minecraft:mossy_stone_bricks}" classname="org.bukkit.BlockDataConversionTest" time="0.0"/>
  <testcase name="[329] state = Block{minecraft:cracked_stone_bricks}" classname="org.bukkit.BlockDataConversionTest" time="0.0"/>
  <testcase name="[330] state = Block{minecraft:chiseled_stone_bricks}" classname="org.bukkit.BlockDataConversionTest" time="0.0"/>
  <testcase name="[331] state = Block{minecraft:packed_mud}" classname="org.bukkit.BlockDataConversionTest" time="0.0"/>
  <testcase name="[332] state = Block{minecraft:mud_bricks}" classname="org.bukkit.BlockDataConversionTest" time="0.0"/>
  <testcase name="[333] state = Block{minecraft:infested_stone}" classname="org.bukkit.BlockDataConversionTest" time="0.0"/>
  <testcase name="[334] state = Block{minecraft:infested_cobblestone}" classname="org.bukkit.BlockDataConversionTest" time="0.0"/>
  <testcase name="[335] state = Block{minecraft:infested_stone_bricks}" classname="org.bukkit.BlockDataConversionTest" time="0.0"/>
  <testcase name="[336] state = Block{minecraft:infested_mossy_stone_bricks}" classname="org.bukkit.BlockDataConversionTest" time="0.0"/>
  <testcase name="[337] state = Block{minecraft:infested_cracked_stone_bricks}" classname="org.bukkit.BlockDataConversionTest" time="0.001"/>
  <testcase name="[338] state = Block{minecraft:infested_chiseled_stone_bricks}" classname="org.bukkit.BlockDataConversionTest" time="0.0"/>
  <testcase name="[339] state = Block{minecraft:brown_mushroom_block}[down=true,east=true,north=true,south=true,up=true,west=true]" classname="org.bukkit.BlockDataConversionTest" time="0.0"/>
  <testcase name="[340] state = Block{minecraft:red_mushroom_block}[down=true,east=true,north=true,south=true,up=true,west=true]" classname="org.bukkit.BlockDataConversionTest" time="0.0"/>
  <testcase name="[341] state = Block{minecraft:mushroom_stem}[down=true,east=true,north=true,south=true,up=true,west=true]" classname="org.bukkit.BlockDataConversionTest" time="0.0"/>
  <testcase name="[342] state = Block{minecraft:iron_bars}[east=false,north=false,south=false,waterlogged=false,west=false]" classname="org.bukkit.BlockDataConversionTest" time="0.0"/>
  <testcase name="[343] state = Block{minecraft:copper_bars}[east=false,north=false,south=false,waterlogged=false,west=false]" classname="org.bukkit.BlockDataConversionTest" time="0.0"/>
  <testcase name="[344] state = Block{minecraft:exposed_copper_bars}[east=false,north=false,south=false,waterlogged=false,west=false]" classname="org.bukkit.BlockDataConversionTest" time="0.0"/>
  <testcase name="[345] state = Block{minecraft:weathered_copper_bars}[east=false,north=false,south=false,waterlogged=false,west=false]" classname="org.bukkit.BlockDataConversionTest" time="0.0"/>
  <testcase name="[346] state = Block{minecraft:oxidized_copper_bars}[east=false,north=false,south=false,waterlogged=false,west=false]" classname="org.bukkit.BlockDataConversionTest" time="0.0"/>
  <testcase name="[347] state = Block{minecraft:waxed_copper_bars}[east=false,north=false,south=false,waterlogged=false,west=false]" classname="org.bukkit.BlockDataConversionTest" time="0.0"/>
  <testcase name="[348] state = Block{minecraft:waxed_exposed_copper_bars}[east=false,north=false,south=false,waterlogged=false,west=false]" classname="org.bukkit.BlockDataConversionTest" time="0.0"/>
  <testcase name="[349] state = Block{minecraft:waxed_weathered_copper_bars}[east=false,north=false,south=false,waterlogged=false,west=false]" classname="org.bukkit.BlockDataConversionTest" time="0.0"/>
  <testcase name="[350] state = Block{minecraft:waxed_oxidized_copper_bars}[east=false,north=false,south=false,waterlogged=false,west=false]" classname="org.bukkit.BlockDataConversionTest" time="0.0"/>
  <testcase name="[351] state = Block{minecraft:iron_chain}[axis=y,waterlogged=false]" classname="org.bukkit.BlockDataConversionTest" time="0.0"/>
  <testcase name="[352] state = Block{minecraft:copper_chain}[axis=y,waterlogged=false]" classname="org.bukkit.BlockDataConversionTest" time="0.0"/>
  <testcase name="[353] state = Block{minecraft:exposed_copper_chain}[axis=y,waterlogged=false]" classname="org.bukkit.BlockDataConversionTest" time="0.0"/>
  <testcase name="[354] state = Block{minecraft:weathered_copper_chain}[axis=y,waterlogged=false]" classname="org.bukkit.BlockDataConversionTest" time="0.0"/>
  <testcase name="[355] state = Block{minecraft:oxidized_copper_chain}[axis=y,waterlogged=false]" classname="org.bukkit.BlockDataConversionTest" time="0.001"/>
  <testcase name="[356] state = Block{minecraft:waxed_copper_chain}[axis=y,waterlogged=false]" classname="org.bukkit.BlockDataConversionTest" time="0.0"/>
  <testcase name="[357] state = Block{minecraft:waxed_exposed_copper_chain}[axis=y,waterlogged=false]" classname="org.bukkit.BlockDataConversionTest" time="0.001"/>
  <testcase name="[358] state = Block{minecraft:waxed_weathered_copper_chain}[axis=y,waterlogged=false]" classname="org.bukkit.BlockDataConversionTest" time="0.0"/>
  <testcase name="[359] state = Block{minecraft:waxed_oxidized_copper_chain}[axis=y,waterlogged=false]" classname="org.bukkit.BlockDataConversionTest" time="0.001"/>
  <testcase name="[360] state = Block{minecraft:glass_pane}[east=false,north=false,south=false,waterlogged=false,west=false]" classname="org.bukkit.BlockDataConversionTest" time="0.0"/>
  <testcase name="[361] state = Block{minecraft:pumpkin}" classname="org.bukkit.BlockDataConversionTest" time="0.0"/>
  <testcase name="[362] state = Block{minecraft:melon}" classname="org.bukkit.BlockDataConversionTest" time="0.0"/>
  <testcase name="[363] state = Block{minecraft:attached_pumpkin_stem}[facing=north]" classname="org.bukkit.BlockDataConversionTest" time="0.0"/>
  <testcase name="[364] state = Block{minecraft:attached_melon_stem}[facing=north]" classname="org.bukkit.BlockDataConversionTest" time="0.0"/>
  <testcase name="[365] state = Block{minecraft:pumpkin_stem}[age=0]" classname="org.bukkit.BlockDataConversionTest" time="0.0"/>
  <testcase name="[366] state = Block{minecraft:melon_stem}[age=0]" classname="org.bukkit.BlockDataConversionTest" time="0.001"/>
  <testcase name="[367] state = Block{minecraft:vine}[east=false,north=false,south=false,up=false,west=false]" classname="org.bukkit.BlockDataConversionTest" time="0.0"/>
  <testcase name="[368] state = Block{minecraft:glow_lichen}[down=false,east=false,north=false,south=false,up=false,waterlogged=false,west=false]" classname="org.bukkit.BlockDataConversionTest" time="0.001"/>
  <testcase name="[369] state = Block{minecraft:resin_clump}[down=false,east=false,north=false,south=false,up=false,waterlogged=false,west=false]" classname="org.bukkit.BlockDataConversionTest" time="0.0"/>
  <testcase name="[370] state = Block{minecraft:oak_fence_gate}[facing=north,in_wall=false,open=false,powered=false]" classname="org.bukkit.BlockDataConversionTest" time="0.0"/>
  <testcase name="[371] state = Block{minecraft:brick_stairs}[facing=north,half=bottom,shape=straight,waterlogged=false]" classname="org.bukkit.BlockDataConversionTest" time="0.0"/>
  <testcase name="[372] state = Block{minecraft:stone_brick_stairs}[facing=north,half=bottom,shape=straight,waterlogged=false]" classname="org.bukkit.BlockDataConversionTest" time="0.001"/>
  <testcase name="[373] state = Block{minecraft:mud_brick_stairs}[facing=north,half=bottom,shape=straight,waterlogged=false]" classname="org.bukkit.BlockDataConversionTest" time="0.0"/>
  <testcase name="[374] state = Block{minecraft:mycelium}[snowy=false]" classname="org.bukkit.BlockDataConversionTest" time="0.001"/>
  <testcase name="[375] state = Block{minecraft:lily_pad}" classname="org.bukkit.BlockDataConversionTest" time="0.0"/>
  <testcase name="[376] state = Block{minecraft:resin_block}" classname="org.bukkit.BlockDataConversionTest" time="0.001"/>
  <testcase name="[377] state = Block{minecraft:resin_bricks}" classname="org.bukkit.BlockDataConversionTest" time="0.0"/>
  <testcase name="[378] state = Block{minecraft:resin_brick_stairs}[facing=north,half=bottom,shape=straight,waterlogged=false]" classname="org.bukkit.BlockDataConversionTest" time="0.0"/>
  <testcase name="[379] state = Block{minecraft:resin_brick_slab}[type=bottom,waterlogged=false]" classname="org.bukkit.BlockDataConversionTest" time="0.0"/>
  <testcase name="[380] state = Block{minecraft:resin_brick_wall}[east=none,north=none,south=none,up=true,waterlogged=false,west=none]" classname="org.bukkit.BlockDataConversionTest" time="0.0"/>
  <testcase name="[381] state = Block{minecraft:chiseled_resin_bricks}" classname="org.bukkit.BlockDataConversionTest" time="0.0"/>
  <testcase name="[382] state = Block{minecraft:nether_bricks}" classname="org.bukkit.BlockDataConversionTest" time="0.0"/>
  <testcase name="[383] state = Block{minecraft:nether_brick_fence}[east=false,north=false,south=false,waterlogged=false,west=false]" classname="org.bukkit.BlockDataConversionTest" time="0.001"/>
  <testcase name="[384] state = Block{minecraft:nether_brick_stairs}[facing=north,half=bottom,shape=straight,waterlogged=false]" classname="org.bukkit.BlockDataConversionTest" time="0.0"/>
  <testcase name="[385] state = Block{minecraft:nether_wart}[age=0]" classname="org.bukkit.BlockDataConversionTest" time="0.001"/>
  <testcase name="[386] state = Block{minecraft:enchanting_table}" classname="org.bukkit.BlockDataConversionTest" time="0.0"/>
  <testcase name="[387] state = Block{minecraft:brewing_stand}[has_bottle_0=false,has_bottle_1=false,has_bottle_2=false]" classname="org.bukkit.BlockDataConversionTest" time="0.001"/>
  <testcase name="[388] state = Block{minecraft:cauldron}" classname="org.bukkit.BlockDataConversionTest" time="0.0"/>
  <testcase name="[389] state = Block{minecraft:water_cauldron}[level=1]" classname="org.bukkit.BlockDataConversionTest" time="0.001"/>
  <testcase name="[390] state = Block{minecraft:lava_cauldron}" classname="org.bukkit.BlockDataConversionTest" time="0.0"/>
  <testcase name="[391] state = Block{minecraft:powder_snow_cauldron}[level=1]" classname="org.bukkit.BlockDataConversionTest" time="0.0"/>
  <testcase name="[392] state = Block{minecraft:end_portal}" classname="org.bukkit.BlockDataConversionTest" time="0.0"/>
  <testcase name="[393] state = Block{minecraft:end_portal_frame}[eye=false,facing=north]" classname="org.bukkit.BlockDataConversionTest" time="0.001"/>
  <testcase name="[394] state = Block{minecraft:end_stone}" classname="org.bukkit.BlockDataConversionTest" time="0.0"/>
  <testcase name="[395] state = Block{minecraft:dragon_egg}" classname="org.bukkit.BlockDataConversionTest" time="0.0"/>
  <testcase name="[396] state = Block{minecraft:redstone_lamp}[lit=false]" classname="org.bukkit.BlockDataConversionTest" time="0.0"/>
  <testcase name="[397] state = Block{minecraft:cocoa}[age=0,facing=north]" classname="org.bukkit.BlockDataConversionTest" time="0.0"/>
  <testcase name="[398] state = Block{minecraft:sandstone_stairs}[facing=north,half=bottom,shape=straight,waterlogged=false]" classname="org.bukkit.BlockDataConversionTest" time="0.0"/>
  <testcase name="[399] state = Block{minecraft:emerald_ore}" classname="org.bukkit.BlockDataConversionTest" time="0.0"/>
  <testcase name="[400] state = Block{minecraft:deepslate_emerald_ore}" classname="org.bukkit.BlockDataConversionTest" time="0.0"/>
  <testcase name="[401] state = Block{minecraft:ender_chest}[facing=north,waterlogged=false]" classname="org.bukkit.BlockDataConversionTest" time="0.0"/>
  <testcase name="[402] state = Block{minecraft:tripwire_hook}[attached=false,facing=north,powered=false]" classname="org.bukkit.BlockDataConversionTest" time="0.001"/>
  <testcase name="[403] state = Block{minecraft:tripwire}[attached=false,disarmed=false,east=false,north=false,powered=false,south=false,west=false]" classname="org.bukkit.BlockDataConversionTest" time="0.002"/>
  <testcase name="[404] state = Block{minecraft:emerald_block}" classname="org.bukkit.BlockDataConversionTest" time="0.0"/>
  <testcase name="[405] state = Block{minecraft:spruce_stairs}[facing=north,half=bottom,shape=straight,waterlogged=false]" classname="org.bukkit.BlockDataConversionTest" time="0.001"/>
  <testcase name="[406] state = Block{minecraft:birch_stairs}[facing=north,half=bottom,shape=straight,waterlogged=false]" classname="org.bukkit.BlockDataConversionTest" time="0.0"/>
  <testcase name="[407] state = Block{minecraft:jungle_stairs}[facing=north,half=bottom,shape=straight,waterlogged=false]" classname="org.bukkit.BlockDataConversionTest" time="0.0"/>
  <testcase name="[408] state = Block{minecraft:command_block}[conditional=false,facing=north]" classname="org.bukkit.BlockDataConversionTest" time="0.0"/>
  <testcase name="[409] state = Block{minecraft:beacon}" classname="org.bukkit.BlockDataConversionTest" time="0.001"/>
  <testcase name="[410] state = Block{minecraft:cobblestone_wall}[east=none,north=none,south=none,up=true,waterlogged=false,west=none]" classname="org.bukkit.BlockDataConversionTest" time="0.0"/>
  <testcase name="[411] state = Block{minecraft:mossy_cobblestone_wall}[east=none,north=none,south=none,up=true,waterlogged=false,west=none]" classname="org.bukkit.BlockDataConversionTest" time="0.001"/>
  <testcase name="[412] state = Block{minecraft:flower_pot}" classname="org.bukkit.BlockDataConversionTest" time="0.0"/>
  <testcase name="[413] state = Block{minecraft:potted_torchflower}" classname="org.bukkit.BlockDataConversionTest" time="0.0"/>
  <testcase name="[414] state = Block{minecraft:potted_oak_sapling}" classname="org.bukkit.BlockDataConversionTest" time="0.0"/>
  <testcase name="[415] state = Block{minecraft:potted_spruce_sapling}" classname="org.bukkit.BlockDataConversionTest" time="0.0"/>
  <testcase name="[416] state = Block{minecraft:potted_birch_sapling}" classname="org.bukkit.BlockDataConversionTest" time="0.0"/>
  <testcase name="[417] state = Block{minecraft:potted_jungle_sapling}" classname="org.bukkit.BlockDataConversionTest" time="0.0"/>
  <testcase name="[418] state = Block{minecraft:potted_acacia_sapling}" classname="org.bukkit.BlockDataConversionTest" time="0.0"/>
  <testcase name="[419] state = Block{minecraft:potted_cherry_sapling}" classname="org.bukkit.BlockDataConversionTest" time="0.0"/>
  <testcase name="[420] state = Block{minecraft:potted_dark_oak_sapling}" classname="org.bukkit.BlockDataConversionTest" time="0.0"/>
  <testcase name="[421] state = Block{minecraft:potted_pale_oak_sapling}" classname="org.bukkit.BlockDataConversionTest" time="0.0"/>
  <testcase name="[422] state = Block{minecraft:potted_mangrove_propagule}" classname="org.bukkit.BlockDataConversionTest" time="0.0"/>
  <testcase name="[423] state = Block{minecraft:potted_fern}" classname="org.bukkit.BlockDataConversionTest" time="0.0"/>
  <testcase name="[424] state = Block{minecraft:potted_dandelion}" classname="org.bukkit.BlockDataConversionTest" time="0.0"/>
  <testcase name="[425] state = Block{minecraft:potted_golden_dandelion}" classname="org.bukkit.BlockDataConversionTest" time="0.0"/>
  <testcase name="[426] state = Block{minecraft:potted_poppy}" classname="org.bukkit.BlockDataConversionTest" time="0.0"/>
  <testcase name="[427] state = Block{minecraft:potted_blue_orchid}" classname="org.bukkit.BlockDataConversionTest" time="0.0"/>
  <testcase name="[428] state = Block{minecraft:potted_allium}" classname="org.bukkit.BlockDataConversionTest" time="0.001"/>
  <testcase name="[429] state = Block{minecraft:potted_azure_bluet}" classname="org.bukkit.BlockDataConversionTest" time="0.0"/>
  <testcase name="[430] state = Block{minecraft:potted_red_tulip}" classname="org.bukkit.BlockDataConversionTest" time="0.0"/>
  <testcase name="[431] state = Block{minecraft:potted_orange_tulip}" classname="org.bukkit.BlockDataConversionTest" time="0.0"/>
  <testcase name="[432] state = Block{minecraft:potted_white_tulip}" classname="org.bukkit.BlockDataConversionTest" time="0.0"/>
  <testcase name="[433] state = Block{minecraft:potted_pink_tulip}" classname="org.bukkit.BlockDataConversionTest" time="0.001"/>
  <testcase name="[434] state = Block{minecraft:potted_oxeye_daisy}" classname="org.bukkit.BlockDataConversionTest" time="0.0"/>
  <testcase name="[435] state = Block{minecraft:potted_cornflower}" classname="org.bukkit.BlockDataConversionTest" time="0.001"/>
  <testcase name="[436] state = Block{minecraft:potted_lily_of_the_valley}" classname="org.bukkit.BlockDataConversionTest" time="0.0"/>
  <testcase name="[437] state = Block{minecraft:potted_wither_rose}" classname="org.bukkit.BlockDataConversionTest" time="0.0"/>
  <testcase name="[438] state = Block{minecraft:potted_red_mushroom}" classname="org.bukkit.BlockDataConversionTest" time="0.0"/>
  <testcase name="[439] state = Block{minecraft:potted_brown_mushroom}" classname="org.bukkit.BlockDataConversionTest" time="0.001"/>
  <testcase name="[440] state = Block{minecraft:potted_dead_bush}" classname="org.bukkit.BlockDataConversionTest" time="0.0"/>
  <testcase name="[441] state = Block{minecraft:potted_cactus}" classname="org.bukkit.BlockDataConversionTest" time="0.0"/>
  <testcase name="[442] state = Block{minecraft:carrots}[age=0]" classname="org.bukkit.BlockDataConversionTest" time="0.0"/>
  <testcase name="[443] state = Block{minecraft:potatoes}[age=0]" classname="org.bukkit.BlockDataConversionTest" time="0.0"/>
  <testcase name="[444] state = Block{minecraft:oak_button}[face=wall,facing=north,powered=false]" classname="org.bukkit.BlockDataConversionTest" time="0.0"/>
  <testcase name="[445] state = Block{minecraft:spruce_button}[face=wall,facing=north,powered=false]" classname="org.bukkit.BlockDataConversionTest" time="0.0"/>
  <testcase name="[446] state = Block{minecraft:birch_button}[face=wall,facing=north,powered=false]" classname="org.bukkit.BlockDataConversionTest" time="0.001"/>
  <testcase name="[447] state = Block{minecraft:jungle_button}[face=wall,facing=north,powered=false]" classname="org.bukkit.BlockDataConversionTest" time="0.0"/>
  <testcase name="[448] state = Block{minecraft:acacia_button}[face=wall,facing=north,powered=false]" classname="org.bukkit.BlockDataConversionTest" time="0.001"/>
  <testcase name="[449] state = Block{minecraft:cherry_button}[face=wall,facing=north,powered=false]" classname="org.bukkit.BlockDataConversionTest" time="0.0"/>
  <testcase name="[450] state = Block{minecraft:dark_oak_button}[face=wall,facing=north,powered=false]" classname="org.bukkit.BlockDataConversionTest" time="0.0"/>
  <testcase name="[451] state = Block{minecraft:pale_oak_button}[face=wall,facing=north,powered=false]" classname="org.bukkit.BlockDataConversionTest" time="0.0"/>
  <testcase name="[452] state = Block{minecraft:mangrove_button}[face=wall,facing=north,powered=false]" classname="org.bukkit.BlockDataConversionTest" time="0.0"/>
  <testcase name="[453] state = Block{minecraft:bamboo_button}[face=wall,facing=north,powered=false]" classname="org.bukkit.BlockDataConversionTest" time="0.0"/>
  <testcase name="[454] state = Block{minecraft:skeleton_skull}[powered=false,rotation=0]" classname="org.bukkit.BlockDataConversionTest" time="0.0"/>
  <testcase name="[455] state = Block{minecraft:skeleton_wall_skull}[facing=north,powered=false]" classname="org.bukkit.BlockDataConversionTest" time="0.0"/>
  <testcase name="[456] state = Block{minecraft:wither_skeleton_skull}[powered=false,rotation=0]" classname="org.bukkit.BlockDataConversionTest" time="0.0"/>
  <testcase name="[457] state = Block{minecraft:wither_skeleton_wall_skull}[facing=north,powered=false]" classname="org.bukkit.BlockDataConversionTest" time="0.0"/>
  <testcase name="[458] state = Block{minecraft:zombie_head}[powered=false,rotation=0]" classname="org.bukkit.BlockDataConversionTest" time="0.0"/>
  <testcase name="[459] state = Block{minecraft:zombie_wall_head}[facing=north,powered=false]" classname="org.bukkit.BlockDataConversionTest" time="0.0"/>
  <testcase name="[460] state = Block{minecraft:player_head}[powered=false,rotation=0]" classname="org.bukkit.BlockDataConversionTest" time="0.0"/>
  <testcase name="[461] state = Block{minecraft:player_wall_head}[facing=north,powered=false]" classname="org.bukkit.BlockDataConversionTest" time="0.0"/>
  <testcase name="[462] state = Block{minecraft:creeper_head}[powered=false,rotation=0]" classname="org.bukkit.BlockDataConversionTest" time="0.0"/>
  <testcase name="[463] state = Block{minecraft:creeper_wall_head}[facing=north,powered=false]" classname="org.bukkit.BlockDataConversionTest" time="0.0"/>
  <testcase name="[464] state = Block{minecraft:dragon_head}[powered=false,rotation=0]" classname="org.bukkit.BlockDataConversionTest" time="0.0"/>
  <testcase name="[465] state = Block{minecraft:dragon_wall_head}[facing=north,powered=false]" classname="org.bukkit.BlockDataConversionTest" time="0.001"/>
  <testcase name="[466] state = Block{minecraft:piglin_head}[powered=false,rotation=0]" classname="org.bukkit.BlockDataConversionTest" time="0.0"/>
  <testcase name="[467] state = Block{minecraft:piglin_wall_head}[facing=north,powered=false]" classname="org.bukkit.BlockDataConversionTest" time="0.001"/>
  <testcase name="[468] state = Block{minecraft:anvil}[facing=north]" classname="org.bukkit.BlockDataConversionTest" time="0.0"/>
  <testcase name="[469] state = Block{minecraft:chipped_anvil}[facing=north]" classname="org.bukkit.BlockDataConversionTest" time="0.001"/>
  <testcase name="[470] state = Block{minecraft:damaged_anvil}[facing=north]" classname="org.bukkit.BlockDataConversionTest" time="0.0"/>
  <testcase name="[471] state = Block{minecraft:trapped_chest}[facing=north,type=single,waterlogged=false]" classname="org.bukkit.BlockDataConversionTest" time="0.001"/>
  <testcase name="[472] state = Block{minecraft:light_weighted_pressure_plate}[power=0]" classname="org.bukkit.BlockDataConversionTest" time="0.0"/>
  <testcase name="[473] state = Block{minecraft:heavy_weighted_pressure_plate}[power=0]" classname="org.bukkit.BlockDataConversionTest" time="0.001"/>
  <testcase name="[474] state = Block{minecraft:comparator}[facing=north,mode=compare,powered=false]" classname="org.bukkit.BlockDataConversionTest" time="0.0"/>
  <testcase name="[475] state = Block{minecraft:daylight_detector}[inverted=false,power=0]" classname="org.bukkit.BlockDataConversionTest" time="0.001"/>
  <testcase name="[476] state = Block{minecraft:redstone_block}" classname="org.bukkit.BlockDataConversionTest" time="0.0"/>
  <testcase name="[477] state = Block{minecraft:nether_quartz_ore}" classname="org.bukkit.BlockDataConversionTest" time="0.0"/>
  <testcase name="[478] state = Block{minecraft:hopper}[enabled=true,facing=down]" classname="org.bukkit.BlockDataConversionTest" time="0.0"/>
  <testcase name="[479] state = Block{minecraft:quartz_block}" classname="org.bukkit.BlockDataConversionTest" time="0.0"/>
  <testcase name="[480] state = Block{minecraft:chiseled_quartz_block}" classname="org.bukkit.BlockDataConversionTest" time="0.001"/>
  <testcase name="[481] state = Block{minecraft:quartz_pillar}[axis=y]" classname="org.bukkit.BlockDataConversionTest" time="0.0"/>
  <testcase name="[482] state = Block{minecraft:quartz_stairs}[facing=north,half=bottom,shape=straight,waterlogged=false]" classname="org.bukkit.BlockDataConversionTest" time="0.0"/>
  <testcase name="[483] state = Block{minecraft:activator_rail}[powered=false,shape=north_south,waterlogged=false]" classname="org.bukkit.BlockDataConversionTest" time="0.0"/>
  <testcase name="[484] state = Block{minecraft:dropper}[facing=north,triggered=false]" classname="org.bukkit.BlockDataConversionTest" time="0.0"/>
  <testcase name="[485] state = Block{minecraft:white_terracotta}" classname="org.bukkit.BlockDataConversionTest" time="0.001"/>
  <testcase name="[486] state = Block{minecraft:orange_terracotta}" classname="org.bukkit.BlockDataConversionTest" time="0.0"/>
  <testcase name="[487] state = Block{minecraft:magenta_terracotta}" classname="org.bukkit.BlockDataConversionTest" time="0.0"/>
  <testcase name="[488] state = Block{minecraft:light_blue_terracotta}" classname="org.bukkit.BlockDataConversionTest" time="0.0"/>
  <testcase name="[489] state = Block{minecraft:yellow_terracotta}" classname="org.bukkit.BlockDataConversionTest" time="0.0"/>
  <testcase name="[490] state = Block{minecraft:lime_terracotta}" classname="org.bukkit.BlockDataConversionTest" time="0.001"/>
  <testcase name="[491] state = Block{minecraft:pink_terracotta}" classname="org.bukkit.BlockDataConversionTest" time="0.0"/>
  <testcase name="[492] state = Block{minecraft:gray_terracotta}" classname="org.bukkit.BlockDataConversionTest" time="0.001"/>
  <testcase name="[493] state = Block{minecraft:light_gray_terracotta}" classname="org.bukkit.BlockDataConversionTest" time="0.0"/>
  <testcase name="[494] state = Block{minecraft:cyan_terracotta}" classname="org.bukkit.BlockDataConversionTest" time="0.0"/>
  <testcase name="[495] state = Block{minecraft:purple_terracotta}" classname="org.bukkit.BlockDataConversionTest" time="0.0"/>
  <testcase name="[496] state = Block{minecraft:blue_terracotta}" classname="org.bukkit.BlockDataConversionTest" time="0.0"/>
  <testcase name="[497] state = Block{minecraft:brown_terracotta}" classname="org.bukkit.BlockDataConversionTest" time="0.0"/>
  <testcase name="[498] state = Block{minecraft:green_terracotta}" classname="org.bukkit.BlockDataConversionTest" time="0.0"/>
  <testcase name="[499] state = Block{minecraft:red_terracotta}" classname="org.bukkit.BlockDataConversionTest" time="0.0"/>
  <testcase name="[500] state = Block{minecraft:black_terracotta}" classname="org.bukkit.BlockDataConversionTest" time="0.0"/>
  <testcase name="[501] state = Block{minecraft:white_stained_glass_pane}[east=false,north=false,south=false,waterlogged=false,west=false]" classname="org.bukkit.BlockDataConversionTest" time="0.0"/>
  <testcase name="[502] state = Block{minecraft:orange_stained_glass_pane}[east=false,north=false,south=false,waterlogged=false,west=false]" classname="org.bukkit.BlockDataConversionTest" time="0.0"/>
  <testcase name="[503] state = Block{minecraft:magenta_stained_glass_pane}[east=false,north=false,south=false,waterlogged=false,west=false]" classname="org.bukkit.BlockDataConversionTest" time="0.0"/>
  <testcase name="[504] state = Block{minecraft:light_blue_stained_glass_pane}[east=false,north=false,south=false,waterlogged=false,west=false]" classname="org.bukkit.BlockDataConversionTest" time="0.0"/>
  <testcase name="[505] state = Block{minecraft:yellow_stained_glass_pane}[east=false,north=false,south=false,waterlogged=false,west=false]" classname="org.bukkit.BlockDataConversionTest" time="0.001"/>
  <testcase name="[506] state = Block{minecraft:lime_stained_glass_pane}[east=false,north=false,south=false,waterlogged=false,west=false]" classname="org.bukkit.BlockDataConversionTest" time="0.0"/>
  <testcase name="[507] state = Block{minecraft:pink_stained_glass_pane}[east=false,north=false,south=false,waterlogged=false,west=false]" classname="org.bukkit.BlockDataConversionTest" time="0.001"/>
  <testcase name="[508] state = Block{minecraft:gray_stained_glass_pane}[east=false,north=false,south=false,waterlogged=false,west=false]" classname="org.bukkit.BlockDataConversionTest" time="0.001"/>
  <testcase name="[509] state = Block{minecraft:light_gray_stained_glass_pane}[east=false,north=false,south=false,waterlogged=false,west=false]" classname="org.bukkit.BlockDataConversionTest" time="0.0"/>
  <testcase name="[510] state = Block{minecraft:cyan_stained_glass_pane}[east=false,north=false,south=false,waterlogged=false,west=false]" classname="org.bukkit.BlockDataConversionTest" time="0.0"/>
  <testcase name="[511] state = Block{minecraft:purple_stained_glass_pane}[east=false,north=false,south=false,waterlogged=false,west=false]" classname="org.bukkit.BlockDataConversionTest" time="0.001"/>
  <testcase name="[512] state = Block{minecraft:blue_stained_glass_pane}[east=false,north=false,south=false,waterlogged=false,west=false]" classname="org.bukkit.BlockDataConversionTest" time="0.0"/>
  <testcase name="[513] state = Block{minecraft:brown_stained_glass_pane}[east=false,north=false,south=false,waterlogged=false,west=false]" classname="org.bukkit.BlockDataConversionTest" time="0.0"/>
  <testcase name="[514] state = Block{minecraft:green_stained_glass_pane}[east=false,north=false,south=false,waterlogged=false,west=false]" classname="org.bukkit.BlockDataConversionTest" time="0.004"/>
  <testcase name="[515] state = Block{minecraft:red_stained_glass_pane}[east=false,north=false,south=false,waterlogged=false,west=false]" classname="org.bukkit.BlockDataConversionTest" time="0.001"/>
  <testcase name="[516] state = Block{minecraft:black_stained_glass_pane}[east=false,north=false,south=false,waterlogged=false,west=false]" classname="org.bukkit.BlockDataConversionTest" time="0.0"/>
  <testcase name="[517] state = Block{minecraft:acacia_stairs}[facing=north,half=bottom,shape=straight,waterlogged=false]" classname="org.bukkit.BlockDataConversionTest" time="0.001"/>
  <testcase name="[518] state = Block{minecraft:cherry_stairs}[facing=north,half=bottom,shape=straight,waterlogged=false]" classname="org.bukkit.BlockDataConversionTest" time="0.0"/>
  <testcase name="[519] state = Block{minecraft:dark_oak_stairs}[facing=north,half=bottom,shape=straight,waterlogged=false]" classname="org.bukkit.BlockDataConversionTest" time="0.001"/>
  <testcase name="[520] state = Block{minecraft:pale_oak_stairs}[facing=north,half=bottom,shape=straight,waterlogged=false]" classname="org.bukkit.BlockDataConversionTest" time="0.0"/>
  <testcase name="[521] state = Block{minecraft:mangrove_stairs}[facing=north,half=bottom,shape=straight,waterlogged=false]" classname="org.bukkit.BlockDataConversionTest" time="0.001"/>
  <testcase name="[522] state = Block{minecraft:bamboo_stairs}[facing=north,half=bottom,shape=straight,waterlogged=false]" classname="org.bukkit.BlockDataConversionTest" time="0.0"/>
  <testcase name="[523] state = Block{minecraft:bamboo_mosaic_stairs}[facing=north,half=bottom,shape=straight,waterlogged=false]" classname="org.bukkit.BlockDataConversionTest" time="0.0"/>
  <testcase name="[524] state = Block{minecraft:slime_block}" classname="org.bukkit.BlockDataConversionTest" time="0.001"/>
  <testcase name="[525] state = Block{minecraft:barrier}[waterlogged=false]" classname="org.bukkit.BlockDataConversionTest" time="0.0"/>
  <testcase name="[526] state = Block{minecraft:light}[level=15,waterlogged=false]" classname="org.bukkit.BlockDataConversionTest" time="0.001"/>
  <testcase name="[527] state = Block{minecraft:iron_trapdoor}[facing=north,half=bottom,open=false,powered=false,waterlogged=false]" classname="org.bukkit.BlockDataConversionTest" time="0.0"/>
  <testcase name="[528] state = Block{minecraft:prismarine}" classname="org.bukkit.BlockDataConversionTest" time="0.001"/>
  <testcase name="[529] state = Block{minecraft:prismarine_bricks}" classname="org.bukkit.BlockDataConversionTest" time="0.0"/>
  <testcase name="[530] state = Block{minecraft:dark_prismarine}" classname="org.bukkit.BlockDataConversionTest" time="0.0"/>
  <testcase name="[531] state = Block{minecraft:prismarine_stairs}[facing=north,half=bottom,shape=straight,waterlogged=false]" classname="org.bukkit.BlockDataConversionTest" time="0.001"/>
  <testcase name="[532] state = Block{minecraft:prismarine_brick_stairs}[facing=north,half=bottom,shape=straight,waterlogged=false]" classname="org.bukkit.BlockDataConversionTest" time="0.0"/>
  <testcase name="[533] state = Block{minecraft:dark_prismarine_stairs}[facing=north,half=bottom,shape=straight,waterlogged=false]" classname="org.bukkit.BlockDataConversionTest" time="0.0"/>
  <testcase name="[534] state = Block{minecraft:prismarine_slab}[type=bottom,waterlogged=false]" classname="org.bukkit.BlockDataConversionTest" time="0.001"/>
  <testcase name="[535] state = Block{minecraft:prismarine_brick_slab}[type=bottom,waterlogged=false]" classname="org.bukkit.BlockDataConversionTest" time="0.001"/>
  <testcase name="[536] state = Block{minecraft:dark_prismarine_slab}[type=bottom,waterlogged=false]" classname="org.bukkit.BlockDataConversionTest" time="0.0"/>
  <testcase name="[537] state = Block{minecraft:sea_lantern}" classname="org.bukkit.BlockDataConversionTest" time="0.0"/>
  <testcase name="[538] state = Block{minecraft:hay_block}[axis=y]" classname="org.bukkit.BlockDataConversionTest" time="0.0"/>
  <testcase name="[539] state = Block{minecraft:white_carpet}" classname="org.bukkit.BlockDataConversionTest" time="0.0"/>
  <testcase name="[540] state = Block{minecraft:orange_carpet}" classname="org.bukkit.BlockDataConversionTest" time="0.001"/>
[...]
  <testcase name="[1076] state = Block{minecraft:waxed_oxidized_cut_copper_slab}[type=bottom,waterlogged=false]" classname="org.bukkit.BlockDataConversionTest" time="0.0"/>
  <testcase name="[1077] state = Block{minecraft:copper_door}[facing=north,half=lower,hinge=left,open=false,powered=false]" classname="org.bukkit.BlockDataConversionTest" time="0.0"/>
  <testcase name="[1078] state = Block{minecraft:exposed_copper_door}[facing=north,half=lower,hinge=left,open=false,powered=false]" classname="org.bukkit.BlockDataConversionTest" time="0.0"/>
  <testcase name="[1079] state = Block{minecraft:weathered_copper_door}[facing=north,half=lower,hinge=left,open=false,powered=false]" classname="org.bukkit.BlockDataConversionTest" time="0.0"/>
  <testcase name="[1080] state = Block{minecraft:oxidized_copper_door}[facing=north,half=lower,hinge=left,open=false,powered=false]" classname="org.bukkit.BlockDataConversionTest" time="0.001"/>
  <testcase name="[1081] state = Block{minecraft:waxed_copper_door}[facing=north,half=lower,hinge=left,open=false,powered=false]" classname="org.bukkit.BlockDataConversionTest" time="0.0"/>
  <testcase name="[1082] state = Block{minecraft:waxed_exposed_copper_door}[facing=north,half=lower,hinge=left,open=false,powered=false]" classname="org.bukkit.BlockDataConversionTest" time="0.0"/>
  <testcase name="[1083] state = Block{minecraft:waxed_weathered_copper_door}[facing=north,half=lower,hinge=left,open=false,powered=false]" classname="org.bukkit.BlockDataConversionTest" time="0.0"/>
  <testcase name="[1084] state = Block{minecraft:waxed_oxidized_copper_door}[facing=north,half=lower,hinge=left,open=false,powered=false]" classname="org.bukkit.BlockDataConversionTest" time="0.0"/>
  <testcase name="[1085] state = Block{minecraft:copper_trapdoor}[facing=north,half=bottom,open=false,powered=false,waterlogged=false]" classname="org.bukkit.BlockDataConversionTest" time="0.001"/>
  <testcase name="[1086] state = Block{minecraft:exposed_copper_trapdoor}[facing=north,half=bottom,open=false,powered=false,waterlogged=false]" classname="org.bukkit.BlockDataConversionTest" time="0.0"/>
  <testcase name="[1087] state = Block{minecraft:weathered_copper_trapdoor}[facing=north,half=bottom,open=false,powered=false,waterlogged=false]" classname="org.bukkit.BlockDataConversionTest" time="0.0"/>
  <testcase name="[1088] state = Block{minecraft:oxidized_copper_trapdoor}[facing=north,half=bottom,open=false,powered=false,waterlogged=false]" classname="org.bukkit.BlockDataConversionTest" time="0.0"/>
  <testcase name="[1089] state = Block{minecraft:waxed_copper_trapdoor}[facing=north,half=bottom,open=false,powered=false,waterlogged=false]" classname="org.bukkit.BlockDataConversionTest" time="0.0"/>
  <testcase name="[1090] state = Block{minecraft:waxed_exposed_copper_trapdoor}[facing=north,half=bottom,open=false,powered=false,waterlogged=false]" classname="org.bukkit.BlockDataConversionTest" time="0.001"/>
  <testcase name="[1091] state = Block{minecraft:waxed_weathered_copper_trapdoor}[facing=north,half=bottom,open=false,powered=false,waterlogged=false]" classname="org.bukkit.BlockDataConversionTest" time="0.0"/>
  <testcase name="[1092] state = Block{minecraft:waxed_oxidized_copper_trapdoor}[facing=north,half=bottom,open=false,powered=false,waterlogged=false]" classname="org.bukkit.BlockDataConversionTest" time="0.0"/>
  <testcase name="[1093] state = Block{minecraft:copper_grate}[waterlogged=false]" classname="org.bukkit.BlockDataConversionTest" time="0.001"/>
  <testcase name="[1094] state = Block{minecraft:exposed_copper_grate}[waterlogged=false]" classname="org.bukkit.BlockDataConversionTest" time="0.0"/>
  <testcase name="[1095] state = Block{minecraft:weathered_copper_grate}[waterlogged=false]" classname="org.bukkit.BlockDataConversionTest" time="0.0"/>
  <testcase name="[1096] state = Block{minecraft:oxidized_copper_grate}[waterlogged=false]" classname="org.bukkit.BlockDataConversionTest" time="0.0"/>
  <testcase name="[1097] state = Block{minecraft:waxed_copper_grate}[waterlogged=false]" classname="org.bukkit.BlockDataConversionTest" time="0.0"/>
  <testcase name="[1098] state = Block{minecraft:waxed_exposed_copper_grate}[waterlogged=false]" classname="org.bukkit.BlockDataConversionTest" time="0.001"/>
  <testcase name="[1099] state = Block{minecraft:waxed_weathered_copper_grate}[waterlogged=false]" classname="org.bukkit.BlockDataConversionTest" time="0.0"/>
  <testcase name="[1100] state = Block{minecraft:waxed_oxidized_copper_grate}[waterlogged=false]" classname="org.bukkit.BlockDataConversionTest" time="0.0"/>
  <testcase name="[1101] state = Block{minecraft:copper_bulb}[lit=false,powered=false]" classname="org.bukkit.BlockDataConversionTest" time="0.001"/>
  <testcase name="[1102] state = Block{minecraft:exposed_copper_bulb}[lit=false,powered=false]" classname="org.bukkit.BlockDataConversionTest" time="0.0"/>
  <testcase name="[1103] state = Block{minecraft:weathered_copper_bulb}[lit=false,powered=false]" classname="org.bukkit.BlockDataConversionTest" time="0.0"/>
  <testcase name="[1104] state = Block{minecraft:oxidized_copper_bulb}[lit=false,powered=false]" classname="org.bukkit.BlockDataConversionTest" time="0.001"/>
  <testcase name="[1105] state = Block{minecraft:waxed_copper_bulb}[lit=false,powered=false]" classname="org.bukkit.BlockDataConversionTest" time="0.0"/>
  <testcase name="[1106] state = Block{minecraft:waxed_exposed_copper_bulb}[lit=false,powered=false]" classname="org.bukkit.BlockDataConversionTest" time="0.0"/>
  <testcase name="[1107] state = Block{minecraft:waxed_weathered_copper_bulb}[lit=false,powered=false]" classname="org.bukkit.BlockDataConversionTest" time="0.0"/>
  <testcase name="[1108] state = Block{minecraft:waxed_oxidized_copper_bulb}[lit=false,powered=false]" classname="org.bukkit.BlockDataConversionTest" time="0.0"/>
  <testcase name="[1109] state = Block{minecraft:copper_chest}[facing=north,type=single,waterlogged=false]" classname="org.bukkit.BlockDataConversionTest" time="0.0"/>
  <testcase name="[1110] state = Block{minecraft:exposed_copper_chest}[facing=north,type=single,waterlogged=false]" classname="org.bukkit.BlockDataConversionTest" time="0.001"/>
  <testcase name="[1111] state = Block{minecraft:weathered_copper_chest}[facing=north,type=single,waterlogged=false]" classname="org.bukkit.BlockDataConversionTest" time="0.0"/>
  <testcase name="[1112] state = Block{minecraft:oxidized_copper_chest}[facing=north,type=single,waterlogged=false]" classname="org.bukkit.BlockDataConversionTest" time="0.0"/>
  <testcase name="[1113] state = Block{minecraft:waxed_copper_chest}[facing=north,type=single,waterlogged=false]" classname="org.bukkit.BlockDataConversionTest" time="0.001"/>
  <testcase name="[1114] state = Block{minecraft:waxed_exposed_copper_chest}[facing=north,type=single,waterlogged=false]" classname="org.bukkit.BlockDataConversionTest" time="0.0"/>
  <testcase name="[1115] state = Block{minecraft:waxed_weathered_copper_chest}[facing=north,type=single,waterlogged=false]" classname="org.bukkit.BlockDataConversionTest" time="0.0"/>
  <testcase name="[1116] state = Block{minecraft:waxed_oxidized_copper_chest}[facing=north,type=single,waterlogged=false]" classname="org.bukkit.BlockDataConversionTest" time="0.001"/>
  <testcase name="[1117] state = Block{minecraft:copper_golem_statue}[copper_golem_pose=standing,facing=north,waterlogged=false]" classname="org.bukkit.BlockDataConversionTest" time="0.0"/>
  <testcase name="[1118] state = Block{minecraft:exposed_copper_golem_statue}[copper_golem_pose=standing,facing=north,waterlogged=false]" classname="org.bukkit.BlockDataConversionTest" time="0.0"/>
  <testcase name="[1119] state = Block{minecraft:weathered_copper_golem_statue}[copper_golem_pose=standing,facing=north,waterlogged=false]" classname="org.bukkit.BlockDataConversionTest" time="0.0"/>
  <testcase name="[1120] state = Block{minecraft:oxidized_copper_golem_statue}[copper_golem_pose=standing,facing=north,waterlogged=false]" classname="org.bukkit.BlockDataConversionTest" time="0.0"/>
  <testcase name="[1121] state = Block{minecraft:waxed_copper_golem_statue}[copper_golem_pose=standing,facing=north,waterlogged=false]" classname="org.bukkit.BlockDataConversionTest" time="0.0"/>
  <testcase name="[1122] state = Block{minecraft:waxed_exposed_copper_golem_statue}[copper_golem_pose=standing,facing=north,waterlogged=false]" classname="org.bukkit.BlockDataConversionTest" time="0.001"/>
  <testcase name="[1123] state = Block{minecraft:waxed_weathered_copper_golem_statue}[copper_golem_pose=standing,facing=north,waterlogged=false]" classname="org.bukkit.BlockDataConversionTest" time="0.0"/>
  <testcase name="[1124] state = Block{minecraft:waxed_oxidized_copper_golem_statue}[copper_golem_pose=standing,facing=north,waterlogged=false]" classname="org.bukkit.BlockDataConversionTest" time="0.0"/>
  <testcase name="[1125] state = Block{minecraft:lightning_rod}[facing=up,powered=false,waterlogged=false]" classname="org.bukkit.BlockDataConversionTest" time="0.0"/>
  <testcase name="[1126] state = Block{minecraft:exposed_lightning_rod}[facing=up,powered=false,waterlogged=false]" classname="org.bukkit.BlockDataConversionTest" time="0.0"/>
  <testcase name="[1127] state = Block{minecraft:weathered_lightning_rod}[facing=up,powered=false,waterlogged=false]" classname="org.bukkit.BlockDataConversionTest" time="0.001"/>
  <testcase name="[1128] state = Block{minecraft:oxidized_lightning_rod}[facing=up,powered=false,waterlogged=false]" classname="org.bukkit.BlockDataConversionTest" time="0.0"/>
  <testcase name="[1129] state = Block{minecraft:waxed_lightning_rod}[facing=up,powered=false,waterlogged=false]" classname="org.bukkit.BlockDataConversionTest" time="0.0"/>
  <testcase name="[1130] state = Block{minecraft:waxed_exposed_lightning_rod}[facing=up,powered=false,waterlogged=false]" classname="org.bukkit.BlockDataConversionTest" time="0.0"/>
  <testcase name="[1131] state = Block{minecraft:waxed_weathered_lightning_rod}[facing=up,powered=false,waterlogged=false]" classname="org.bukkit.BlockDataConversionTest" time="0.0"/>
  <testcase name="[1132] state = Block{minecraft:waxed_oxidized_lightning_rod}[facing=up,powered=false,waterlogged=false]" classname="org.bukkit.BlockDataConversionTest" time="0.0"/>
  <testcase name="[1133] state = Block{minecraft:dripstone_block}" classname="org.bukkit.BlockDataConversionTest" time="0.0"/>
  <testcase name="[1134] state = Block{minecraft:pointed_dripstone}[thickness=tip,vertical_direction=up,waterlogged=false]" classname="org.bukkit.BlockDataConversionTest" time="0.0"/>
  <testcase name="[1135] state = Block{minecraft:sulfur_spike}[thickness=tip,vertical_direction=up,waterlogged=false]" classname="org.bukkit.BlockDataConversionTest" time="0.001"/>
  <testcase name="[1136] state = Block{minecraft:cave_vines}[age=0,berries=false]" classname="org.bukkit.BlockDataConversionTest" time="0.0"/>
  <testcase name="[1137] state = Block{minecraft:cave_vines_plant}[berries=false]" classname="org.bukkit.BlockDataConversionTest" time="0.0"/>
  <testcase name="[1138] state = Block{minecraft:spore_blossom}" classname="org.bukkit.BlockDataConversionTest" time="0.0"/>
  <testcase name="[1139] state = Block{minecraft:azalea}" classname="org.bukkit.BlockDataConversionTest" time="0.0"/>
  <testcase name="[1140] state = Block{minecraft:flowering_azalea}" classname="org.bukkit.BlockDataConversionTest" time="0.0"/>
  <testcase name="[1141] state = Block{minecraft:moss_carpet}" classname="org.bukkit.BlockDataConversionTest" time="0.0"/>
  <testcase name="[1142] state = Block{minecraft:pink_petals}[facing=north,flower_amount=1]" classname="org.bukkit.BlockDataConversionTest" time="0.0"/>
  <testcase name="[1143] state = Block{minecraft:wildflowers}[facing=north,flower_amount=1]" classname="org.bukkit.BlockDataConversionTest" time="0.001"/>
  <testcase name="[1144] state = Block{minecraft:leaf_litter}[facing=north,segment_amount=1]" classname="org.bukkit.BlockDataConversionTest" time="0.0"/>
  <testcase name="[1145] state = Block{minecraft:moss_block}" classname="org.bukkit.BlockDataConversionTest" time="0.0"/>
  <testcase name="[1146] state = Block{minecraft:big_dripleaf}[facing=north,tilt=none,waterlogged=false]" classname="org.bukkit.BlockDataConversionTest" time="0.001"/>
  <testcase name="[1147] state = Block{minecraft:big_dripleaf_stem}[facing=north,waterlogged=false]" classname="org.bukkit.BlockDataConversionTest" time="0.0"/>
  <testcase name="[1148] state = Block{minecraft:small_dripleaf}[facing=north,half=lower,waterlogged=false]" classname="org.bukkit.BlockDataConversionTest" time="0.0"/>
  <testcase name="[1149] state = Block{minecraft:hanging_roots}[waterlogged=false]" classname="org.bukkit.BlockDataConversionTest" time="0.0"/>
  <testcase name="[1150] state = Block{minecraft:rooted_dirt}" classname="org.bukkit.BlockDataConversionTest" time="0.0"/>
  <testcase name="[1151] state = Block{minecraft:mud}" classname="org.bukkit.BlockDataConversionTest" time="0.001"/>
  <testcase name="[1152] state = Block{minecraft:deepslate}[axis=y]" classname="org.bukkit.BlockDataConversionTest" time="0.0"/>
  <testcase name="[1153] state = Block{minecraft:cobbled_deepslate}" classname="org.bukkit.BlockDataConversionTest" time="0.0"/>
  <testcase name="[1154] state = Block{minecraft:cobbled_deepslate_stairs}[facing=north,half=bottom,shape=straight,waterlogged=false]" classname="org.bukkit.BlockDataConversionTest" time="0.0"/>
  <testcase name="[1155] state = Block{minecraft:cobbled_deepslate_slab}[type=bottom,waterlogged=false]" classname="org.bukkit.BlockDataConversionTest" time="0.0"/>
  <testcase name="[1156] state = Block{minecraft:cobbled_deepslate_wall}[east=none,north=none,south=none,up=true,waterlogged=false,west=none]" classname="org.bukkit.BlockDataConversionTest" time="0.001"/>
  <testcase name="[1157] state = Block{minecraft:polished_deepslate}" classname="org.bukkit.BlockDataConversionTest" time="0.0"/>
  <testcase name="[1158] state = Block{minecraft:polished_deepslate_stairs}[facing=north,half=bottom,shape=straight,waterlogged=false]" classname="org.bukkit.BlockDataConversionTest" time="0.0"/>
  <testcase name="[1159] state = Block{minecraft:polished_deepslate_slab}[type=bottom,waterlogged=false]" classname="org.bukkit.BlockDataConversionTest" time="0.0"/>
  <testcase name="[1160] state = Block{minecraft:polished_deepslate_wall}[east=none,north=none,south=none,up=true,waterlogged=false,west=none]" classname="org.bukkit.BlockDataConversionTest" time="0.0"/>
  <testcase name="[1161] state = Block{minecraft:deepslate_tiles}" classname="org.bukkit.BlockDataConversionTest" time="0.0"/>
  <testcase name="[1162] state = Block{minecraft:deepslate_tile_stairs}[facing=north,half=bottom,shape=straight,waterlogged=false]" classname="org.bukkit.BlockDataConversionTest" time="0.0"/>
  <testcase name="[1163] state = Block{minecraft:deepslate_tile_slab}[type=bottom,waterlogged=false]" classname="org.bukkit.BlockDataConversionTest" time="0.001"/>
  <testcase name="[1164] state = Block{minecraft:deepslate_tile_wall}[east=none,north=none,south=none,up=true,waterlogged=false,west=none]" classname="org.bukkit.BlockDataConversionTest" time="0.0"/>
  <testcase name="[1165] state = Block{minecraft:deepslate_bricks}" classname="org.bukkit.BlockDataConversionTest" time="0.0"/>
  <testcase name="[1166] state = Block{minecraft:deepslate_brick_stairs}[facing=north,half=bottom,shape=straight,waterlogged=false]" classname="org.bukkit.BlockDataConversionTest" time="0.0"/>
  <testcase name="[1167] state = Block{minecraft:deepslate_brick_slab}[type=bottom,waterlogged=false]" classname="org.bukkit.BlockDataConversionTest" time="0.0"/>
  <testcase name="[1168] state = Block{minecraft:deepslate_brick_wall}[east=none,north=none,south=none,up=true,waterlogged=false,west=none]" classname="org.bukkit.BlockDataConversionTest" time="0.0"/>
  <testcase name="[1169] state = Block{minecraft:chiseled_deepslate}" classname="org.bukkit.BlockDataConversionTest" time="0.0"/>
  <testcase name="[1170] state = Block{minecraft:cracked_deepslate_bricks}" classname="org.bukkit.BlockDataConversionTest" time="0.0"/>
  <testcase name="[1171] state = Block{minecraft:cracked_deepslate_tiles}" classname="org.bukkit.BlockDataConversionTest" time="0.0"/>
  <testcase name="[1172] state = Block{minecraft:infested_deepslate}[axis=y]" classname="org.bukkit.BlockDataConversionTest" time="0.0"/>
  <testcase name="[1173] state = Block{minecraft:smooth_basalt}" classname="org.bukkit.BlockDataConversionTest" time="0.0"/>
  <testcase name="[1174] state = Block{minecraft:raw_iron_block}" classname="org.bukkit.BlockDataConversionTest" time="0.0"/>
  <testcase name="[1175] state = Block{minecraft:raw_copper_block}" classname="org.bukkit.BlockDataConversionTest" time="0.0"/>
  <testcase name="[1176] state = Block{minecraft:raw_gold_block}" classname="org.bukkit.BlockDataConversionTest" time="0.0"/>
  <testcase name="[1177] state = Block{minecraft:potted_azalea_bush}" classname="org.bukkit.BlockDataConversionTest" time="0.001"/>
  <testcase name="[1178] state = Block{minecraft:potted_flowering_azalea_bush}" classname="org.bukkit.BlockDataConversionTest" time="0.0"/>
  <testcase name="[1179] state = Block{minecraft:ochre_froglight}[axis=y]" classname="org.bukkit.BlockDataConversionTest" time="0.0"/>
  <testcase name="[1180] state = Block{minecraft:verdant_froglight}[axis=y]" classname="org.bukkit.BlockDataConversionTest" time="0.0"/>
  <testcase name="[1181] state = Block{minecraft:pearlescent_froglight}[axis=y]" classname="org.bukkit.BlockDataConversionTest" time="0.0"/>
  <testcase name="[1182] state = Block{minecraft:frogspawn}" classname="org.bukkit.BlockDataConversionTest" time="0.001"/>
  <testcase name="[1183] state = Block{minecraft:reinforced_deepslate}" classname="org.bukkit.BlockDataConversionTest" time="0.0"/>
  <testcase name="[1184] state = Block{minecraft:decorated_pot}[cracked=false,facing=north,waterlogged=false]" classname="org.bukkit.BlockDataConversionTest" time="0.0"/>
  <testcase name="[1185] state = Block{minecraft:crafter}[crafting=false,orientation=north_up,triggered=false]" classname="org.bukkit.BlockDataConversionTest" time="0.0"/>
  <testcase name="[1186] state = Block{minecraft:trial_spawner}[ominous=false,trial_spawner_state=inactive]" classname="org.bukkit.BlockDataConversionTest" time="0.0"/>
  <testcase name="[1187] state = Block{minecraft:vault}[facing=north,ominous=false,vault_state=inactive]" classname="org.bukkit.BlockDataConversionTest" time="0.0"/>
  <testcase name="[1188] state = Block{minecraft:heavy_core}[waterlogged=false]" classname="org.bukkit.BlockDataConversionTest" time="0.0"/>
  <testcase name="[1189] state = Block{minecraft:pale_moss_block}" classname="org.bukkit.BlockDataConversionTest" time="0.0"/>
  <testcase name="[1190] state = Block{minecraft:pale_moss_carpet}[bottom=true,east=none,north=none,south=none,west=none]" classname="org.bukkit.BlockDataConversionTest" time="0.0"/>
  <testcase name="[1191] state = Block{minecraft:pale_hanging_moss}[tip=true]" classname="org.bukkit.BlockDataConversionTest" time="0.0"/>
  <testcase name="[1192] state = Block{minecraft:open_eyeblossom}" classname="org.bukkit.BlockDataConversionTest" time="0.0"/>
  <testcase name="[1193] state = Block{minecraft:closed_eyeblossom}" classname="org.bukkit.BlockDataConversionTest" time="0.0"/>
  <testcase name="[1194] state = Block{minecraft:potted_open_eyeblossom}" classname="org.bukkit.BlockDataConversionTest" time="0.0"/>
  <testcase name="[1195] state = Block{minecraft:potted_closed_eyeblossom}" classname="org.bukkit.BlockDataConversionTest" time="0.0"/>
  <testcase name="[1196] state = Block{minecraft:firefly_bush}" classname="org.bukkit.BlockDataConversionTest" time="0.001"/>
  <system-out><![CDATA[]]></system-out>
  <system-err><![CDATA[]]></system-err>
</testsuite>
