<?xml version="1.0" encoding="UTF-8"?>
<testsuite name="org.bukkit.craftbukkit.inventory.ItemMetaTest" tests="15" skipped="0" failures="0" errors="0" timestamp="2026-08-11T21:04:55.561Z" hostname="codespaces-8b369d" time="8.641">
  <properties/>
  <testcase name="testConflictingEnchantment()" classname="org.bukkit.craftbukkit.inventory.ItemMetaTest" time="0.004"/>
  <testcase name="testEachExtraData()" classname="org.bukkit.craftbukkit.inventory.ItemMetaTest" time="8.562"/>
  <testcase name="testConflictingStoredEnchantment()" classname="org.bukkit.craftbukkit.inventory.ItemMetaTest" time="0.003"/>
  <testcase name="testMetaClasses()" classname="org.bukkit.craftbukkit.inventory.ItemMetaTest" time="0.012"/>
  <testcase name="testEntityTagMeta()" classname="org.bukkit.craftbukkit.inventory.ItemMetaTest" time="0.025"/>
  <testcase name="testPowerLimitMax()" classname="org.bukkit.craftbukkit.inventory.ItemMetaTest" time="0.001"/>
  <testcase name="testPowerLimitMin()" classname="org.bukkit.craftbukkit.inventory.ItemMetaTest" time="0.0"/>
  <testcase name="testConflictingEnchantments()" classname="org.bukkit.craftbukkit.inventory.ItemMetaTest" time="0.001"/>
  <testcase name="testCrazyEquality()" classname="org.bukkit.craftbukkit.inventory.ItemMetaTest" time="0.0"/>
  <testcase name="testAttributeModifiers()" classname="org.bukkit.craftbukkit.inventory.ItemMetaTest" time="0.004"/>
  <testcase name="testConflictingStoredEnchantments()" classname="org.bukkit.craftbukkit.inventory.ItemMetaTest" time="0.0"/>
  <testcase name="testBlockData()" classname="org.bukkit.craftbukkit.inventory.ItemMetaTest" time="0.004"/>
  <testcase name="testPowers()" classname="org.bukkit.craftbukkit.inventory.ItemMetaTest" time="0.018"/>
  <testcase name="testPowerLimitNegative()" classname="org.bukkit.craftbukkit.inventory.ItemMetaTest" time="0.001"/>
  <testcase name="testPowerLimitExact()" classname="org.bukkit.craftbukkit.inventory.ItemMetaTest" time="0.001"/>
  <system-out><![CDATA[[21:04:55 WARN]: [org.bukkit.craftbukkit.legacy.CraftLegacy] Initializing Legacy Material Support. Unless you have legacy plugins and/or data this is a bug!
]]></system-out>
  <system-err><![CDATA[]]></system-err>
</testsuite>
