<?xml version="1.0" encoding="UTF-8"?>
<testsuite name="io.papermc.paper.effects.EffectCategoryTest" tests="2" skipped="0" failures="0" errors="0" timestamp="2026-08-11T21:04:37.861Z" hostname="codespaces-8b369d" time="0.001">
  <properties/>
  <testcase name="testEffectCategoriesExist()" classname="io.papermc.paper.effects.EffectCategoryTest" time="0.0"/>
  <testcase name="testCategoryHasEquivalentColors()" classname="io.papermc.paper.effects.EffectCategoryTest" time="0.001"/>
  <system-out><![CDATA[]]></system-out>
  <system-err><![CDATA[]]></system-err>
</testsuite>
