<?xml version="1.0" encoding="UTF-8"?>
<testsuite name="Gradle Test Run :paper-server:test" tests="1" skipped="0" failures="0" errors="0" timestamp="2026-08-11T21:03:28.627Z" hostname="codespaces-8b369d" time="74.876">
  <properties/>
  <testcase name="Test suite for slow tests, which don't need to run every time" classname="Gradle Test Run :paper-server:test" time="0.008"/>
  <system-out><![CDATA[[21:03:40 INFO]: Found new data pack paper, loading it automatically
[21:03:42 INFO]: Loaded 1585 recipes
[21:03:42 INFO]: Loaded 1688 advancements
[21:03:44 INFO]: [MoonriseCommon] Paper is using 1 worker threads, 1 I/O threads
[21:04:11 INFO]: Found new data pack paper, loading it automatically
[21:04:13 INFO]: Loaded 1585 recipes
[21:04:13 INFO]: Loaded 1688 advancements
[21:04:14 INFO]: [MoonriseCommon] Paper is using 1 worker threads, 1 I/O threads
[21:04:31 INFO]: Found new data pack paper, loading it automatically
[21:04:33 INFO]: Loaded 1585 recipes
[21:04:33 INFO]: Loaded 1688 advancements
[21:04:34 INFO]: [MoonriseCommon] Paper is using 1 worker threads, 1 I/O threads
[21:04:51 INFO]: Found new data pack paper, loading it automatically
[21:04:53 INFO]: Loaded 1585 recipes
[21:04:53 INFO]: Loaded 1688 advancements
[21:04:54 INFO]: [MoonriseCommon] Paper is using 1 worker threads, 1 I/O threads
]]></system-out>
  <system-err><![CDATA[Aug 11, 2026 9:03:33 PM org.bukkit.support.extension.BaseExtension isTestCase
INFO: Running tests with environment: AllFeatures
2026-08-11T21:03:34.548894735Z Test worker WARN Advanced terminal features are not available in this environment
Aug 11, 2026 9:03:44 PM org.bukkit.Bukkit setServer
INFO: This server is running org.bukkit.support.DummyServerHelper version 26.2-DEV (2026-08-11T21:03:42Z) (Implementing API version 26.2.local-SNAPSHOT)
Aug 11, 2026 9:04:05 PM org.bukkit.support.extension.BaseExtension isTestCase
INFO: Running tests with environment: Legacy
2026-08-11T21:04:05.875597706Z Test worker WARN Advanced terminal features are not available in this environment
Aug 11, 2026 9:04:14 PM org.bukkit.Bukkit setServer
INFO: This server is running org.bukkit.support.DummyServerHelper version 26.2-DEV (2026-08-11T21:04:13Z) (Implementing API version 26.2.local-SNAPSHOT)
Aug 11, 2026 9:04:25 PM org.bukkit.support.extension.BaseExtension isTestCase
INFO: Running tests with environment: Normal
2026-08-11T21:04:25.851677166Z Test worker WARN Advanced terminal features are not available in this environment
Aug 11, 2026 9:04:34 PM org.bukkit.Bukkit setServer
INFO: This server is running org.bukkit.support.DummyServerHelper version 26.2-DEV (2026-08-11T21:04:33Z) (Implementing API version 26.2.local-SNAPSHOT)
Aug 11, 2026 9:04:45 PM org.bukkit.support.extension.BaseExtension isTestCase
INFO: Running tests with environment: VanillaFeature
2026-08-11T21:04:45.729099233Z Test worker WARN Advanced terminal features are not available in this environment
Aug 11, 2026 9:04:54 PM org.bukkit.Bukkit setServer
INFO: This server is running org.bukkit.support.DummyServerHelper version 26.2-DEV (2026-08-11T21:04:53Z) (Implementing API version 26.2.local-SNAPSHOT)
]]></system-err>
</testsuite>
