<?xml version="1.0" encoding="UTF-8"?>
<testsuite name="io.papermc.paper.adventure.AdventureCodecsTest" tests="250" skipped="0" failures="0" errors="0" timestamp="2026-08-11T21:05:04.288Z" hostname="codespaces-8b369d" time="0.4">
  <properties/>
  <testcase name="testSimpleStyle()" classname="io.papermc.paper.adventure.AdventureCodecsTest" time="0.001"/>
  <testcase name="[1] testClickEvent(Action): run_command" classname="io.papermc.paper.adventure.AdventureCodecsTest" time="0.003"/>
  <testcase name="[2] testClickEvent(Action): open_url" classname="io.papermc.paper.adventure.AdventureCodecsTest" time="0.0"/>
  <testcase name="[3] testClickEvent(Action): copy_to_clipboard" classname="io.papermc.paper.adventure.AdventureCodecsTest" time="0.0"/>
  <testcase name="[4] testClickEvent(Action): change_page" classname="io.papermc.paper.adventure.AdventureCodecsTest" time="0.001"/>
  <testcase name="[5] testClickEvent(Action): suggest_command" classname="io.papermc.paper.adventure.AdventureCodecsTest" time="0.0"/>
  <testcase name="testKey()" classname="io.papermc.paper.adventure.AdventureCodecsTest" time="0.001"/>
  <testcase name="testShowItemHoverEvent()" classname="io.papermc.paper.adventure.AdventureCodecsTest" time="0.005"/>
  <testcase name="[1] invalidThrows(Tag): -1" classname="io.papermc.paper.adventure.AdventureCodecsTest" time="0.001"/>
  <testcase name="[2] invalidThrows(Tag): 0b" classname="io.papermc.paper.adventure.AdventureCodecsTest" time="0.001"/>
  <testcase name="[3] invalidThrows(Tag): {}" classname="io.papermc.paper.adventure.AdventureCodecsTest" time="0.004"/>
  <testcase name="[4] invalidThrows(Tag): []" classname="io.papermc.paper.adventure.AdventureCodecsTest" time="0.0"/>
  <testcase name="testNamedTextColor()" classname="io.papermc.paper.adventure.AdventureCodecsTest" time="0.001"/>
  <testcase name="[1] testMinecraftRoundTripStyle(DynamicOps, Style): net.minecraft.resources.RegistryOps@a27e271, StyleImpl{font=null, color=null, shadowColor=null, decorations=DecorationMap{obfuscated=not_set, bold=not_set, strikethrough=not_set, underlined=not_set, italic=not_set}, clickEvent=null, hoverEvent=null, insertion=null}" classname="io.papermc.paper.adventure.AdventureCodecsTest" time="0.003"/>
  <testcase name="[2] testMinecraftRoundTripStyle(DynamicOps, Style): net.minecraft.resources.RegistryOps@a27e271, StyleImpl{font=null, color=#0A1AB9, shadowColor=null, decorations=DecorationMap{obfuscated=not_set, bold=not_set, strikethrough=not_set, underlined=not_set, italic=not_set}, clickEvent=null, hoverEvent=null, insertion=null}" classname="io.papermc.paper.adventure.AdventureCodecsTest" time="0.001"/>
  <testcase name="[3] testMinecraftRoundTripStyle(DynamicOps, Style): net.minecraft.resources.RegistryOps@a27e271, StyleImpl{font=null, color=light_purple, shadowColor=null, decorations=DecorationMap{obfuscated=not_set, bold=not_set, strikethrough=not_set, underlined=not_set, italic=not_set}, clickEvent=null, hoverEvent=null, insertion=null}" classname="io.papermc.paper.adventure.AdventureCodecsTest" time="0.0"/>
  <testcase name="[4] testMinecraftRoundTripStyle(DynamicOps, Style): net.minecraft.resources.RegistryOps@a27e271, StyleImpl{font=null, color=null, shadowColor=null, decorations=DecorationMap{obfuscated=not_set, bold=true, strikethrough=not_set, underlined=not_set, italic=not_set}, clickEvent=null, hoverEvent=null, insertion=null}" classname="io.papermc.paper.adventure.AdventureCodecsTest" time="0.0"/>
  <testcase name="[5] testMinecraftRoundTripStyle(DynamicOps, Style): net.minecraft.resources.RegistryOps@a27e271, StyleImpl{font=null, color=null, shadowColor=null, decorations=DecorationMap{obfuscated=not_set, bold=false, strikethrough=not_set, underlined=not_set, italic=not_set}, clickEvent=null, hoverEvent=null, insertion=null}" classname="io.papermc.paper.adventure.AdventureCodecsTest" time="0.001"/>
  <testcase name="[6] testMinecraftRoundTripStyle(DynamicOps, Style): net.minecraft.resources.RegistryOps@a27e271, StyleImpl{font=kyori:kittens, color=red, shadowColor=ShadowColorImpl[value=-65366], decorations=DecorationMap{obfuscated=not_set, bold=true, strikethrough=not_set, underlined=not_set, italic=not_set}, clickEvent=ClickEvent{action=open_url, payload=TextImpl[value=https://github.com]}, hoverEvent=null, insertion=null}" classname="io.papermc.paper.adventure.AdventureCodecsTest" time="0.001"/>
  <testcase name="[7] testMinecraftRoundTripStyle(DynamicOps, Style): net.minecraft.resources.RegistryOps@a27e271, StyleImpl{font=null, color=null, shadowColor=null, decorations=DecorationMap{obfuscated=not_set, bold=not_set, strikethrough=not_set, underlined=not_set, italic=not_set}, clickEvent=null, hoverEvent=HoverEvent{action=show_entity, value=ShowEntity{type=minecraft:pig, id=491b01a4-b4bd-4aaa-b8aa-430a1829f206, name=TextComponentImpl{content='Dolores', children=[], style=StyleImpl{font=null, color=#0A1AB9, shadowColor=null, decorations=DecorationMap{obfuscated=not_set, bold=not_set, strikethrough=not_set, underlined=not_set, italic=not_set}, clickEvent=null, hoverEvent=null, insertion=null}}}}, insertion=null}" classname="io.papermc.paper.adventure.AdventureCodecsTest" time="0.002"/>
  <testcase name="[8] testMinecraftRoundTripStyle(DynamicOps, Style): net.minecraft.resources.RegistryOps@26513189, StyleImpl{font=null, color=null, shadowColor=null, decorations=DecorationMap{obfuscated=not_set, bold=not_set, strikethrough=not_set, underlined=not_set, italic=not_set}, clickEvent=null, hoverEvent=null, insertion=null}" classname="io.papermc.paper.adventure.AdventureCodecsTest" time="0.001"/>
  <testcase name="[9] testMinecraftRoundTripStyle(DynamicOps, Style): net.minecraft.resources.RegistryOps@26513189, StyleImpl{font=null, color=#0A1AB9, shadowColor=null, decorations=DecorationMap{obfuscated=not_set, bold=not_set, strikethrough=not_set, underlined=not_set, italic=not_set}, clickEvent=null, hoverEvent=null, insertion=null}" classname="io.papermc.paper.adventure.AdventureCodecsTest" time="0.0"/>
  <testcase name="[10] testMinecraftRoundTripStyle(DynamicOps, Style): net.minecraft.resources.RegistryOps@26513189, StyleImpl{font=null, color=light_purple, shadowColor=null, decorations=DecorationMap{obfuscated=not_set, bold=not_set, strikethrough=not_set, underlined=not_set, italic=not_set}, clickEvent=null, hoverEvent=null, insertion=null}" classname="io.papermc.paper.adventure.AdventureCodecsTest" time="0.0"/>
  <testcase name="[11] testMinecraftRoundTripStyle(DynamicOps, Style): net.minecraft.resources.RegistryOps@26513189, StyleImpl{font=null, color=null, shadowColor=null, decorations=DecorationMap{obfuscated=not_set, bold=true, strikethrough=not_set, underlined=not_set, italic=not_set}, clickEvent=null, hoverEvent=null, insertion=null}" classname="io.papermc.paper.adventure.AdventureCodecsTest" time="0.001"/>
  <testcase name="[12] testMinecraftRoundTripStyle(DynamicOps, Style): net.minecraft.resources.RegistryOps@26513189, StyleImpl{font=null, color=null, shadowColor=null, decorations=DecorationMap{obfuscated=not_set, bold=false, strikethrough=not_set, underlined=not_set, italic=not_set}, clickEvent=null, hoverEvent=null, insertion=null}" classname="io.papermc.paper.adventure.AdventureCodecsTest" time="0.001"/>
  <testcase name="[13] testMinecraftRoundTripStyle(DynamicOps, Style): net.minecraft.resources.RegistryOps@26513189, StyleImpl{font=kyori:kittens, color=red, shadowColor=ShadowColorImpl[value=-65366], decorations=DecorationMap{obfuscated=not_set, bold=true, strikethrough=not_set, underlined=not_set, italic=not_set}, clickEvent=ClickEvent{action=open_url, payload=TextImpl[value=https://github.com]}, hoverEvent=null, insertion=null}" classname="io.papermc.paper.adventure.AdventureCodecsTest" time="0.001"/>
  <testcase name="[14] testMinecraftRoundTripStyle(DynamicOps, Style): net.minecraft.resources.RegistryOps@26513189, StyleImpl{font=null, color=null, shadowColor=null, decorations=DecorationMap{obfuscated=not_set, bold=not_set, strikethrough=not_set, underlined=not_set, italic=not_set}, clickEvent=null, hoverEvent=HoverEvent{action=show_entity, value=ShowEntity{type=minecraft:pig, id=491b01a4-b4bd-4aaa-b8aa-430a1829f206, name=TextComponentImpl{content='Dolores', children=[], style=StyleImpl{font=null, color=#0A1AB9, shadowColor=null, decorations=DecorationMap{obfuscated=not_set, bold=not_set, strikethrough=not_set, underlined=not_set, italic=not_set}, clickEvent=null, hoverEvent=null, insertion=null}}}}, insertion=null}" classname="io.papermc.paper.adventure.AdventureCodecsTest" time="0.002"/>
  <testcase name="[15] testMinecraftRoundTripStyle(DynamicOps, Style): net.minecraft.resources.RegistryOps@f9620e63, StyleImpl{font=null, color=null, shadowColor=null, decorations=DecorationMap{obfuscated=not_set, bold=not_set, strikethrough=not_set, underlined=not_set, italic=not_set}, clickEvent=null, hoverEvent=null, insertion=null}" classname="io.papermc.paper.adventure.AdventureCodecsTest" time="0.001"/>
  <testcase name="[16] testMinecraftRoundTripStyle(DynamicOps, Style): net.minecraft.resources.RegistryOps@f9620e63, StyleImpl{font=null, color=#0A1AB9, shadowColor=null, decorations=DecorationMap{obfuscated=not_set, bold=not_set, strikethrough=not_set, underlined=not_set, italic=not_set}, clickEvent=null, hoverEvent=null, insertion=null}" classname="io.papermc.paper.adventure.AdventureCodecsTest" time="0.001"/>
  <testcase name="[17] testMinecraftRoundTripStyle(DynamicOps, Style): net.minecraft.resources.RegistryOps@f9620e63, StyleImpl{font=null, color=light_purple, shadowColor=null, decorations=DecorationMap{obfuscated=not_set, bold=not_set, strikethrough=not_set, underlined=not_set, italic=not_set}, clickEvent=null, hoverEvent=null, insertion=null}" classname="io.papermc.paper.adventure.AdventureCodecsTest" time="0.003"/>
  <testcase name="[18] testMinecraftRoundTripStyle(DynamicOps, Style): net.minecraft.resources.RegistryOps@f9620e63, StyleImpl{font=null, color=null, shadowColor=null, decorations=DecorationMap{obfuscated=not_set, bold=true, strikethrough=not_set, underlined=not_set, italic=not_set}, clickEvent=null, hoverEvent=null, insertion=null}" classname="io.papermc.paper.adventure.AdventureCodecsTest" time="0.0"/>
  <testcase name="[19] testMinecraftRoundTripStyle(DynamicOps, Style): net.minecraft.resources.RegistryOps@f9620e63, StyleImpl{font=null, color=null, shadowColor=null, decorations=DecorationMap{obfuscated=not_set, bold=false, strikethrough=not_set, underlined=not_set, italic=not_set}, clickEvent=null, hoverEvent=null, insertion=null}" classname="io.papermc.paper.adventure.AdventureCodecsTest" time="0.0"/>
  <testcase name="[20] testMinecraftRoundTripStyle(DynamicOps, Style): net.minecraft.resources.RegistryOps@f9620e63, StyleImpl{font=kyori:kittens, color=red, shadowColor=ShadowColorImpl[value=-65366], decorations=DecorationMap{obfuscated=not_set, bold=true, strikethrough=not_set, underlined=not_set, italic=not_set}, clickEvent=ClickEvent{action=open_url, payload=TextImpl[value=https://github.com]}, hoverEvent=null, insertion=null}" classname="io.papermc.paper.adventure.AdventureCodecsTest" time="0.008"/>
  <testcase name="[21] testMinecraftRoundTripStyle(DynamicOps, Style): net.minecraft.resources.RegistryOps@f9620e63, StyleImpl{font=null, color=null, shadowColor=null, decorations=DecorationMap{obfuscated=not_set, bold=not_set, strikethrough=not_set, underlined=not_set, italic=not_set}, clickEvent=null, hoverEvent=HoverEvent{action=show_entity, value=ShowEntity{type=minecraft:pig, id=491b01a4-b4bd-4aaa-b8aa-430a1829f206, name=TextComponentImpl{content='Dolores', children=[], style=StyleImpl{font=null, color=#0A1AB9, shadowColor=null, decorations=DecorationMap{obfuscated=not_set, bold=not_set, strikethrough=not_set, underlined=not_set, italic=not_set}, clickEvent=null, hoverEvent=null, insertion=null}}}}, insertion=null}" classname="io.papermc.paper.adventure.AdventureCodecsTest" time="0.002"/>
  <testcase name="[1] testDirectRoundTripStyle(DynamicOps, Style): net.minecraft.resources.RegistryOps@a27e271, StyleImpl{font=null, color=null, shadowColor=null, decorations=DecorationMap{obfuscated=not_set, bold=not_set, strikethrough=not_set, underlined=not_set, italic=not_set}, clickEvent=null, hoverEvent=null, insertion=null}" classname="io.papermc.paper.adventure.AdventureCodecsTest" time="0.0"/>
  <testcase name="[2] testDirectRoundTripStyle(DynamicOps, Style): net.minecraft.resources.RegistryOps@a27e271, StyleImpl{font=null, color=#0A1AB9, shadowColor=null, decorations=DecorationMap{obfuscated=not_set, bold=not_set, strikethrough=not_set, underlined=not_set, italic=not_set}, clickEvent=null, hoverEvent=null, insertion=null}" classname="io.papermc.paper.adventure.AdventureCodecsTest" time="0.0"/>
  <testcase name="[3] testDirectRoundTripStyle(DynamicOps, Style): net.minecraft.resources.RegistryOps@a27e271, StyleImpl{font=null, color=light_purple, shadowColor=null, decorations=DecorationMap{obfuscated=not_set, bold=not_set, strikethrough=not_set, underlined=not_set, italic=not_set}, clickEvent=null, hoverEvent=null, insertion=null}" classname="io.papermc.paper.adventure.AdventureCodecsTest" time="0.001"/>
  <testcase name="[4] testDirectRoundTripStyle(DynamicOps, Style): net.minecraft.resources.RegistryOps@a27e271, StyleImpl{font=null, color=null, shadowColor=null, decorations=DecorationMap{obfuscated=not_set, bold=true, strikethrough=not_set, underlined=not_set, italic=not_set}, clickEvent=null, hoverEvent=null, insertion=null}" classname="io.papermc.paper.adventure.AdventureCodecsTest" time="0.0"/>
  <testcase name="[5] testDirectRoundTripStyle(DynamicOps, Style): net.minecraft.resources.RegistryOps@a27e271, StyleImpl{font=null, color=null, shadowColor=null, decorations=DecorationMap{obfuscated=not_set, bold=false, strikethrough=not_set, underlined=not_set, italic=not_set}, clickEvent=null, hoverEvent=null, insertion=null}" classname="io.papermc.paper.adventure.AdventureCodecsTest" time="0.0"/>
  <testcase name="[6] testDirectRoundTripStyle(DynamicOps, Style): net.minecraft.resources.RegistryOps@a27e271, StyleImpl{font=kyori:kittens, color=red, shadowColor=ShadowColorImpl[value=-65366], decorations=DecorationMap{obfuscated=not_set, bold=true, strikethrough=not_set, underlined=not_set, italic=not_set}, clickEvent=ClickEvent{action=open_url, payload=TextImpl[value=https://github.com]}, hoverEvent=null, insertion=null}" classname="io.papermc.paper.adventure.AdventureCodecsTest" time="0.001"/>
  <testcase name="[7] testDirectRoundTripStyle(DynamicOps, Style): net.minecraft.resources.RegistryOps@a27e271, StyleImpl{font=null, color=null, shadowColor=null, decorations=DecorationMap{obfuscated=not_set, bold=not_set, strikethrough=not_set, underlined=not_set, italic=not_set}, clickEvent=null, hoverEvent=HoverEvent{action=show_entity, value=ShowEntity{type=minecraft:pig, id=4566c52c-a820-48c8-90f6-dca304d6b24e, name=TextComponentImpl{content='Dolores', children=[], style=StyleImpl{font=null, color=#0A1AB9, shadowColor=null, decorations=DecorationMap{obfuscated=not_set, bold=not_set, strikethrough=not_set, underlined=not_set, italic=not_set}, clickEvent=null, hoverEvent=null, insertion=null}}}}, insertion=null}" classname="io.papermc.paper.adventure.AdventureCodecsTest" time="0.001"/>
  <testcase name="[8] testDirectRoundTripStyle(DynamicOps, Style): net.minecraft.resources.RegistryOps@26513189, StyleImpl{font=null, color=null, shadowColor=null, decorations=DecorationMap{obfuscated=not_set, bold=not_set, strikethrough=not_set, underlined=not_set, italic=not_set}, clickEvent=null, hoverEvent=null, insertion=null}" classname="io.papermc.paper.adventure.AdventureCodecsTest" time="0.001"/>
  <testcase name="[9] testDirectRoundTripStyle(DynamicOps, Style): net.minecraft.resources.RegistryOps@26513189, StyleImpl{font=null, color=#0A1AB9, shadowColor=null, decorations=DecorationMap{obfuscated=not_set, bold=not_set, strikethrough=not_set, underlined=not_set, italic=not_set}, clickEvent=null, hoverEvent=null, insertion=null}" classname="io.papermc.paper.adventure.AdventureCodecsTest" time="0.0"/>
  <testcase name="[10] testDirectRoundTripStyle(DynamicOps, Style): net.minecraft.resources.RegistryOps@26513189, StyleImpl{font=null, color=light_purple, shadowColor=null, decorations=DecorationMap{obfuscated=not_set, bold=not_set, strikethrough=not_set, underlined=not_set, italic=not_set}, clickEvent=null, hoverEvent=null, insertion=null}" classname="io.papermc.paper.adventure.AdventureCodecsTest" time="0.0"/>
  <testcase name="[11] testDirectRoundTripStyle(DynamicOps, Style): net.minecraft.resources.RegistryOps@26513189, StyleImpl{font=null, color=null, shadowColor=null, decorations=DecorationMap{obfuscated=not_set, bold=true, strikethrough=not_set, underlined=not_set, italic=not_set}, clickEvent=null, hoverEvent=null, insertion=null}" classname="io.papermc.paper.adventure.AdventureCodecsTest" time="0.0"/>
  <testcase name="[12] testDirectRoundTripStyle(DynamicOps, Style): net.minecraft.resources.RegistryOps@26513189, StyleImpl{font=null, color=null, shadowColor=null, decorations=DecorationMap{obfuscated=not_set, bold=false, strikethrough=not_set, underlined=not_set, italic=not_set}, clickEvent=null, hoverEvent=null, insertion=null}" classname="io.papermc.paper.adventure.AdventureCodecsTest" time="0.0"/>
  <testcase name="[13] testDirectRoundTripStyle(DynamicOps, Style): net.minecraft.resources.RegistryOps@26513189, StyleImpl{font=kyori:kittens, color=red, shadowColor=ShadowColorImpl[value=-65366], decorations=DecorationMap{obfuscated=not_set, bold=true, strikethrough=not_set, underlined=not_set, italic=not_set}, clickEvent=ClickEvent{action=open_url, payload=TextImpl[value=https://github.com]}, hoverEvent=null, insertion=null}" classname="io.papermc.paper.adventure.AdventureCodecsTest" time="0.001"/>
  <testcase name="[14] testDirectRoundTripStyle(DynamicOps, Style): net.minecraft.resources.RegistryOps@26513189, StyleImpl{font=null, color=null, shadowColor=null, decorations=DecorationMap{obfuscated=not_set, bold=not_set, strikethrough=not_set, underlined=not_set, italic=not_set}, clickEvent=null, hoverEvent=HoverEvent{action=show_entity, value=ShowEntity{type=minecraft:pig, id=4566c52c-a820-48c8-90f6-dca304d6b24e, name=TextComponentImpl{content='Dolores', children=[], style=StyleImpl{font=null, color=#0A1AB9, shadowColor=null, decorations=DecorationMap{obfuscated=not_set, bold=not_set, strikethrough=not_set, underlined=not_set, italic=not_set}, clickEvent=null, hoverEvent=null, insertion=null}}}}, insertion=null}" classname="io.papermc.paper.adventure.AdventureCodecsTest" time="0.001"/>
  <testcase name="[15] testDirectRoundTripStyle(DynamicOps, Style): net.minecraft.resources.RegistryOps@f9620e63, StyleImpl{font=null, color=null, shadowColor=null, decorations=DecorationMap{obfuscated=not_set, bold=not_set, strikethrough=not_set, underlined=not_set, italic=not_set}, clickEvent=null, hoverEvent=null, insertion=null}" classname="io.papermc.paper.adventure.AdventureCodecsTest" time="0.001"/>
  <testcase name="[16] testDirectRoundTripStyle(DynamicOps, Style): net.minecraft.resources.RegistryOps@f9620e63, StyleImpl{font=null, color=#0A1AB9, shadowColor=null, decorations=DecorationMap{obfuscated=not_set, bold=not_set, strikethrough=not_set, underlined=not_set, italic=not_set}, clickEvent=null, hoverEvent=null, insertion=null}" classname="io.papermc.paper.adventure.AdventureCodecsTest" time="0.0"/>
  <testcase name="[17] testDirectRoundTripStyle(DynamicOps, Style): net.minecraft.resources.RegistryOps@f9620e63, StyleImpl{font=null, color=light_purple, shadowColor=null, decorations=DecorationMap{obfuscated=not_set, bold=not_set, strikethrough=not_set, underlined=not_set, italic=not_set}, clickEvent=null, hoverEvent=null, insertion=null}" classname="io.papermc.paper.adventure.AdventureCodecsTest" time="0.0"/>
  <testcase name="[18] testDirectRoundTripStyle(DynamicOps, Style): net.minecraft.resources.RegistryOps@f9620e63, StyleImpl{font=null, color=null, shadowColor=null, decorations=DecorationMap{obfuscated=not_set, bold=true, strikethrough=not_set, underlined=not_set, italic=not_set}, clickEvent=null, hoverEvent=null, insertion=null}" classname="io.papermc.paper.adventure.AdventureCodecsTest" time="0.0"/>
  <testcase name="[19] testDirectRoundTripStyle(DynamicOps, Style): net.minecraft.resources.RegistryOps@f9620e63, StyleImpl{font=null, color=null, shadowColor=null, decorations=DecorationMap{obfuscated=not_set, bold=false, strikethrough=not_set, underlined=not_set, italic=not_set}, clickEvent=null, hoverEvent=null, insertion=null}" classname="io.papermc.paper.adventure.AdventureCodecsTest" time="0.001"/>
  <testcase name="[20] testDirectRoundTripStyle(DynamicOps, Style): net.minecraft.resources.RegistryOps@f9620e63, StyleImpl{font=kyori:kittens, color=red, shadowColor=ShadowColorImpl[value=-65366], decorations=DecorationMap{obfuscated=not_set, bold=true, strikethrough=not_set, underlined=not_set, italic=not_set}, clickEvent=ClickEvent{action=open_url, payload=TextImpl[value=https://github.com]}, hoverEvent=null, insertion=null}" classname="io.papermc.paper.adventure.AdventureCodecsTest" time="0.001"/>
  <testcase name="[21] testDirectRoundTripStyle(DynamicOps, Style): net.minecraft.resources.RegistryOps@f9620e63, StyleImpl{font=null, color=null, shadowColor=null, decorations=DecorationMap{obfuscated=not_set, bold=not_set, strikethrough=not_set, underlined=not_set, italic=not_set}, clickEvent=null, hoverEvent=HoverEvent{action=show_entity, value=ShowEntity{type=minecraft:pig, id=4566c52c-a820-48c8-90f6-dca304d6b24e, name=TextComponentImpl{content='Dolores', children=[], style=StyleImpl{font=null, color=#0A1AB9, shadowColor=null, decorations=DecorationMap{obfuscated=not_set, bold=not_set, strikethrough=not_set, underlined=not_set, italic=not_set}, clickEvent=null, hoverEvent=null, insertion=null}}}}, insertion=null}" classname="io.papermc.paper.adventure.AdventureCodecsTest" time="0.001"/>
  <testcase name="testTextColor()" classname="io.papermc.paper.adventure.AdventureCodecsTest" time="0.0"/>
  <testcase name="testShowEntityHoverEvent()" classname="io.papermc.paper.adventure.AdventureCodecsTest" time="0.0"/>
  <testcase name="testShowTextHoverEvent()" classname="io.papermc.paper.adventure.AdventureCodecsTest" time="0.001"/>
  <testcase name="[1] testDirectRoundTripComponent(DynamicOps, Component): net.minecraft.resources.RegistryOps@a27e271, TextComponentImpl{content='', children=[], style=StyleImpl{font=null, color=null, shadowColor=null, decorations=DecorationMap{obfuscated=not_set, bold=not_set, strikethrough=not_set, underlined=not_set, italic=not_set}, clickEvent=null, hoverEvent=null, insertion=null}}" classname="io.papermc.paper.adventure.AdventureCodecsTest" time="0.002"/>
  <testcase name="[2] testDirectRoundTripComponent(DynamicOps, Component): net.minecraft.resources.RegistryOps@a27e271, TextComponentImpl{content='Hello, world.', children=[], style=StyleImpl{font=null, color=null, shadowColor=null, decorations=DecorationMap{obfuscated=not_set, bold=not_set, strikethrough=not_set, underlined=not_set, italic=not_set}, clickEvent=null, hoverEvent=null, insertion=null}}" classname="io.papermc.paper.adventure.AdventureCodecsTest" time="0.001"/>
  <testcase name="[3] testDirectRoundTripComponent(DynamicOps, Component): net.minecraft.resources.RegistryOps@a27e271, TextComponentImpl{content='c', children=[TextComponentImpl{content='o', children=[], style=StyleImpl{font=null, color=dark_aqua, shadowColor=null, decorations=DecorationMap{obfuscated=not_set, bold=not_set, strikethrough=not_set, underlined=not_set, italic=not_set}, clickEvent=null, hoverEvent=null, insertion=null}}, TextComponentImpl{content='l', children=[], style=StyleImpl{font=null, color=light_purple, shadowColor=null, decorations=DecorationMap{obfuscated=not_set, bold=not_set, strikethrough=not_set, underlined=not_set, italic=not_set}, clickEvent=null, hoverEvent=null, insertion=null}}, TextComponentImpl{content='o', children=[], style=StyleImpl{font=null, color=dark_purple, shadowColor=null, decorations=DecorationMap{obfuscated=not_set, bold=not_set, strikethrough=not_set, underlined=not_set, italic=not_set}, clickEvent=null, hoverEvent=null, insertion=null}}, TextComponentImpl{content='u', children=[], style=StyleImpl{font=null, color=blue, shadowColor=null, decorations=DecorationMap{obfuscated=not_set, bold=not_set, strikethrough=not_set, underlined=not_set, italic=not_set}, clickEvent=null, hoverEvent=null, insertion=null}}, TextComponentImpl{content='r', children=[], style=StyleImpl{font=null, color=dark_green, shadowColor=null, decorations=DecorationMap{obfuscated=not_set, bold=not_set, strikethrough=not_set, underlined=not_set, italic=not_set}, clickEvent=null, hoverEvent=null, insertion=null}}, TextComponentImpl{content='s', children=[], style=StyleImpl{font=null, color=red, shadowColor=null, decorations=DecorationMap{obfuscated=not_set, bold=not_set, strikethrough=not_set, underlined=not_set, italic=not_set}, clickEvent=null, hoverEvent=null, insertion=null}}], style=StyleImpl{font=null, color=gold, shadowColor=null, decorations=DecorationMap{obfuscated=not_set, bold=not_set, strikethrough=not_set, underlined=not_set, italic=not_set}, clickEvent=null, hoverEvent=null, insertion=null}}" classname="io.papermc.paper.adventure.AdventureCodecsTest" time="0.001"/>
  <testcase name="[4] testDirectRoundTripComponent(DynamicOps, Component): net.minecraft.resources.RegistryOps@a27e271, TextComponentImpl{content='This is a test.', children=[TextComponentImpl{content=' ', children=[], style=StyleImpl{font=null, color=null, shadowColor=null, decorations=DecorationMap{obfuscated=not_set, bold=not_set, strikethrough=not_set, underlined=not_set, italic=not_set}, clickEvent=null, hoverEvent=null, insertion=null}}, TextComponentImpl{content='A what?', children=[], style=StyleImpl{font=null, color=dark_aqua, shadowColor=null, decorations=DecorationMap{obfuscated=not_set, bold=not_set, strikethrough=not_set, underlined=not_set, italic=not_set}, clickEvent=null, hoverEvent=null, insertion=null}}], style=StyleImpl{font=null, color=dark_purple, shadowColor=null, decorations=DecorationMap{obfuscated=not_set, bold=not_set, strikethrough=not_set, underlined=not_set, italic=not_set}, clickEvent=null, hoverEvent=HoverEvent{action=show_text, value=TextComponentImpl{content='A test.', children=[], style=StyleImpl{font=null, color=null, shadowColor=null, decorations=DecorationMap{obfuscated=not_set, bold=not_set, strikethrough=not_set, underlined=not_set, italic=not_set}, clickEvent=null, hoverEvent=null, insertion=null}}}, insertion=null}}" classname="io.papermc.paper.adventure.AdventureCodecsTest" time="0.0"/>
  <testcase name="[5] testDirectRoundTripComponent(DynamicOps, Component): net.minecraft.resources.RegistryOps@a27e271, TextComponentImpl{content='', children=[TextComponentImpl{content='Hello', children=[], style=StyleImpl{font=null, color=null, shadowColor=null, decorations=DecorationMap{obfuscated=not_set, bold=not_set, strikethrough=not_set, underlined=not_set, italic=not_set}, clickEvent=null, hoverEvent=null, insertion=null}}], style=StyleImpl{font=null, color=null, shadowColor=null, decorations=DecorationMap{obfuscated=not_set, bold=not_set, strikethrough=not_set, underlined=not_set, italic=not_set}, clickEvent=null, hoverEvent=null, insertion=null}}" classname="io.papermc.paper.adventure.AdventureCodecsTest" time="0.0"/>
  <testcase name="[6] testDirectRoundTripComponent(DynamicOps, Component): net.minecraft.resources.RegistryOps@a27e271, TextComponentImpl{content='', children=[TextComponentImpl{content='|', children=[], style=StyleImpl{font=null, color=#FF0000, shadowColor=null, decorations=DecorationMap{obfuscated=not_set, bold=not_set, strikethrough=not_set, underlined=not_set, italic=not_set}, clickEvent=null, hoverEvent=null, insertion=null}}, TextComponentImpl{content='|', children=[], style=StyleImpl{font=null, color=#FF2100, shadowColor=null, decorations=DecorationMap{obfuscated=not_set, bold=not_set, strikethrough=not_set, underlined=not_set, italic=not_set}, clickEvent=null, hoverEvent=null, insertion=null}}, TextComponentImpl{content='|', children=[], style=StyleImpl{font=null, color=#FF4300, shadowColor=null, decorations=DecorationMap{obfuscated=not_set, bold=not_set, strikethrough=not_set, underlined=not_set, italic=not_set}, clickEvent=null, hoverEvent=null, insertion=null}}, TextComponentImpl{content='|', children=[], style=StyleImpl{font=null, color=#FF6600, shadowColor=null, decorations=DecorationMap{obfuscated=not_set, bold=not_set, strikethrough=not_set, underlined=not_set, italic=not_set}, clickEvent=null, hoverEvent=null, insertion=null}}, TextComponentImpl{content='|', children=[], style=StyleImpl{font=null, color=#FF8800, shadowColor=null, decorations=DecorationMap{obfuscated=not_set, bold=not_set, strikethrough=not_set, underlined=not_set, italic=not_set}, clickEvent=null, hoverEvent=null, insertion=null}}, TextComponentImpl{content='|', children=[], style=StyleImpl{font=null, color=gold, shadowColor=null, decorations=DecorationMap{obfuscated=not_set, bold=not_set, strikethrough=not_set, underlined=not_set, italic=not_set}, clickEvent=null, hoverEvent=null, insertion=null}}, TextComponentImpl{content='|', children=[], style=StyleImpl{font=null, color=#FFCC00, shadowColor=null, decorations=DecorationMap{obfuscated=not_set, bold=not_set, strikethrough=not_set, underlined=not_set, italic=not_set}, clickEvent=null, hoverEvent=null, insertion=null}}, TextComponentImpl{content='|', children=[], style=StyleImpl{font=null, color=#FFEE00, shadowColor=null, decorations=DecorationMap{obfuscated=not_set, bold=not_set, strikethrough=not_set, underlined=not_set, italic=not_set}, clickEvent=null, hoverEvent=null, insertion=null}}, TextComponentImpl{content='|', children=[], style=StyleImpl{font=null, color=#EDFF00, shadowColor=null, decorations=DecorationMap{obfuscated=not_set, bold=not_set, strikethrough=not_set, underlined=not_set, italic=not_set}, clickEvent=null, hoverEvent=null, insertion=null}}, TextComponentImpl{content='|', children=[], style=StyleImpl{font=null, color=#CBFF00, shadowColor=null, decorations=DecorationMap{obfuscated=not_set, bold=not_set, strikethrough=not_set, underlined=not_set, italic=not_set}, clickEvent=null, hoverEvent=null, insertion=null}}, TextComponentImpl{content='|', children=[], style=StyleImpl{font=null, color=#A9FF00, shadowColor=null, decorations=DecorationMap{obfuscated=not_set, bold=not_set, strikethrough=not_set, underlined=not_set, italic=not_set}, clickEvent=null, hoverEvent=null, insertion=null}}, TextComponentImpl{content='|', children=[], style=StyleImpl{font=null, color=#87FF00, shadowColor=null, decorations=DecorationMap{obfuscated=not_set, bold=not_set, strikethrough=not_set, underlined=not_set, italic=not_set}, clickEvent=null, hoverEvent=null, insertion=null}}, TextComponentImpl{content='|', children=[], style=StyleImpl{font=null, color=#65FF00, shadowColor=null, decorations=DecorationMap{obfuscated=not_set, bold=not_set, strikethrough=not_set, underlined=not_set, italic=not_set}, clickEvent=null, hoverEvent=null, insertion=null}}, TextComponentImpl{content='|', children=[], style=StyleImpl{font=null, color=#43FF00, shadowColor=null, decorations=DecorationMap{obfuscated=not_set, bold=not_set, strikethrough=not_set, underlined=not_set, italic=not_set}, clickEvent=null, hoverEvent=null, insertion=null}}, TextComponentImpl{content='|', children=[], style=StyleImpl{font=null, color=#21FF00, shadowColor=null, decorations=DecorationMap{obfuscated=not_set, bold=not_set, strikethrough=not_set, underlined=not_set, italic=not_set}, clickEvent=null, hoverEvent=null, insertion=null}}, TextComponentImpl{content='|', children=[], style=StyleImpl{font=null, color=#00FF00, shadowColor=null, decorations=DecorationMap{obfuscated=not_set, bold=not_set, strikethrough=not_set, underlined=not_set, italic=not_set}, clickEvent=null, hoverEvent=null, insertion=null}}, TextComponentImpl{content='|', children=[], style=StyleImpl{font=null, color=#00FF22, shadowColor=null, decorations=DecorationMap{obfuscated=not_set, bold=not_set, strikethrough=not_set, underlined=not_set, italic=not_set}, clickEvent=null, hoverEvent=null, insertion=null}}, TextComponentImpl{content='|', children=[], style=StyleImpl{font=null, color=#00FF43, shadowColor=null, decorations=DecorationMap{obfuscated=not_set, bold=not_set, strikethrough=not_set, underlined=not_set, italic=not_set}, clickEvent=null, hoverEvent=null, insertion=null}}, TextComponentImpl{content='|', children=[], style=StyleImpl{font=null, color=#00FF66, shadowColor=null, decorations=DecorationMap{obfuscated=not_set, bold=not_set, strikethrough=not_set, underlined=not_set, italic=not_set}, clickEvent=null, hoverEvent=null, insertion=null}}, TextComponentImpl{content='|', children=[], style=StyleImpl{font=null, color=#00FF87, shadowColor=null, decorations=DecorationMap{obfuscated=not_set, bold=not_set, strikethrough=not_set, underlined=not_set, italic=not_set}, clickEvent=null, hoverEvent=null, insertion=null}}, TextComponentImpl{content='|', children=[], style=StyleImpl{font=null, color=#00FFAA, shadowColor=null, decorations=DecorationMap{obfuscated=not_set, bold=not_set, strikethrough=not_set, underlined=not_set, italic=not_set}, clickEvent=null, hoverEvent=null, insertion=null}}, TextComponentImpl{content='|', children=[], style=StyleImpl{font=null, color=#00FFCB, shadowColor=null, decorations=DecorationMap{obfuscated=not_set, bold=not_set, strikethrough=not_set, underlined=not_set, italic=not_set}, clickEvent=null, hoverEvent=null, insertion=null}}, TextComponentImpl{content='|', children=[], style=StyleImpl{font=null, color=#00FFEE, shadowColor=null, decorations=DecorationMap{obfuscated=not_set, bold=not_set, strikethrough=not_set, underlined=not_set, italic=not_set}, clickEvent=null, hoverEvent=null, insertion=null}}, TextComponentImpl{content='', children=[TextComponentImpl{content='|', children=[], style=StyleImpl{font=null, color=#00EDFF, shadowColor=null, decorations=DecorationMap{obfuscated=not_set, bold=not_set, strikethrough=not_set, underlined=not_set, italic=not_set}, clickEvent=null, hoverEvent=null, insertion=null}}, TextComponentImpl{content='|', children=[], style=StyleImpl{font=null, color=#00CBFF, shadowColor=null, decorations=DecorationMap{obfuscated=not_set, bold=not_set, strikethrough=not_set, underlined=not_set, italic=not_set}, clickEvent=null, hoverEvent=null, insertion=null}}, TextComponentImpl{content='|', children=[], style=StyleImpl{font=null, color=#00A9FF, shadowColor=null, decorations=DecorationMap{obfuscated=not_set, bold=not_set, strikethrough=not_set, underlined=not_set, italic=not_set}, clickEvent=null, hoverEvent=null, insertion=null}}, TextComponentImpl{content='|', children=[], style=StyleImpl{font=null, color=#0087FF, shadowColor=null, decorations=DecorationMap{obfuscated=not_set, bold=not_set, strikethrough=not_set, underlined=not_set, italic=not_set}, clickEvent=null, hoverEvent=null, insertion=null}}, TextComponentImpl{content='|', children=[], style=StyleImpl{font=null, color=#0065FF, shadowColor=null, decorations=DecorationMap{obfuscated=not_set, bold=not_set, strikethrough=not_set, underlined=not_set, italic=not_set}, clickEvent=null, hoverEvent=null, insertion=null}}, TextComponentImpl{content='|', children=[], style=StyleImpl{font=null, color=#0043FF, shadowColor=null, decorations=DecorationMap{obfuscated=not_set, bold=not_set, strikethrough=not_set, underlined=not_set, italic=not_set}, clickEvent=null, hoverEvent=null, insertion=null}}, TextComponentImpl{content='|', children=[], style=StyleImpl{font=null, color=#0021FF, shadowColor=null, decorations=DecorationMap{obfuscated=not_set, bold=not_set, strikethrough=not_set, underlined=not_set, italic=not_set}, clickEvent=null, hoverEvent=null, insertion=null}}, TextComponentImpl{content='|', children=[], style=StyleImpl{font=null, color=#0000FF, shadowColor=null, decorations=DecorationMap{obfuscated=not_set, bold=not_set, strikethrough=not_set, underlined=not_set, italic=not_set}, clickEvent=null, hoverEvent=null, insertion=null}}, TextComponentImpl{content='|', children=[], style=StyleImpl{font=null, color=#2100FF, shadowColor=null, decorations=DecorationMap{obfuscated=not_set, bold=not_set, strikethrough=not_set, underlined=not_set, italic=not_set}, clickEvent=null, hoverEvent=null, insertion=null}}, TextComponentImpl{content='|', children=[], style=StyleImpl{font=null, color=#4400FF, shadowColor=null, decorations=DecorationMap{obfuscated=not_set, bold=not_set, strikethrough=not_set, underlined=not_set, italic=not_set}, clickEvent=null, hoverEvent=null, insertion=null}}, TextComponentImpl{content='|', children=[], style=StyleImpl{font=null, color=#6600FF, shadowColor=null, decorations=DecorationMap{obfuscated=not_set, bold=not_set, strikethrough=not_set, underlined=not_set, italic=not_set}, clickEvent=null, hoverEvent=null, insertion=null}}, TextComponentImpl{content='|', children=[], style=StyleImpl{font=null, color=#8700FF, shadowColor=null, decorations=DecorationMap{obfuscated=not_set, bold=not_set, strikethrough=not_set, underlined=not_set, italic=not_set}, clickEvent=null, hoverEvent=null, insertion=null}}, TextComponentImpl{content='|', children=[], style=StyleImpl{font=null, color=#AA00FF, shadowColor=null, decorations=DecorationMap{obfuscated=not_set, bold=not_set, strikethrough=not_set, underlined=not_set, italic=not_set}, clickEvent=null, hoverEvent=null, insertion=null}}], style=StyleImpl{font=null, color=null, shadowColor=null, decorations=DecorationMap{obfuscated=not_set, bold=true, strikethrough=not_set, underlined=not_set, italic=not_set}, clickEvent=null, hoverEvent=null, insertion=null}}, TextComponentImpl{content='', children=[TextComponentImpl{content='|', children=[], style=StyleImpl{font=null, color=#CC00FF, shadowColor=null, decorations=DecorationMap{obfuscated=not_set, bold=not_set, strikethrough=not_set, underlined=not_set, italic=not_set}, clickEvent=null, hoverEvent=null, insertion=null}}, TextComponentImpl{content='|', children=[], style=StyleImpl{font=null, color=#EE00FF, shadowColor=null, decorations=DecorationMap{obfuscated=not_set, bold=not_set, strikethrough=not_set, underlined=not_set, italic=not_set}, clickEvent=null, hoverEvent=null, insertion=null}}, TextComponentImpl{content='|', children=[], style=StyleImpl{font=null, color=#FF00EE, shadowColor=null, decorations=DecorationMap{obfuscated=not_set, bold=not_set, strikethrough=not_set, underlined=not_set, italic=not_set}, clickEvent=null, hoverEvent=null, insertion=null}}, TextComponentImpl{content='|', children=[], style=StyleImpl{font=null, color=#FF00CC, shadowColor=null, decorations=DecorationMap{obfuscated=not_set, bold=not_set, strikethrough=not_set, underlined=not_set, italic=not_set}, clickEvent=null, hoverEvent=null, insertion=null}}, TextComponentImpl{content='|', children=[], style=StyleImpl{font=null, color=#FF00A9, shadowColor=null, decorations=DecorationMap{obfuscated=not_set, bold=not_set, strikethrough=not_set, underlined=not_set, italic=not_set}, clickEvent=null, hoverEvent=null, insertion=null}}, TextComponentImpl{content='|', children=[], style=StyleImpl{font=null, color=#FF0087, shadowColor=null, decorations=DecorationMap{obfuscated=not_set, bold=not_set, strikethrough=not_set, underlined=not_set, italic=not_set}, clickEvent=null, hoverEvent=null, insertion=null}}, TextComponentImpl{content='|', children=[], style=StyleImpl{font=null, color=#FF0066, shadowColor=null, decorations=DecorationMap{obfuscated=not_set, bold=not_set, strikethrough=not_set, underlined=not_set, italic=not_set}, clickEvent=null, hoverEvent=null, insertion=null}}, TextComponentImpl{content='|', children=[], style=StyleImpl{font=null, color=#FF0043, shadowColor=null, decorations=DecorationMap{obfuscated=not_set, bold=not_set, strikethrough=not_set, underlined=not_set, italic=not_set}, clickEvent=null, hoverEvent=null, insertion=null}}, TextComponentImpl{content='|', children=[], style=StyleImpl{font=null, color=#FF0021, shadowColor=null, decorations=DecorationMap{obfuscated=not_set, bold=not_set, strikethrough=not_set, underlined=not_set, italic=not_set}, clickEvent=null, hoverEvent=null, insertion=null}}], style=StyleImpl{font=null, color=null, shadowColor=null, decorations=DecorationMap{obfuscated=not_set, bold=not_set, strikethrough=not_set, underlined=not_set, italic=not_set}, clickEvent=null, hoverEvent=null, insertion=null}}], style=StyleImpl{font=null, color=null, shadowColor=null, decorations=DecorationMap{obfuscated=not_set, bold=not_set, strikethrough=not_set, underlined=not_set, italic=not_set}, clickEvent=null, hoverEvent=null, insertion=null}}" classname="io.papermc.paper.adventure.AdventureCodecsTest" time="0.004"/>
  <testcase name="[7] testDirectRoundTripComponent(DynamicOps, Component): net.minecraft.resources.RegistryOps@a27e271, TranslatableComponentImpl[children=[], style=StyleImpl{font=null, color=null, shadowColor=null, decorations=DecorationMap{obfuscated=not_set, bold=not_set, strikethrough=not_set, underlined=not_set, italic=not_set}, clickEvent=null, hoverEvent=null, insertion=null}, key=multiplayer.player.left, fallback=null, args=[]]" classname="io.papermc.paper.adventure.AdventureCodecsTest" time="0.001"/>
  <testcase name="[8] testDirectRoundTripComponent(DynamicOps, Component): net.minecraft.resources.RegistryOps@a27e271, TranslatableComponentImpl[children=[], style=StyleImpl{font=null, color=null, shadowColor=null, decorations=DecorationMap{obfuscated=not_set, bold=not_set, strikethrough=not_set, underlined=not_set, italic=not_set}, clickEvent=null, hoverEvent=null, insertion=null}, key=thisIsA, fallback=This is a test., args=[]]" classname="io.papermc.paper.adventure.AdventureCodecsTest" time="0.001"/>
  <testcase name="[9] testDirectRoundTripComponent(DynamicOps, Component): net.minecraft.resources.RegistryOps@a27e271, TranslatableComponentImpl[children=[], style=StyleImpl{font=null, color=null, shadowColor=null, decorations=DecorationMap{obfuscated=not_set, bold=not_set, strikethrough=not_set, underlined=not_set, italic=not_set}, clickEvent=null, hoverEvent=null, insertion=null}, key=multiplayer.player.left, fallback=null, args=[TranslationArgumentImpl[value=2147483647], TranslationArgumentImpl[value=TextComponentImpl{content='HEY', children=[], style=StyleImpl{font=null, color=null, shadowColor=null, decorations=DecorationMap{obfuscated=not_set, bold=not_set, strikethrough=not_set, underlined=not_set, italic=not_set}, clickEvent=null, hoverEvent=null, insertion=null}}]]]" classname="io.papermc.paper.adventure.AdventureCodecsTest" time="0.003"/>
  <testcase name="[10] testDirectRoundTripComponent(DynamicOps, Component): net.minecraft.resources.RegistryOps@a27e271, TranslatableComponentImpl[children=[], style=StyleImpl{font=null, color=yellow, shadowColor=null, decorations=DecorationMap{obfuscated=not_set, bold=not_set, strikethrough=not_set, underlined=not_set, italic=not_set}, clickEvent=null, hoverEvent=null, insertion=null}, key=multiplayer.player.left, fallback=null, args=[TranslationArgumentImpl[value=TextComponentImpl{content='kashike', children=[], style=StyleImpl{font=null, color=null, shadowColor=null, decorations=DecorationMap{obfuscated=not_set, bold=not_set, strikethrough=not_set, underlined=not_set, italic=not_set}, clickEvent=ClickEvent{action=suggest_command, payload=TextImpl[value=/msg kashike ]}, hoverEvent=HoverEvent{action=show_entity, value=ShowEntity{type=minecraft:player, id=eb121687-8b1a-4944-bd4d-e0a818d9dfe2, name=TextComponentImpl{content='kashike', children=[], style=StyleImpl{font=null, color=null, shadowColor=null, decorations=DecorationMap{obfuscated=not_set, bold=not_set, strikethrough=not_set, underlined=not_set, italic=not_set}, clickEvent=null, hoverEvent=null, insertion=null}}}}, insertion=null}}]]]" classname="io.papermc.paper.adventure.AdventureCodecsTest" time="0.002"/>
  <testcase name="[11] testDirectRoundTripComponent(DynamicOps, Component): net.minecraft.resources.RegistryOps@a27e271, KeybindComponentImpl[children=[], style=StyleImpl{font=null, color=null, shadowColor=null, decorations=DecorationMap{obfuscated=not_set, bold=not_set, strikethrough=not_set, underlined=not_set, italic=not_set}, clickEvent=null, hoverEvent=null, insertion=null}, keybind=key.jump]" classname="io.papermc.paper.adventure.AdventureCodecsTest" time="0.001"/>
  <testcase name="[12] testDirectRoundTripComponent(DynamicOps, Component): net.minecraft.resources.RegistryOps@a27e271, ScoreComponentImpl[children=[], style=StyleImpl{font=null, color=null, shadowColor=null, decorations=DecorationMap{obfuscated=not_set, bold=not_set, strikethrough=not_set, underlined=not_set, italic=not_set}, clickEvent=null, hoverEvent=null, insertion=null}, name=abc, objective=def, value=null]" classname="io.papermc.paper.adventure.AdventureCodecsTest" time="0.004"/>
  <testcase name="[13] testDirectRoundTripComponent(DynamicOps, Component): net.minecraft.resources.RegistryOps@a27e271, SelectorComponentImpl[children=[], style=StyleImpl{font=null, color=null, shadowColor=null, decorations=DecorationMap{obfuscated=not_set, bold=not_set, strikethrough=not_set, underlined=not_set, italic=not_set}, clickEvent=null, hoverEvent=null, insertion=null}, pattern=@p, separator=null]" classname="io.papermc.paper.adventure.AdventureCodecsTest" time="0.0"/>
  <testcase name="[14] testDirectRoundTripComponent(DynamicOps, Component): net.minecraft.resources.RegistryOps@a27e271, SelectorComponentImpl[children=[], style=StyleImpl{font=null, color=null, shadowColor=null, decorations=DecorationMap{obfuscated=not_set, bold=not_set, strikethrough=not_set, underlined=not_set, italic=not_set}, clickEvent=null, hoverEvent=null, insertion=null}, pattern=@p, separator=TextComponentImpl{content=',', children=[], style=StyleImpl{font=null, color=null, shadowColor=null, decorations=DecorationMap{obfuscated=not_set, bold=not_set, strikethrough=not_set, underlined=not_set, italic=not_set}, clickEvent=null, hoverEvent=null, insertion=null}}]" classname="io.papermc.paper.adventure.AdventureCodecsTest" time="0.001"/>
  <testcase name="[15] testDirectRoundTripComponent(DynamicOps, Component): net.minecraft.resources.RegistryOps@a27e271, BlockNBTComponentImpl[children=[], style=StyleImpl{font=null, color=null, shadowColor=null, decorations=DecorationMap{obfuscated=not_set, bold=not_set, strikethrough=not_set, underlined=not_set, italic=not_set}, clickEvent=null, hoverEvent=null, insertion=null}, nbtPath=abc, interpret=false, separator=null, pos=^1.230000 ^2.000000 ^3.890000, plain=false]" classname="io.papermc.paper.adventure.AdventureCodecsTest" time="0.004"/>
  <testcase name="[16] testDirectRoundTripComponent(DynamicOps, Component): net.minecraft.resources.RegistryOps@a27e271, BlockNBTComponentImpl[children=[], style=StyleImpl{font=null, color=null, shadowColor=null, decorations=DecorationMap{obfuscated=not_set, bold=not_set, strikethrough=not_set, underlined=not_set, italic=not_set}, clickEvent=null, hoverEvent=null, insertion=null}, nbtPath=xyz, interpret=true, separator=null, pos=4 5 6, plain=false]" classname="io.papermc.paper.adventure.AdventureCodecsTest" time="0.001"/>
  <testcase name="[17] testDirectRoundTripComponent(DynamicOps, Component): net.minecraft.resources.RegistryOps@a27e271, BlockNBTComponentImpl[children=[], style=StyleImpl{font=null, color=null, shadowColor=null, decorations=DecorationMap{obfuscated=not_set, bold=not_set, strikethrough=not_set, underlined=not_set, italic=not_set}, clickEvent=null, hoverEvent=null, insertion=null}, nbtPath=eeee, interpret=false, separator=TextComponentImpl{content=';', children=[], style=StyleImpl{font=null, color=null, shadowColor=null, decorations=DecorationMap{obfuscated=not_set, bold=not_set, strikethrough=not_set, underlined=not_set, italic=not_set}, clickEvent=null, hoverEvent=null, insertion=null}}, pos=~7 ~83 ~900, plain=false]" classname="io.papermc.paper.adventure.AdventureCodecsTest" time="0.0"/>
  <testcase name="[18] testDirectRoundTripComponent(DynamicOps, Component): net.minecraft.resources.RegistryOps@a27e271, BlockNBTComponentImpl[children=[], style=StyleImpl{font=null, color=null, shadowColor=null, decorations=DecorationMap{obfuscated=not_set, bold=not_set, strikethrough=not_set, underlined=not_set, italic=not_set}, clickEvent=null, hoverEvent=null, insertion=null}, nbtPath=qwert, interpret=false, separator=null, pos=12 ~3 1200, plain=false]" classname="io.papermc.paper.adventure.AdventureCodecsTest" time="0.0"/>
  <testcase name="[19] testDirectRoundTripComponent(DynamicOps, Component): net.minecraft.resources.RegistryOps@a27e271, EntityNBTComponentImpl[children=[], style=StyleImpl{font=null, color=null, shadowColor=null, decorations=DecorationMap{obfuscated=not_set, bold=not_set, strikethrough=not_set, underlined=not_set, italic=not_set}, clickEvent=null, hoverEvent=null, insertion=null}, nbtPath=abc, interpret=false, separator=null, selector=test, plain=false]" classname="io.papermc.paper.adventure.AdventureCodecsTest" time="0.0"/>
  <testcase name="[20] testDirectRoundTripComponent(DynamicOps, Component): net.minecraft.resources.RegistryOps@a27e271, EntityNBTComponentImpl[children=[], style=StyleImpl{font=null, color=null, shadowColor=null, decorations=DecorationMap{obfuscated=not_set, bold=not_set, strikethrough=not_set, underlined=not_set, italic=not_set}, clickEvent=null, hoverEvent=null, insertion=null}, nbtPath=abc, interpret=false, separator=TextComponentImpl{content=',', children=[], style=StyleImpl{font=null, color=null, shadowColor=null, decorations=DecorationMap{obfuscated=not_set, bold=not_set, strikethrough=not_set, underlined=not_set, italic=not_set}, clickEvent=null, hoverEvent=null, insertion=null}}, selector=test, plain=false]" classname="io.papermc.paper.adventure.AdventureCodecsTest" time="0.001"/>
  <testcase name="[21] testDirectRoundTripComponent(DynamicOps, Component): net.minecraft.resources.RegistryOps@a27e271, EntityNBTComponentImpl[children=[], style=StyleImpl{font=null, color=null, shadowColor=null, decorations=DecorationMap{obfuscated=not_set, bold=not_set, strikethrough=not_set, underlined=not_set, italic=not_set}, clickEvent=null, hoverEvent=null, insertion=null}, nbtPath=abc, interpret=true, separator=null, selector=test, plain=false]" classname="io.papermc.paper.adventure.AdventureCodecsTest" time="0.001"/>
  <testcase name="[22] testDirectRoundTripComponent(DynamicOps, Component): net.minecraft.resources.RegistryOps@a27e271, StorageNBTComponentImpl[children=[], style=StyleImpl{font=null, color=null, shadowColor=null, decorations=DecorationMap{obfuscated=not_set, bold=not_set, strikethrough=not_set, underlined=not_set, italic=not_set}, clickEvent=null, hoverEvent=null, insertion=null}, nbtPath=abc, interpret=false, separator=null, storage=doom:apple, plain=false]" classname="io.papermc.paper.adventure.AdventureCodecsTest" time="0.001"/>
  <testcase name="[23] testDirectRoundTripComponent(DynamicOps, Component): net.minecraft.resources.RegistryOps@a27e271, StorageNBTComponentImpl[children=[], style=StyleImpl{font=null, color=null, shadowColor=null, decorations=DecorationMap{obfuscated=not_set, bold=not_set, strikethrough=not_set, underlined=not_set, italic=not_set}, clickEvent=null, hoverEvent=null, insertion=null}, nbtPath=abc, interpret=false, separator=TextComponentImpl{content=', ', children=[], style=StyleImpl{font=null, color=null, shadowColor=null, decorations=DecorationMap{obfuscated=not_set, bold=not_set, strikethrough=not_set, underlined=not_set, italic=not_set}, clickEvent=null, hoverEvent=null, insertion=null}}, storage=doom:apple, plain=false]" classname="io.papermc.paper.adventure.AdventureCodecsTest" time="0.001"/>
  <testcase name="[24] testDirectRoundTripComponent(DynamicOps, Component): net.minecraft.resources.RegistryOps@a27e271, StorageNBTComponentImpl[children=[], style=StyleImpl{font=null, color=null, shadowColor=null, decorations=DecorationMap{obfuscated=not_set, bold=not_set, strikethrough=not_set, underlined=not_set, italic=not_set}, clickEvent=null, hoverEvent=null, insertion=null}, nbtPath=abc, interpret=true, separator=null, storage=doom:apple, plain=false]" classname="io.papermc.paper.adventure.AdventureCodecsTest" time="0.0"/>
  <testcase name="[25] testDirectRoundTripComponent(DynamicOps, Component): net.minecraft.resources.RegistryOps@a27e271, ObjectComponentImpl[children=[], style=StyleImpl{font=null, color=null, shadowColor=null, decorations=DecorationMap{obfuscated=not_set, bold=not_set, strikethrough=not_set, underlined=not_set, italic=not_set}, clickEvent=null, hoverEvent=null, insertion=null}, contents=SpriteObjectContentsImpl[atlas=minecraft:blocks, sprite=minecraft:block/fire_0], fallback=null]" classname="io.papermc.paper.adventure.AdventureCodecsTest" time="0.0"/>
  <testcase name="[26] testDirectRoundTripComponent(DynamicOps, Component): net.minecraft.resources.RegistryOps@a27e271, ObjectComponentImpl[children=[], style=StyleImpl{font=null, color=null, shadowColor=null, decorations=DecorationMap{obfuscated=not_set, bold=not_set, strikethrough=not_set, underlined=not_set, italic=not_set}, clickEvent=null, hoverEvent=null, insertion=null}, contents=SpriteObjectContentsImpl[atlas=ae2:blocks, sprite=minecraft:block/controller], fallback=null]" classname="io.papermc.paper.adventure.AdventureCodecsTest" time="0.0"/>
  <testcase name="[27] testDirectRoundTripComponent(DynamicOps, Component): net.minecraft.resources.RegistryOps@a27e271, ObjectComponentImpl[children=[], style=StyleImpl{font=null, color=null, shadowColor=null, decorations=DecorationMap{obfuscated=not_set, bold=not_set, strikethrough=not_set, underlined=not_set, italic=not_set}, clickEvent=null, hoverEvent=null, insertion=null}, contents=PlayerHeadObjectContentsImpl[name=pig, id=null, profileProperties=[], hat=true, texture=null], fallback=null]" classname="io.papermc.paper.adventure.AdventureCodecsTest" time="0.007"/>
  <testcase name="[28] testDirectRoundTripComponent(DynamicOps, Component): net.minecraft.resources.RegistryOps@a27e271, ObjectComponentImpl[children=[], style=StyleImpl{font=null, color=null, shadowColor=null, decorations=DecorationMap{obfuscated=not_set, bold=not_set, strikethrough=not_set, underlined=not_set, italic=not_set}, clickEvent=null, hoverEvent=null, insertion=null}, contents=PlayerHeadObjectContentsImpl[name=null, id=null, profileProperties=[], hat=true, texture=null], fallback=null]" classname="io.papermc.paper.adventure.AdventureCodecsTest" time="0.001"/>
  <testcase name="[29] testDirectRoundTripComponent(DynamicOps, Component): net.minecraft.resources.RegistryOps@a27e271, ObjectComponentImpl[children=[], style=StyleImpl{font=null, color=null, shadowColor=null, decorations=DecorationMap{obfuscated=not_set, bold=not_set, strikethrough=not_set, underlined=not_set, italic=not_set}, clickEvent=null, hoverEvent=null, insertion=null}, contents=PlayerHeadObjectContentsImpl[name=sheep, id=b27ba786-5a1d-4b54-81ba-b18a460f93e7, profileProperties=[], hat=true, texture=null], fallback=null]" classname="io.papermc.paper.adventure.AdventureCodecsTest" time="0.001"/>
  <testcase name="[30] testDirectRoundTripComponent(DynamicOps, Component): net.minecraft.resources.RegistryOps@a27e271, ObjectComponentImpl[children=[], style=StyleImpl{font=null, color=null, shadowColor=null, decorations=DecorationMap{obfuscated=not_set, bold=not_set, strikethrough=not_set, underlined=not_set, italic=not_set}, clickEvent=null, hoverEvent=null, insertion=null}, contents=PlayerHeadObjectContentsImpl[name=null, id=e96703e2-a5ff-4781-92b6-7d6642f895e3, profileProperties=[], hat=true, texture=null], fallback=null]" classname="io.papermc.paper.adventure.AdventureCodecsTest" time="0.001"/>
  <testcase name="[31] testDirectRoundTripComponent(DynamicOps, Component): net.minecraft.resources.RegistryOps@a27e271, ObjectComponentImpl[children=[], style=StyleImpl{font=null, color=null, shadowColor=null, decorations=DecorationMap{obfuscated=not_set, bold=not_set, strikethrough=not_set, underlined=not_set, italic=not_set}, clickEvent=null, hoverEvent=null, insertion=null}, contents=PlayerHeadObjectContentsImpl[name=null, id=null, profileProperties=[ProfilePropertyImpl[name=textures, value=abc, signature=null]], hat=true, texture=null], fallback=null]" classname="io.papermc.paper.adventure.AdventureCodecsTest" time="0.002"/>
  <testcase name="[32] testDirectRoundTripComponent(DynamicOps, Component): net.minecraft.resources.RegistryOps@a27e271, ObjectComponentImpl[children=[], style=StyleImpl{font=null, color=null, shadowColor=null, decorations=DecorationMap{obfuscated=not_set, bold=not_set, strikethrough=not_set, underlined=not_set, italic=not_set}, clickEvent=null, hoverEvent=null, insertion=null}, contents=PlayerHeadObjectContentsImpl[name=null, id=null, profileProperties=[], hat=true, texture=minecraft:apples], fallback=null]" classname="io.papermc.paper.adventure.AdventureCodecsTest" time="0.0"/>
  <testcase name="[33] testDirectRoundTripComponent(DynamicOps, Component): net.minecraft.resources.RegistryOps@26513189, TextComponentImpl{content='', children=[], style=StyleImpl{font=null, color=null, shadowColor=null, decorations=DecorationMap{obfuscated=not_set, bold=not_set, strikethrough=not_set, underlined=not_set, italic=not_set}, clickEvent=null, hoverEvent=null, insertion=null}}" classname="io.papermc.paper.adventure.AdventureCodecsTest" time="0.001"/>
  <testcase name="[34] testDirectRoundTripComponent(DynamicOps, Component): net.minecraft.resources.RegistryOps@26513189, TextComponentImpl{content='Hello, world.', children=[], style=StyleImpl{font=null, color=null, shadowColor=null, decorations=DecorationMap{obfuscated=not_set, bold=not_set, strikethrough=not_set, underlined=not_set, italic=not_set}, clickEvent=null, hoverEvent=null, insertion=null}}" classname="io.papermc.paper.adventure.AdventureCodecsTest" time="0.0"/>
  <testcase name="[35] testDirectRoundTripComponent(DynamicOps, Component): net.minecraft.resources.RegistryOps@26513189, TextComponentImpl{content='c', children=[TextComponentImpl{content='o', children=[], style=StyleImpl{font=null, color=dark_aqua, shadowColor=null, decorations=DecorationMap{obfuscated=not_set, bold=not_set, strikethrough=not_set, underlined=not_set, italic=not_set}, clickEvent=null, hoverEvent=null, insertion=null}}, TextComponentImpl{content='l', children=[], style=StyleImpl{font=null, color=light_purple, shadowColor=null, decorations=DecorationMap{obfuscated=not_set, bold=not_set, strikethrough=not_set, underlined=not_set, italic=not_set}, clickEvent=null, hoverEvent=null, insertion=null}}, TextComponentImpl{content='o', children=[], style=StyleImpl{font=null, color=dark_purple, shadowColor=null, decorations=DecorationMap{obfuscated=not_set, bold=not_set, strikethrough=not_set, underlined=not_set, italic=not_set}, clickEvent=null, hoverEvent=null, insertion=null}}, TextComponentImpl{content='u', children=[], style=StyleImpl{font=null, color=blue, shadowColor=null, decorations=DecorationMap{obfuscated=not_set, bold=not_set, strikethrough=not_set, underlined=not_set, italic=not_set}, clickEvent=null, hoverEvent=null, insertion=null}}, TextComponentImpl{content='r', children=[], style=StyleImpl{font=null, color=dark_green, shadowColor=null, decorations=DecorationMap{obfuscated=not_set, bold=not_set, strikethrough=not_set, underlined=not_set, italic=not_set}, clickEvent=null, hoverEvent=null, insertion=null}}, TextComponentImpl{content='s', children=[], style=StyleImpl{font=null, color=red, shadowColor=null, decorations=DecorationMap{obfuscated=not_set, bold=not_set, strikethrough=not_set, underlined=not_set, italic=not_set}, clickEvent=null, hoverEvent=null, insertion=null}}], style=StyleImpl{font=null, color=gold, shadowColor=null, decorations=DecorationMap{obfuscated=not_set, bold=not_set, strikethrough=not_set, underlined=not_set, italic=not_set}, clickEvent=null, hoverEvent=null, insertion=null}}" classname="io.papermc.paper.adventure.AdventureCodecsTest" time="0.001"/>
  <testcase name="[36] testDirectRoundTripComponent(DynamicOps, Component): net.minecraft.resources.RegistryOps@26513189, TextComponentImpl{content='This is a test.', children=[TextComponentImpl{content=' ', children=[], style=StyleImpl{font=null, color=null, shadowColor=null, decorations=DecorationMap{obfuscated=not_set, bold=not_set, strikethrough=not_set, underlined=not_set, italic=not_set}, clickEvent=null, hoverEvent=null, insertion=null}}, TextComponentImpl{content='A what?', children=[], style=StyleImpl{font=null, color=dark_aqua, shadowColor=null, decorations=DecorationMap{obfuscated=not_set, bold=not_set, strikethrough=not_set, underlined=not_set, italic=not_set}, clickEvent=null, hoverEvent=null, insertion=null}}], style=StyleImpl{font=null, color=dark_purple, shadowColor=null, decorations=DecorationMap{obfuscated=not_set, bold=not_set, strikethrough=not_set, underlined=not_set, italic=not_set}, clickEvent=null, hoverEvent=HoverEvent{action=show_text, value=TextComponentImpl{content='A test.', children=[], style=StyleImpl{font=null, color=null, shadowColor=null, decorations=DecorationMap{obfuscated=not_set, bold=not_set, strikethrough=not_set, underlined=not_set, italic=not_set}, clickEvent=null, hoverEvent=null, insertion=null}}}, insertion=null}}" classname="io.papermc.paper.adventure.AdventureCodecsTest" time="0.0"/>
  <testcase name="[37] testDirectRoundTripComponent(DynamicOps, Component): net.minecraft.resources.RegistryOps@26513189, TextComponentImpl{content='', children=[TextComponentImpl{content='Hello', children=[], style=StyleImpl{font=null, color=null, shadowColor=null, decorations=DecorationMap{obfuscated=not_set, bold=not_set, strikethrough=not_set, underlined=not_set, italic=not_set}, clickEvent=null, hoverEvent=null, insertion=null}}], style=StyleImpl{font=null, color=null, shadowColor=null, decorations=DecorationMap{obfuscated=not_set, bold=not_set, strikethrough=not_set, underlined=not_set, italic=not_set}, clickEvent=null, hoverEvent=null, insertion=null}}" classname="io.papermc.paper.adventure.AdventureCodecsTest" time="0.0"/>
  <testcase name="[38] testDirectRoundTripComponent(DynamicOps, Component): net.minecraft.resources.RegistryOps@26513189, TextComponentImpl{content='', children=[TextComponentImpl{content='|', children=[], style=StyleImpl{font=null, color=#FF0000, shadowColor=null, decorations=DecorationMap{obfuscated=not_set, bold=not_set, strikethrough=not_set, underlined=not_set, italic=not_set}, clickEvent=null, hoverEvent=null, insertion=null}}, TextComponentImpl{content='|', children=[], style=StyleImpl{font=null, color=#FF2100, shadowColor=null, decorations=DecorationMap{obfuscated=not_set, bold=not_set, strikethrough=not_set, underlined=not_set, italic=not_set}, clickEvent=null, hoverEvent=null, insertion=null}}, TextComponentImpl{content='|', children=[], style=StyleImpl{font=null, color=#FF4300, shadowColor=null, decorations=DecorationMap{obfuscated=not_set, bold=not_set, strikethrough=not_set, underlined=not_set, italic=not_set}, clickEvent=null, hoverEvent=null, insertion=null}}, TextComponentImpl{content='|', children=[], style=StyleImpl{font=null, color=#FF6600, shadowColor=null, decorations=DecorationMap{obfuscated=not_set, bold=not_set, strikethrough=not_set, underlined=not_set, italic=not_set}, clickEvent=null, hoverEvent=null, insertion=null}}, TextComponentImpl{content='|', children=[], style=StyleImpl{font=null, color=#FF8800, shadowColor=null, decorations=DecorationMap{obfuscated=not_set, bold=not_set, strikethrough=not_set, underlined=not_set, italic=not_set}, clickEvent=null, hoverEvent=null, insertion=null}}, TextComponentImpl{content='|', children=[], style=StyleImpl{font=null, color=gold, shadowColor=null, decorations=DecorationMap{obfuscated=not_set, bold=not_set, strikethrough=not_set, underlined=not_set, italic=not_set}, clickEvent=null, hoverEvent=null, insertion=null}}, TextComponentImpl{content='|', children=[], style=StyleImpl{font=null, color=#FFCC00, shadowColor=null, decorations=DecorationMap{obfuscated=not_set, bold=not_set, strikethrough=not_set, underlined=not_set, italic=not_set}, clickEvent=null, hoverEvent=null, insertion=null}}, TextComponentImpl{content='|', children=[], style=StyleImpl{font=null, color=#FFEE00, shadowColor=null, decorations=DecorationMap{obfuscated=not_set, bold=not_set, strikethrough=not_set, underlined=not_set, italic=not_set}, clickEvent=null, hoverEvent=null, insertion=null}}, TextComponentImpl{content='|', children=[], style=StyleImpl{font=null, color=#EDFF00, shadowColor=null, decorations=DecorationMap{obfuscated=not_set, bold=not_set, strikethrough=not_set, underlined=not_set, italic=not_set}, clickEvent=null, hoverEvent=null, insertion=null}}, TextComponentImpl{content='|', children=[], style=StyleImpl{font=null, color=#CBFF00, shadowColor=null, decorations=DecorationMap{obfuscated=not_set, bold=not_set, strikethrough=not_set, underlined=not_set, italic=not_set}, clickEvent=null, hoverEvent=null, insertion=null}}, TextComponentImpl{content='|', children=[], style=StyleImpl{font=null, color=#A9FF00, shadowColor=null, decorations=DecorationMap{obfuscated=not_set, bold=not_set, strikethrough=not_set, underlined=not_set, italic=not_set}, clickEvent=null, hoverEvent=null, insertion=null}}, TextComponentImpl{content='|', children=[], style=StyleImpl{font=null, color=#87FF00, shadowColor=null, decorations=DecorationMap{obfuscated=not_set, bold=not_set, strikethrough=not_set, underlined=not_set, italic=not_set}, clickEvent=null, hoverEvent=null, insertion=null}}, TextComponentImpl{content='|', children=[], style=StyleImpl{font=null, color=#65FF00, shadowColor=null, decorations=DecorationMap{obfuscated=not_set, bold=not_set, strikethrough=not_set, underlined=not_set, italic=not_set}, clickEvent=null, hoverEvent=null, insertion=null}}, TextComponentImpl{content='|', children=[], style=StyleImpl{font=null, color=#43FF00, shadowColor=null, decorations=DecorationMap{obfuscated=not_set, bold=not_set, strikethrough=not_set, underlined=not_set, italic=not_set}, clickEvent=null, hoverEvent=null, insertion=null}}, TextComponentImpl{content='|', children=[], style=StyleImpl{font=null, color=#21FF00, shadowColor=null, decorations=DecorationMap{obfuscated=not_set, bold=not_set, strikethrough=not_set, underlined=not_set, italic=not_set}, clickEvent=null, hoverEvent=null, insertion=null}}, TextComponentImpl{content='|', children=[], style=StyleImpl{font=null, color=#00FF00, shadowColor=null, decorations=DecorationMap{obfuscated=not_set, bold=not_set, strikethrough=not_set, underlined=not_set, italic=not_set}, clickEvent=null, hoverEvent=null, insertion=null}}, TextComponentImpl{content='|', children=[], style=StyleImpl{font=null, color=#00FF22, shadowColor=null, decorations=DecorationMap{obfuscated=not_set, bold=not_set, strikethrough=not_set, underlined=not_set, italic=not_set}, clickEvent=null, hoverEvent=null, insertion=null}}, TextComponentImpl{content='|', children=[], style=StyleImpl{font=null, color=#00FF43, shadowColor=null, decorations=DecorationMap{obfuscated=not_set, bold=not_set, strikethrough=not_set, underlined=not_set, italic=not_set}, clickEvent=null, hoverEvent=null, insertion=null}}, TextComponentImpl{content='|', children=[], style=StyleImpl{font=null, color=#00FF66, shadowColor=null, decorations=DecorationMap{obfuscated=not_set, bold=not_set, strikethrough=not_set, underlined=not_set, italic=not_set}, clickEvent=null, hoverEvent=null, insertion=null}}, TextComponentImpl{content='|', children=[], style=StyleImpl{font=null, color=#00FF87, shadowColor=null, decorations=DecorationMap{obfuscated=not_set, bold=not_set, strikethrough=not_set, underlined=not_set, italic=not_set}, clickEvent=null, hoverEvent=null, insertion=null}}, TextComponentImpl{content='|', children=[], style=StyleImpl{font=null, color=#00FFAA, shadowColor=null, decorations=DecorationMap{obfuscated=not_set, bold=not_set, strikethrough=not_set, underlined=not_set, italic=not_set}, clickEvent=null, hoverEvent=null, insertion=null}}, TextComponentImpl{content='|', children=[], style=StyleImpl{font=null, color=#00FFCB, shadowColor=null, decorations=DecorationMap{obfuscated=not_set, bold=not_set, strikethrough=not_set, underlined=not_set, italic=not_set}, clickEvent=null, hoverEvent=null, insertion=null}}, TextComponentImpl{content='|', children=[], style=StyleImpl{font=null, color=#00FFEE, shadowColor=null, decorations=DecorationMap{obfuscated=not_set, bold=not_set, strikethrough=not_set, underlined=not_set, italic=not_set}, clickEvent=null, hoverEvent=null, insertion=null}}, TextComponentImpl{content='', children=[TextComponentImpl{content='|', children=[], style=StyleImpl{font=null, color=#00EDFF, shadowColor=null, decorations=DecorationMap{obfuscated=not_set, bold=not_set, strikethrough=not_set, underlined=not_set, italic=not_set}, clickEvent=null, hoverEvent=null, insertion=null}}, TextComponentImpl{content='|', children=[], style=StyleImpl{font=null, color=#00CBFF, shadowColor=null, decorations=DecorationMap{obfuscated=not_set, bold=not_set, strikethrough=not_set, underlined=not_set, italic=not_set}, clickEvent=null, hoverEvent=null, insertion=null}}, TextComponentImpl{content='|', children=[], style=StyleImpl{font=null, color=#00A9FF, shadowColor=null, decorations=DecorationMap{obfuscated=not_set, bold=not_set, strikethrough=not_set, underlined=not_set, italic=not_set}, clickEvent=null, hoverEvent=null, insertion=null}}, TextComponentImpl{content='|', children=[], style=StyleImpl{font=null, color=#0087FF, shadowColor=null, decorations=DecorationMap{obfuscated=not_set, bold=not_set, strikethrough=not_set, underlined=not_set, italic=not_set}, clickEvent=null, hoverEvent=null, insertion=null}}, TextComponentImpl{content='|', children=[], style=StyleImpl{font=null, color=#0065FF, shadowColor=null, decorations=DecorationMap{obfuscated=not_set, bold=not_set, strikethrough=not_set, underlined=not_set, italic=not_set}, clickEvent=null, hoverEvent=null, insertion=null}}, TextComponentImpl{content='|', children=[], style=StyleImpl{font=null, color=#0043FF, shadowColor=null, decorations=DecorationMap{obfuscated=not_set, bold=not_set, strikethrough=not_set, underlined=not_set, italic=not_set}, clickEvent=null, hoverEvent=null, insertion=null}}, TextComponentImpl{content='|', children=[], style=StyleImpl{font=null, color=#0021FF, shadowColor=null, decorations=DecorationMap{obfuscated=not_set, bold=not_set, strikethrough=not_set, underlined=not_set, italic=not_set}, clickEvent=null, hoverEvent=null, insertion=null}}, TextComponentImpl{content='|', children=[], style=StyleImpl{font=null, color=#0000FF, shadowColor=null, decorations=DecorationMap{obfuscated=not_set, bold=not_set, strikethrough=not_set, underlined=not_set, italic=not_set}, clickEvent=null, hoverEvent=null, insertion=null}}, TextComponentImpl{content='|', children=[], style=StyleImpl{font=null, color=#2100FF, shadowColor=null, decorations=DecorationMap{obfuscated=not_set, bold=not_set, strikethrough=not_set, underlined=not_set, italic=not_set}, clickEvent=null, hoverEvent=null, insertion=null}}, TextComponentImpl{content='|', children=[], style=StyleImpl{font=null, color=#4400FF, shadowColor=null, decorations=DecorationMap{obfuscated=not_set, bold=not_set, strikethrough=not_set, underlined=not_set, italic=not_set}, clickEvent=null, hoverEvent=null, insertion=null}}, TextComponentImpl{content='|', children=[], style=StyleImpl{font=null, color=#6600FF, shadowColor=null, decorations=DecorationMap{obfuscated=not_set, bold=not_set, strikethrough=not_set, underlined=not_set, italic=not_set}, clickEvent=null, hoverEvent=null, insertion=null}}, TextComponentImpl{content='|', children=[], style=StyleImpl{font=null, color=#8700FF, shadowColor=null, decorations=DecorationMap{obfuscated=not_set, bold=not_set, strikethrough=not_set, underlined=not_set, italic=not_set}, clickEvent=null, hoverEvent=null, insertion=null}}, TextComponentImpl{content='|', children=[], style=StyleImpl{font=null, color=#AA00FF, shadowColor=null, decorations=DecorationMap{obfuscated=not_set, bold=not_set, strikethrough=not_set, underlined=not_set, italic=not_set}, clickEvent=null, hoverEvent=null, insertion=null}}], style=StyleImpl{font=null, color=null, shadowColor=null, decorations=DecorationMap{obfuscated=not_set, bold=true, strikethrough=not_set, underlined=not_set, italic=not_set}, clickEvent=null, hoverEvent=null, insertion=null}}, TextComponentImpl{content='', children=[TextComponentImpl{content='|', children=[], style=StyleImpl{font=null, color=#CC00FF, shadowColor=null, decorations=DecorationMap{obfuscated=not_set, bold=not_set, strikethrough=not_set, underlined=not_set, italic=not_set}, clickEvent=null, hoverEvent=null, insertion=null}}, TextComponentImpl{content='|', children=[], style=StyleImpl{font=null, color=#EE00FF, shadowColor=null, decorations=DecorationMap{obfuscated=not_set, bold=not_set, strikethrough=not_set, underlined=not_set, italic=not_set}, clickEvent=null, hoverEvent=null, insertion=null}}, TextComponentImpl{content='|', children=[], style=StyleImpl{font=null, color=#FF00EE, shadowColor=null, decorations=DecorationMap{obfuscated=not_set, bold=not_set, strikethrough=not_set, underlined=not_set, italic=not_set}, clickEvent=null, hoverEvent=null, insertion=null}}, TextComponentImpl{content='|', children=[], style=StyleImpl{font=null, color=#FF00CC, shadowColor=null, decorations=DecorationMap{obfuscated=not_set, bold=not_set, strikethrough=not_set, underlined=not_set, italic=not_set}, clickEvent=null, hoverEvent=null, insertion=null}}, TextComponentImpl{content='|', children=[], style=StyleImpl{font=null, color=#FF00A9, shadowColor=null, decorations=DecorationMap{obfuscated=not_set, bold=not_set, strikethrough=not_set, underlined=not_set, italic=not_set}, clickEvent=null, hoverEvent=null, insertion=null}}, TextComponentImpl{content='|', children=[], style=StyleImpl{font=null, color=#FF0087, shadowColor=null, decorations=DecorationMap{obfuscated=not_set, bold=not_set, strikethrough=not_set, underlined=not_set, italic=not_set}, clickEvent=null, hoverEvent=null, insertion=null}}, TextComponentImpl{content='|', children=[], style=StyleImpl{font=null, color=#FF0066, shadowColor=null, decorations=DecorationMap{obfuscated=not_set, bold=not_set, strikethrough=not_set, underlined=not_set, italic=not_set}, clickEvent=null, hoverEvent=null, insertion=null}}, TextComponentImpl{content='|', children=[], style=StyleImpl{font=null, color=#FF0043, shadowColor=null, decorations=DecorationMap{obfuscated=not_set, bold=not_set, strikethrough=not_set, underlined=not_set, italic=not_set}, clickEvent=null, hoverEvent=null, insertion=null}}, TextComponentImpl{content='|', children=[], style=StyleImpl{font=null, color=#FF0021, shadowColor=null, decorations=DecorationMap{obfuscated=not_set, bold=not_set, strikethrough=not_set, underlined=not_set, italic=not_set}, clickEvent=null, hoverEvent=null, insertion=null}}], style=StyleImpl{font=null, color=null, shadowColor=null, decorations=DecorationMap{obfuscated=not_set, bold=not_set, strikethrough=not_set, underlined=not_set, italic=not_set}, clickEvent=null, hoverEvent=null, insertion=null}}], style=StyleImpl{font=null, color=null, shadowColor=null, decorations=DecorationMap{obfuscated=not_set, bold=not_set, strikethrough=not_set, underlined=not_set, italic=not_set}, clickEvent=null, hoverEvent=null, insertion=null}}" classname="io.papermc.paper.adventure.AdventureCodecsTest" time="0.002"/>
  <testcase name="[39] testDirectRoundTripComponent(DynamicOps, Component): net.minecraft.resources.RegistryOps@26513189, TranslatableComponentImpl[children=[], style=StyleImpl{font=null, color=null, shadowColor=null, decorations=DecorationMap{obfuscated=not_set, bold=not_set, strikethrough=not_set, underlined=not_set, italic=not_set}, clickEvent=null, hoverEvent=null, insertion=null}, key=multiplayer.player.left, fallback=null, args=[]]" classname="io.papermc.paper.adventure.AdventureCodecsTest" time="0.0"/>
  <testcase name="[40] testDirectRoundTripComponent(DynamicOps, Component): net.minecraft.resources.RegistryOps@26513189, TranslatableComponentImpl[children=[], style=StyleImpl{font=null, color=null, shadowColor=null, decorations=DecorationMap{obfuscated=not_set, bold=not_set, strikethrough=not_set, underlined=not_set, italic=not_set}, clickEvent=null, hoverEvent=null, insertion=null}, key=thisIsA, fallback=This is a test., args=[]]" classname="io.papermc.paper.adventure.AdventureCodecsTest" time="0.0"/>
  <testcase name="[41] testDirectRoundTripComponent(DynamicOps, Component): net.minecraft.resources.RegistryOps@26513189, TranslatableComponentImpl[children=[], style=StyleImpl{font=null, color=null, shadowColor=null, decorations=DecorationMap{obfuscated=not_set, bold=not_set, strikethrough=not_set, underlined=not_set, italic=not_set}, clickEvent=null, hoverEvent=null, insertion=null}, key=multiplayer.player.left, fallback=null, args=[TranslationArgumentImpl[value=2147483647], TranslationArgumentImpl[value=TextComponentImpl{content='HEY', children=[], style=StyleImpl{font=null, color=null, shadowColor=null, decorations=DecorationMap{obfuscated=not_set, bold=not_set, strikethrough=not_set, underlined=not_set, italic=not_set}, clickEvent=null, hoverEvent=null, insertion=null}}]]]" classname="io.papermc.paper.adventure.AdventureCodecsTest" time="0.0"/>
  <testcase name="[42] testDirectRoundTripComponent(DynamicOps, Component): net.minecraft.resources.RegistryOps@26513189, TranslatableComponentImpl[children=[], style=StyleImpl{font=null, color=yellow, shadowColor=null, decorations=DecorationMap{obfuscated=not_set, bold=not_set, strikethrough=not_set, underlined=not_set, italic=not_set}, clickEvent=null, hoverEvent=null, insertion=null}, key=multiplayer.player.left, fallback=null, args=[TranslationArgumentImpl[value=TextComponentImpl{content='kashike', children=[], style=StyleImpl{font=null, color=null, shadowColor=null, decorations=DecorationMap{obfuscated=not_set, bold=not_set, strikethrough=not_set, underlined=not_set, italic=not_set}, clickEvent=ClickEvent{action=suggest_command, payload=TextImpl[value=/msg kashike ]}, hoverEvent=HoverEvent{action=show_entity, value=ShowEntity{type=minecraft:player, id=eb121687-8b1a-4944-bd4d-e0a818d9dfe2, name=TextComponentImpl{content='kashike', children=[], style=StyleImpl{font=null, color=null, shadowColor=null, decorations=DecorationMap{obfuscated=not_set, bold=not_set, strikethrough=not_set, underlined=not_set, italic=not_set}, clickEvent=null, hoverEvent=null, insertion=null}}}}, insertion=null}}]]]" classname="io.papermc.paper.adventure.AdventureCodecsTest" time="0.001"/>
  <testcase name="[43] testDirectRoundTripComponent(DynamicOps, Component): net.minecraft.resources.RegistryOps@26513189, KeybindComponentImpl[children=[], style=StyleImpl{font=null, color=null, shadowColor=null, decorations=DecorationMap{obfuscated=not_set, bold=not_set, strikethrough=not_set, underlined=not_set, italic=not_set}, clickEvent=null, hoverEvent=null, insertion=null}, keybind=key.jump]" classname="io.papermc.paper.adventure.AdventureCodecsTest" time="0.0"/>
  <testcase name="[44] testDirectRoundTripComponent(DynamicOps, Component): net.minecraft.resources.RegistryOps@26513189, ScoreComponentImpl[children=[], style=StyleImpl{font=null, color=null, shadowColor=null, decorations=DecorationMap{obfuscated=not_set, bold=not_set, strikethrough=not_set, underlined=not_set, italic=not_set}, clickEvent=null, hoverEvent=null, insertion=null}, name=abc, objective=def, value=null]" classname="io.papermc.paper.adventure.AdventureCodecsTest" time="0.0"/>
[...]
{content='|', children=[], style=StyleImpl{font=null, color=#AA00FF, shadowColor=null, decorations=DecorationMap{obfuscated=not_set, bold=not_set, strikethrough=not_set, underlined=not_set, italic=not_set}, clickEvent=null, hoverEvent=null, insertion=null}}], style=StyleImpl{font=null, color=null, shadowColor=null, decorations=DecorationMap{obfuscated=not_set, bold=true, strikethrough=not_set, underlined=not_set, italic=not_set}, clickEvent=null, hoverEvent=null, insertion=null}}, TextComponentImpl{content='', children=[TextComponentImpl{content='|', children=[], style=StyleImpl{font=null, color=#CC00FF, shadowColor=null, decorations=DecorationMap{obfuscated=not_set, bold=not_set, strikethrough=not_set, underlined=not_set, italic=not_set}, clickEvent=null, hoverEvent=null, insertion=null}}, TextComponentImpl{content='|', children=[], style=StyleImpl{font=null, color=#EE00FF, shadowColor=null, decorations=DecorationMap{obfuscated=not_set, bold=not_set, strikethrough=not_set, underlined=not_set, italic=not_set}, clickEvent=null, hoverEvent=null, insertion=null}}, TextComponentImpl{content='|', children=[], style=StyleImpl{font=null, color=#FF00EE, shadowColor=null, decorations=DecorationMap{obfuscated=not_set, bold=not_set, strikethrough=not_set, underlined=not_set, italic=not_set}, clickEvent=null, hoverEvent=null, insertion=null}}, TextComponentImpl{content='|', children=[], style=StyleImpl{font=null, color=#FF00CC, shadowColor=null, decorations=DecorationMap{obfuscated=not_set, bold=not_set, strikethrough=not_set, underlined=not_set, italic=not_set}, clickEvent=null, hoverEvent=null, insertion=null}}, TextComponentImpl{content='|', children=[], style=StyleImpl{font=null, color=#FF00A9, shadowColor=null, decorations=DecorationMap{obfuscated=not_set, bold=not_set, strikethrough=not_set, underlined=not_set, italic=not_set}, clickEvent=null, hoverEvent=null, insertion=null}}, TextComponentImpl{content='|', children=[], style=StyleImpl{font=null, color=#FF0087, shadowColor=null, decorations=DecorationMap{obfuscated=not_set, bold=not_set, strikethrough=not_set, underlined=not_set, italic=not_set}, clickEvent=null, hoverEvent=null, insertion=null}}, TextComponentImpl{content='|', children=[], style=StyleImpl{font=null, color=#FF0066, shadowColor=null, decorations=DecorationMap{obfuscated=not_set, bold=not_set, strikethrough=not_set, underlined=not_set, italic=not_set}, clickEvent=null, hoverEvent=null, insertion=null}}, TextComponentImpl{content='|', children=[], style=StyleImpl{font=null, color=#FF0043, shadowColor=null, decorations=DecorationMap{obfuscated=not_set, bold=not_set, strikethrough=not_set, underlined=not_set, italic=not_set}, clickEvent=null, hoverEvent=null, insertion=null}}, TextComponentImpl{content='|', children=[], style=StyleImpl{font=null, color=#FF0021, shadowColor=null, decorations=DecorationMap{obfuscated=not_set, bold=not_set, strikethrough=not_set, underlined=not_set, italic=not_set}, clickEvent=null, hoverEvent=null, insertion=null}}], style=StyleImpl{font=null, color=null, shadowColor=null, decorations=DecorationMap{obfuscated=not_set, bold=not_set, strikethrough=not_set, underlined=not_set, italic=not_set}, clickEvent=null, hoverEvent=null, insertion=null}}], style=StyleImpl{font=null, color=null, shadowColor=null, decorations=DecorationMap{obfuscated=not_set, bold=not_set, strikethrough=not_set, underlined=not_set, italic=not_set}, clickEvent=null, hoverEvent=null, insertion=null}}" classname="io.papermc.paper.adventure.AdventureCodecsTest" time="0.003"/>
  <testcase name="[71] testMinecraftRoundTripComponent(DynamicOps, Component): net.minecraft.resources.RegistryOps@f9620e63, TranslatableComponentImpl[children=[], style=StyleImpl{font=null, color=null, shadowColor=null, decorations=DecorationMap{obfuscated=not_set, bold=not_set, strikethrough=not_set, underlined=not_set, italic=not_set}, clickEvent=null, hoverEvent=null, insertion=null}, key=multiplayer.player.left, fallback=null, args=[]]" classname="io.papermc.paper.adventure.AdventureCodecsTest" time="0.0"/>
  <testcase name="[72] testMinecraftRoundTripComponent(DynamicOps, Component): net.minecraft.resources.RegistryOps@f9620e63, TranslatableComponentImpl[children=[], style=StyleImpl{font=null, color=null, shadowColor=null, decorations=DecorationMap{obfuscated=not_set, bold=not_set, strikethrough=not_set, underlined=not_set, italic=not_set}, clickEvent=null, hoverEvent=null, insertion=null}, key=thisIsA, fallback=This is a test., args=[]]" classname="io.papermc.paper.adventure.AdventureCodecsTest" time="0.001"/>
  <testcase name="[73] testMinecraftRoundTripComponent(DynamicOps, Component): net.minecraft.resources.RegistryOps@f9620e63, TranslatableComponentImpl[children=[], style=StyleImpl{font=null, color=null, shadowColor=null, decorations=DecorationMap{obfuscated=not_set, bold=not_set, strikethrough=not_set, underlined=not_set, italic=not_set}, clickEvent=null, hoverEvent=null, insertion=null}, key=multiplayer.player.left, fallback=null, args=[TranslationArgumentImpl[value=2147483647], TranslationArgumentImpl[value=TextComponentImpl{content='HEY', children=[], style=StyleImpl{font=null, color=null, shadowColor=null, decorations=DecorationMap{obfuscated=not_set, bold=not_set, strikethrough=not_set, underlined=not_set, italic=not_set}, clickEvent=null, hoverEvent=null, insertion=null}}]]]" classname="io.papermc.paper.adventure.AdventureCodecsTest" time="0.0"/>
  <testcase name="[74] testMinecraftRoundTripComponent(DynamicOps, Component): net.minecraft.resources.RegistryOps@f9620e63, TranslatableComponentImpl[children=[], style=StyleImpl{font=null, color=yellow, shadowColor=null, decorations=DecorationMap{obfuscated=not_set, bold=not_set, strikethrough=not_set, underlined=not_set, italic=not_set}, clickEvent=null, hoverEvent=null, insertion=null}, key=multiplayer.player.left, fallback=null, args=[TranslationArgumentImpl[value=TextComponentImpl{content='kashike', children=[], style=StyleImpl{font=null, color=null, shadowColor=null, decorations=DecorationMap{obfuscated=not_set, bold=not_set, strikethrough=not_set, underlined=not_set, italic=not_set}, clickEvent=ClickEvent{action=suggest_command, payload=TextImpl[value=/msg kashike ]}, hoverEvent=HoverEvent{action=show_entity, value=ShowEntity{type=minecraft:player, id=eb121687-8b1a-4944-bd4d-e0a818d9dfe2, name=TextComponentImpl{content='kashike', children=[], style=StyleImpl{font=null, color=null, shadowColor=null, decorations=DecorationMap{obfuscated=not_set, bold=not_set, strikethrough=not_set, underlined=not_set, italic=not_set}, clickEvent=null, hoverEvent=null, insertion=null}}}}, insertion=null}}]]]" classname="io.papermc.paper.adventure.AdventureCodecsTest" time="0.001"/>
  <testcase name="[75] testMinecraftRoundTripComponent(DynamicOps, Component): net.minecraft.resources.RegistryOps@f9620e63, KeybindComponentImpl[children=[], style=StyleImpl{font=null, color=null, shadowColor=null, decorations=DecorationMap{obfuscated=not_set, bold=not_set, strikethrough=not_set, underlined=not_set, italic=not_set}, clickEvent=null, hoverEvent=null, insertion=null}, keybind=key.jump]" classname="io.papermc.paper.adventure.AdventureCodecsTest" time="0.001"/>
  <testcase name="[76] testMinecraftRoundTripComponent(DynamicOps, Component): net.minecraft.resources.RegistryOps@f9620e63, ScoreComponentImpl[children=[], style=StyleImpl{font=null, color=null, shadowColor=null, decorations=DecorationMap{obfuscated=not_set, bold=not_set, strikethrough=not_set, underlined=not_set, italic=not_set}, clickEvent=null, hoverEvent=null, insertion=null}, name=abc, objective=def, value=null]" classname="io.papermc.paper.adventure.AdventureCodecsTest" time="0.0"/>
  <testcase name="[77] testMinecraftRoundTripComponent(DynamicOps, Component): net.minecraft.resources.RegistryOps@f9620e63, SelectorComponentImpl[children=[], style=StyleImpl{font=null, color=null, shadowColor=null, decorations=DecorationMap{obfuscated=not_set, bold=not_set, strikethrough=not_set, underlined=not_set, italic=not_set}, clickEvent=null, hoverEvent=null, insertion=null}, pattern=@p, separator=null]" classname="io.papermc.paper.adventure.AdventureCodecsTest" time="0.0"/>
  <testcase name="[78] testMinecraftRoundTripComponent(DynamicOps, Component): net.minecraft.resources.RegistryOps@f9620e63, SelectorComponentImpl[children=[], style=StyleImpl{font=null, color=null, shadowColor=null, decorations=DecorationMap{obfuscated=not_set, bold=not_set, strikethrough=not_set, underlined=not_set, italic=not_set}, clickEvent=null, hoverEvent=null, insertion=null}, pattern=@p, separator=TextComponentImpl{content=',', children=[], style=StyleImpl{font=null, color=null, shadowColor=null, decorations=DecorationMap{obfuscated=not_set, bold=not_set, strikethrough=not_set, underlined=not_set, italic=not_set}, clickEvent=null, hoverEvent=null, insertion=null}}]" classname="io.papermc.paper.adventure.AdventureCodecsTest" time="0.001"/>
  <testcase name="[79] testMinecraftRoundTripComponent(DynamicOps, Component): net.minecraft.resources.RegistryOps@f9620e63, BlockNBTComponentImpl[children=[], style=StyleImpl{font=null, color=null, shadowColor=null, decorations=DecorationMap{obfuscated=not_set, bold=not_set, strikethrough=not_set, underlined=not_set, italic=not_set}, clickEvent=null, hoverEvent=null, insertion=null}, nbtPath=abc, interpret=false, separator=null, pos=^1.230000 ^2.000000 ^3.890000, plain=false]" classname="io.papermc.paper.adventure.AdventureCodecsTest" time="0.001"/>
  <testcase name="[80] testMinecraftRoundTripComponent(DynamicOps, Component): net.minecraft.resources.RegistryOps@f9620e63, BlockNBTComponentImpl[children=[], style=StyleImpl{font=null, color=null, shadowColor=null, decorations=DecorationMap{obfuscated=not_set, bold=not_set, strikethrough=not_set, underlined=not_set, italic=not_set}, clickEvent=null, hoverEvent=null, insertion=null}, nbtPath=xyz, interpret=true, separator=null, pos=4 5 6, plain=false]" classname="io.papermc.paper.adventure.AdventureCodecsTest" time="0.001"/>
  <testcase name="[81] testMinecraftRoundTripComponent(DynamicOps, Component): net.minecraft.resources.RegistryOps@f9620e63, BlockNBTComponentImpl[children=[], style=StyleImpl{font=null, color=null, shadowColor=null, decorations=DecorationMap{obfuscated=not_set, bold=not_set, strikethrough=not_set, underlined=not_set, italic=not_set}, clickEvent=null, hoverEvent=null, insertion=null}, nbtPath=eeee, interpret=false, separator=TextComponentImpl{content=';', children=[], style=StyleImpl{font=null, color=null, shadowColor=null, decorations=DecorationMap{obfuscated=not_set, bold=not_set, strikethrough=not_set, underlined=not_set, italic=not_set}, clickEvent=null, hoverEvent=null, insertion=null}}, pos=~7 ~83 ~900, plain=false]" classname="io.papermc.paper.adventure.AdventureCodecsTest" time="0.0"/>
  <testcase name="[82] testMinecraftRoundTripComponent(DynamicOps, Component): net.minecraft.resources.RegistryOps@f9620e63, BlockNBTComponentImpl[children=[], style=StyleImpl{font=null, color=null, shadowColor=null, decorations=DecorationMap{obfuscated=not_set, bold=not_set, strikethrough=not_set, underlined=not_set, italic=not_set}, clickEvent=null, hoverEvent=null, insertion=null}, nbtPath=qwert, interpret=false, separator=null, pos=12 ~3 1200, plain=false]" classname="io.papermc.paper.adventure.AdventureCodecsTest" time="0.0"/>
  <testcase name="[83] testMinecraftRoundTripComponent(DynamicOps, Component): net.minecraft.resources.RegistryOps@f9620e63, EntityNBTComponentImpl[children=[], style=StyleImpl{font=null, color=null, shadowColor=null, decorations=DecorationMap{obfuscated=not_set, bold=not_set, strikethrough=not_set, underlined=not_set, italic=not_set}, clickEvent=null, hoverEvent=null, insertion=null}, nbtPath=abc, interpret=false, separator=null, selector=test, plain=false]" classname="io.papermc.paper.adventure.AdventureCodecsTest" time="0.0"/>
  <testcase name="[84] testMinecraftRoundTripComponent(DynamicOps, Component): net.minecraft.resources.RegistryOps@f9620e63, EntityNBTComponentImpl[children=[], style=StyleImpl{font=null, color=null, shadowColor=null, decorations=DecorationMap{obfuscated=not_set, bold=not_set, strikethrough=not_set, underlined=not_set, italic=not_set}, clickEvent=null, hoverEvent=null, insertion=null}, nbtPath=abc, interpret=false, separator=TextComponentImpl{content=',', children=[], style=StyleImpl{font=null, color=null, shadowColor=null, decorations=DecorationMap{obfuscated=not_set, bold=not_set, strikethrough=not_set, underlined=not_set, italic=not_set}, clickEvent=null, hoverEvent=null, insertion=null}}, selector=test, plain=false]" classname="io.papermc.paper.adventure.AdventureCodecsTest" time="0.001"/>
  <testcase name="[85] testMinecraftRoundTripComponent(DynamicOps, Component): net.minecraft.resources.RegistryOps@f9620e63, EntityNBTComponentImpl[children=[], style=StyleImpl{font=null, color=null, shadowColor=null, decorations=DecorationMap{obfuscated=not_set, bold=not_set, strikethrough=not_set, underlined=not_set, italic=not_set}, clickEvent=null, hoverEvent=null, insertion=null}, nbtPath=abc, interpret=true, separator=null, selector=test, plain=false]" classname="io.papermc.paper.adventure.AdventureCodecsTest" time="0.001"/>
  <testcase name="[86] testMinecraftRoundTripComponent(DynamicOps, Component): net.minecraft.resources.RegistryOps@f9620e63, StorageNBTComponentImpl[children=[], style=StyleImpl{font=null, color=null, shadowColor=null, decorations=DecorationMap{obfuscated=not_set, bold=not_set, strikethrough=not_set, underlined=not_set, italic=not_set}, clickEvent=null, hoverEvent=null, insertion=null}, nbtPath=abc, interpret=false, separator=null, storage=doom:apple, plain=false]" classname="io.papermc.paper.adventure.AdventureCodecsTest" time="0.0"/>
  <testcase name="[87] testMinecraftRoundTripComponent(DynamicOps, Component): net.minecraft.resources.RegistryOps@f9620e63, StorageNBTComponentImpl[children=[], style=StyleImpl{font=null, color=null, shadowColor=null, decorations=DecorationMap{obfuscated=not_set, bold=not_set, strikethrough=not_set, underlined=not_set, italic=not_set}, clickEvent=null, hoverEvent=null, insertion=null}, nbtPath=abc, interpret=false, separator=TextComponentImpl{content=', ', children=[], style=StyleImpl{font=null, color=null, shadowColor=null, decorations=DecorationMap{obfuscated=not_set, bold=not_set, strikethrough=not_set, underlined=not_set, italic=not_set}, clickEvent=null, hoverEvent=null, insertion=null}}, storage=doom:apple, plain=false]" classname="io.papermc.paper.adventure.AdventureCodecsTest" time="0.0"/>
  <testcase name="[88] testMinecraftRoundTripComponent(DynamicOps, Component): net.minecraft.resources.RegistryOps@f9620e63, StorageNBTComponentImpl[children=[], style=StyleImpl{font=null, color=null, shadowColor=null, decorations=DecorationMap{obfuscated=not_set, bold=not_set, strikethrough=not_set, underlined=not_set, italic=not_set}, clickEvent=null, hoverEvent=null, insertion=null}, nbtPath=abc, interpret=true, separator=null, storage=doom:apple, plain=false]" classname="io.papermc.paper.adventure.AdventureCodecsTest" time="0.001"/>
  <testcase name="[89] testMinecraftRoundTripComponent(DynamicOps, Component): net.minecraft.resources.RegistryOps@f9620e63, ObjectComponentImpl[children=[], style=StyleImpl{font=null, color=null, shadowColor=null, decorations=DecorationMap{obfuscated=not_set, bold=not_set, strikethrough=not_set, underlined=not_set, italic=not_set}, clickEvent=null, hoverEvent=null, insertion=null}, contents=SpriteObjectContentsImpl[atlas=minecraft:blocks, sprite=minecraft:block/fire_0], fallback=null]" classname="io.papermc.paper.adventure.AdventureCodecsTest" time="0.001"/>
  <testcase name="[90] testMinecraftRoundTripComponent(DynamicOps, Component): net.minecraft.resources.RegistryOps@f9620e63, ObjectComponentImpl[children=[], style=StyleImpl{font=null, color=null, shadowColor=null, decorations=DecorationMap{obfuscated=not_set, bold=not_set, strikethrough=not_set, underlined=not_set, italic=not_set}, clickEvent=null, hoverEvent=null, insertion=null}, contents=SpriteObjectContentsImpl[atlas=ae2:blocks, sprite=minecraft:block/controller], fallback=null]" classname="io.papermc.paper.adventure.AdventureCodecsTest" time="0.0"/>
  <testcase name="[91] testMinecraftRoundTripComponent(DynamicOps, Component): net.minecraft.resources.RegistryOps@f9620e63, ObjectComponentImpl[children=[], style=StyleImpl{font=null, color=null, shadowColor=null, decorations=DecorationMap{obfuscated=not_set, bold=not_set, strikethrough=not_set, underlined=not_set, italic=not_set}, clickEvent=null, hoverEvent=null, insertion=null}, contents=PlayerHeadObjectContentsImpl[name=pig, id=null, profileProperties=[], hat=true, texture=null], fallback=null]" classname="io.papermc.paper.adventure.AdventureCodecsTest" time="0.0"/>
  <testcase name="[92] testMinecraftRoundTripComponent(DynamicOps, Component): net.minecraft.resources.RegistryOps@f9620e63, ObjectComponentImpl[children=[], style=StyleImpl{font=null, color=null, shadowColor=null, decorations=DecorationMap{obfuscated=not_set, bold=not_set, strikethrough=not_set, underlined=not_set, italic=not_set}, clickEvent=null, hoverEvent=null, insertion=null}, contents=PlayerHeadObjectContentsImpl[name=null, id=null, profileProperties=[], hat=true, texture=null], fallback=null]" classname="io.papermc.paper.adventure.AdventureCodecsTest" time="0.0"/>
  <testcase name="[93] testMinecraftRoundTripComponent(DynamicOps, Component): net.minecraft.resources.RegistryOps@f9620e63, ObjectComponentImpl[children=[], style=StyleImpl{font=null, color=null, shadowColor=null, decorations=DecorationMap{obfuscated=not_set, bold=not_set, strikethrough=not_set, underlined=not_set, italic=not_set}, clickEvent=null, hoverEvent=null, insertion=null}, contents=PlayerHeadObjectContentsImpl[name=sheep, id=c795c56c-4ce6-4fdd-bf7f-9d8cc33c752c, profileProperties=[], hat=true, texture=null], fallback=null]" classname="io.papermc.paper.adventure.AdventureCodecsTest" time="0.001"/>
  <testcase name="[94] testMinecraftRoundTripComponent(DynamicOps, Component): net.minecraft.resources.RegistryOps@f9620e63, ObjectComponentImpl[children=[], style=StyleImpl{font=null, color=null, shadowColor=null, decorations=DecorationMap{obfuscated=not_set, bold=not_set, strikethrough=not_set, underlined=not_set, italic=not_set}, clickEvent=null, hoverEvent=null, insertion=null}, contents=PlayerHeadObjectContentsImpl[name=null, id=1e0f40f2-b0dc-4a5b-9d6c-ac7522028265, profileProperties=[], hat=true, texture=null], fallback=null]" classname="io.papermc.paper.adventure.AdventureCodecsTest" time="0.001"/>
  <testcase name="[95] testMinecraftRoundTripComponent(DynamicOps, Component): net.minecraft.resources.RegistryOps@f9620e63, ObjectComponentImpl[children=[], style=StyleImpl{font=null, color=null, shadowColor=null, decorations=DecorationMap{obfuscated=not_set, bold=not_set, strikethrough=not_set, underlined=not_set, italic=not_set}, clickEvent=null, hoverEvent=null, insertion=null}, contents=PlayerHeadObjectContentsImpl[name=null, id=null, profileProperties=[ProfilePropertyImpl[name=textures, value=abc, signature=null]], hat=true, texture=null], fallback=null]" classname="io.papermc.paper.adventure.AdventureCodecsTest" time="0.001"/>
  <testcase name="[96] testMinecraftRoundTripComponent(DynamicOps, Component): net.minecraft.resources.RegistryOps@f9620e63, ObjectComponentImpl[children=[], style=StyleImpl{font=null, color=null, shadowColor=null, decorations=DecorationMap{obfuscated=not_set, bold=not_set, strikethrough=not_set, underlined=not_set, italic=not_set}, clickEvent=null, hoverEvent=null, insertion=null}, contents=PlayerHeadObjectContentsImpl[name=null, id=null, profileProperties=[], hat=true, texture=minecraft:apples], fallback=null]" classname="io.papermc.paper.adventure.AdventureCodecsTest" time="0.001"/>
  <system-out><![CDATA[]]></system-out>
  <system-err><![CDATA[]]></system-err>
</testsuite>
