<?xml version="1.0" encoding="UTF-8"?>
<testsuite name="org.bukkit.craftbukkit.legacy.reroute.RerouteBuilderTest" tests="7" skipped="0" failures="0" errors="0" timestamp="2026-08-11T21:04:37.846Z" hostname="codespaces-8b369d" time="0.005">
  <properties/>
  <testcase name="testAnnotationRerouteClass()" classname="org.bukkit.craftbukkit.legacy.reroute.RerouteBuilderTest" time="0.0"/>
  <testcase name="testMultipleMethods()" classname="org.bukkit.craftbukkit.legacy.reroute.RerouteBuilderTest" time="0.002"/>
  <testcase name="testInvalidMethods()" classname="org.bukkit.craftbukkit.legacy.reroute.RerouteBuilderTest" time="0.0"/>
  <testcase name="testMissingOwner()" classname="org.bukkit.craftbukkit.legacy.reroute.RerouteBuilderTest" time="0.0"/>
  <testcase name="testReroute()" classname="org.bukkit.craftbukkit.legacy.reroute.RerouteBuilderTest" time="0.0"/>
  <testcase name="testInterfaceRerouteClass()" classname="org.bukkit.craftbukkit.legacy.reroute.RerouteBuilderTest" time="0.0"/>
  <testcase name="testSameKey()" classname="org.bukkit.craftbukkit.legacy.reroute.RerouteBuilderTest" time="0.001"/>
  <system-out><![CDATA[]]></system-out>
  <system-err><![CDATA[]]></system-err>
</testsuite>
