<?xml version="1.0" encoding="UTF-8"?>
<testsuite name="org.bukkit.StatisticsAndAchievementsTest" tests="2" skipped="0" failures="0" errors="0" timestamp="2026-08-11T21:04:01.593Z" hostname="codespaces-8b369d" time="0.043">
  <properties/>
  <testcase name="verifyStatisticMapping()" classname="org.bukkit.StatisticsAndAchievementsTest" time="0.041"/>
  <testcase name="verifyEntityMapping()" classname="org.bukkit.StatisticsAndAchievementsTest" time="0.001"/>
  <system-out><![CDATA[]]></system-out>
  <system-err><![CDATA[]]></system-err>
</testsuite>
