<?xml version="1.0" encoding="UTF-8"?>
<testsuite name="org.bukkit.craftbukkit.legacy.PersistentDataContainerLegacyTest" tests="1" skipped="0" failures="0" errors="0" timestamp="2026-08-11T21:04:05.328Z" hostname="codespaces-8b369d" time="10.051">
  <properties/>
  <testcase name="ensureLegacyParsing()" classname="org.bukkit.craftbukkit.legacy.PersistentDataContainerLegacyTest" time="0.458"/>
  <system-out><![CDATA[[21:04:11 INFO]: Found new data pack paper, loading it automatically
[21:04:13 INFO]: Loaded 1585 recipes
[21:04:13 INFO]: Loaded 1688 advancements
[21:04:14 INFO]: [MoonriseCommon] Paper is using 1 worker threads, 1 I/O threads
]]></system-out>
  <system-err><![CDATA[Aug 11, 2026 9:04:05 PM org.bukkit.support.extension.BaseExtension isTestCase
INFO: Running tests with environment: Legacy
2026-08-11T21:04:05.875597706Z Test worker WARN Advanced terminal features are not available in this environment
Aug 11, 2026 9:04:14 PM org.bukkit.Bukkit setServer
INFO: This server is running org.bukkit.support.DummyServerHelper version 26.2-DEV (2026-08-11T21:04:13Z) (Implementing API version 26.2.local-SNAPSHOT)
]]></system-err>
</testsuite>
