<?xml version="1.0" encoding="UTF-8"?>
<testsuite name="org.bukkit.GameRuleTest" tests="5" skipped="0" failures="0" errors="0" timestamp="2026-08-11T21:04:35.739Z" hostname="codespaces-8b369d" time="0.006">
  <properties/>
  <testcase name="emptyGameRuleName()" classname="org.bukkit.GameRuleTest" time="0.0"/>
  <testcase name="invalidCasing()" classname="org.bukkit.GameRuleTest" time="0.001"/>
  <testcase name="incorrectGameRuleName()" classname="org.bukkit.GameRuleTest" time="0.0"/>
  <testcase name="nullGameRuleName()" classname="org.bukkit.GameRuleTest" time="0.0"/>
  <testcase name="testBukkitRules()" classname="org.bukkit.GameRuleTest" time="0.002"/>
  <system-out><![CDATA[]]></system-out>
  <system-err><![CDATA[]]></system-err>
</testsuite>
