<?xml version="1.0" encoding="UTF-8"?>
<testsuite name="io.papermc.paper.registry.CustomTagsTest" tests="103" skipped="0" failures="0" errors="0" timestamp="2026-08-11T21:04:03.145Z" hostname="codespaces-8b369d" time="0.141">
  <properties/>
  <testcase name="[1] tag = com.destroystokyo.paper.MaterialSetTag@6c046606" classname="io.papermc.paper.registry.CustomTagsTest" time="0.001"/>
  <testcase name="[2] tag = com.destroystokyo.paper.MaterialSetTag@1c19281d" classname="io.papermc.paper.registry.CustomTagsTest" time="0.0"/>
  <testcase name="[3] tag = com.destroystokyo.paper.MaterialSetTag@1590409c" classname="io.papermc.paper.registry.CustomTagsTest" time="0.0"/>
  <testcase name="[4] tag = com.destroystokyo.paper.MaterialSetTag@3937213a" classname="io.papermc.paper.registry.CustomTagsTest" time="0.0"/>
  <testcase name="[5] tag = com.destroystokyo.paper.MaterialSetTag@6399d994" classname="io.papermc.paper.registry.CustomTagsTest" time="0.0"/>
  <testcase name="[6] tag = com.destroystokyo.paper.MaterialSetTag@40ee02ff" classname="io.papermc.paper.registry.CustomTagsTest" time="0.0"/>
  <testcase name="[7] tag = com.destroystokyo.paper.MaterialSetTag@38ae1cbc" classname="io.papermc.paper.registry.CustomTagsTest" time="0.0"/>
  <testcase name="[8] tag = com.destroystokyo.paper.MaterialSetTag@15563744" classname="io.papermc.paper.registry.CustomTagsTest" time="0.0"/>
  <testcase name="[9] tag = com.destroystokyo.paper.MaterialSetTag@69cb42dc" classname="io.papermc.paper.registry.CustomTagsTest" time="0.0"/>
  <testcase name="[10] tag = com.destroystokyo.paper.MaterialSetTag@69901287" classname="io.papermc.paper.registry.CustomTagsTest" time="0.0"/>
  <testcase name="[11] tag = com.destroystokyo.paper.MaterialSetTag@6ebd80a5" classname="io.papermc.paper.registry.CustomTagsTest" time="0.0"/>
  <testcase name="[12] tag = com.destroystokyo.paper.MaterialSetTag@122aa132" classname="io.papermc.paper.registry.CustomTagsTest" time="0.0"/>
  <testcase name="[13] tag = com.destroystokyo.paper.MaterialSetTag@746f344f" classname="io.papermc.paper.registry.CustomTagsTest" time="0.0"/>
  <testcase name="[14] tag = com.destroystokyo.paper.MaterialSetTag@6db16791" classname="io.papermc.paper.registry.CustomTagsTest" time="0.0"/>
  <testcase name="[15] tag = com.destroystokyo.paper.MaterialSetTag@73177b3f" classname="io.papermc.paper.registry.CustomTagsTest" time="0.0"/>
  <testcase name="[16] tag = com.destroystokyo.paper.MaterialSetTag@21a2db89" classname="io.papermc.paper.registry.CustomTagsTest" time="0.0"/>
  <testcase name="[17] tag = com.destroystokyo.paper.MaterialSetTag@3ba2cc8e" classname="io.papermc.paper.registry.CustomTagsTest" time="0.001"/>
  <testcase name="[18] tag = com.destroystokyo.paper.MaterialSetTag@86e5c43" classname="io.papermc.paper.registry.CustomTagsTest" time="0.0"/>
  <testcase name="[19] tag = com.destroystokyo.paper.MaterialSetTag@2043bf77" classname="io.papermc.paper.registry.CustomTagsTest" time="0.0"/>
  <testcase name="[20] tag = com.destroystokyo.paper.MaterialSetTag@868575e" classname="io.papermc.paper.registry.CustomTagsTest" time="0.0"/>
  <testcase name="[21] tag = com.destroystokyo.paper.MaterialSetTag@e4ffdf" classname="io.papermc.paper.registry.CustomTagsTest" time="0.0"/>
  <testcase name="[22] tag = io.papermc.paper.tag.EntitySetTag@7d8b89cb" classname="io.papermc.paper.registry.CustomTagsTest" time="0.0"/>
  <testcase name="[23] tag = com.destroystokyo.paper.MaterialSetTag@4f367c74" classname="io.papermc.paper.registry.CustomTagsTest" time="0.0"/>
  <testcase name="[24] tag = com.destroystokyo.paper.MaterialSetTag@78414208" classname="io.papermc.paper.registry.CustomTagsTest" time="0.0"/>
  <testcase name="[25] tag = com.destroystokyo.paper.MaterialSetTag@51389271" classname="io.papermc.paper.registry.CustomTagsTest" time="0.001"/>
  <testcase name="[26] tag = com.destroystokyo.paper.MaterialSetTag@5a9d34d7" classname="io.papermc.paper.registry.CustomTagsTest" time="0.0"/>
  <testcase name="[27] tag = com.destroystokyo.paper.MaterialSetTag@51ba1ff0" classname="io.papermc.paper.registry.CustomTagsTest" time="0.001"/>
  <testcase name="[28] tag = io.papermc.paper.tag.EntitySetTag@1f08f858" classname="io.papermc.paper.registry.CustomTagsTest" time="0.0"/>
  <testcase name="[29] tag = com.destroystokyo.paper.MaterialSetTag@5f8cccdd" classname="io.papermc.paper.registry.CustomTagsTest" time="0.0"/>
  <testcase name="[30] tag = com.destroystokyo.paper.MaterialSetTag@17fa4bad" classname="io.papermc.paper.registry.CustomTagsTest" time="0.0"/>
  <testcase name="[31] tag = com.destroystokyo.paper.MaterialSetTag@142d6a74" classname="io.papermc.paper.registry.CustomTagsTest" time="0.0"/>
  <testcase name="[32] tag = com.destroystokyo.paper.MaterialSetTag@71547d0f" classname="io.papermc.paper.registry.CustomTagsTest" time="0.001"/>
  <testcase name="[33] tag = com.destroystokyo.paper.MaterialSetTag@23c2719f" classname="io.papermc.paper.registry.CustomTagsTest" time="0.0"/>
  <testcase name="[34] tag = com.destroystokyo.paper.MaterialSetTag@42be6add" classname="io.papermc.paper.registry.CustomTagsTest" time="0.0"/>
  <testcase name="[35] tag = com.destroystokyo.paper.MaterialSetTag@29b34cd8" classname="io.papermc.paper.registry.CustomTagsTest" time="0.0"/>
  <testcase name="[36] tag = com.destroystokyo.paper.MaterialSetTag@21c8f1a5" classname="io.papermc.paper.registry.CustomTagsTest" time="0.0"/>
  <testcase name="[37] tag = com.destroystokyo.paper.MaterialSetTag@4863980d" classname="io.papermc.paper.registry.CustomTagsTest" time="0.0"/>
  <testcase name="[38] tag = com.destroystokyo.paper.MaterialSetTag@42b638d8" classname="io.papermc.paper.registry.CustomTagsTest" time="0.0"/>
  <testcase name="[39] tag = com.destroystokyo.paper.MaterialSetTag@55687e18" classname="io.papermc.paper.registry.CustomTagsTest" time="0.0"/>
  <testcase name="[40] tag = com.destroystokyo.paper.MaterialSetTag@4a6f671f" classname="io.papermc.paper.registry.CustomTagsTest" time="0.0"/>
  <testcase name="[41] tag = com.destroystokyo.paper.MaterialSetTag@4f1f946c" classname="io.papermc.paper.registry.CustomTagsTest" time="0.0"/>
  <testcase name="[42] tag = com.destroystokyo.paper.MaterialSetTag@36f1f485" classname="io.papermc.paper.registry.CustomTagsTest" time="0.0"/>
  <testcase name="[43] tag = com.destroystokyo.paper.MaterialSetTag@7a266b5e" classname="io.papermc.paper.registry.CustomTagsTest" time="0.0"/>
  <testcase name="[44] tag = com.destroystokyo.paper.MaterialSetTag@f6fed14" classname="io.papermc.paper.registry.CustomTagsTest" time="0.001"/>
  <testcase name="[45] tag = com.destroystokyo.paper.MaterialSetTag@62dd0fa0" classname="io.papermc.paper.registry.CustomTagsTest" time="0.0"/>
  <testcase name="[46] tag = com.destroystokyo.paper.MaterialSetTag@4ae42b99" classname="io.papermc.paper.registry.CustomTagsTest" time="0.001"/>
  <testcase name="[47] tag = com.destroystokyo.paper.MaterialSetTag@fd0f156" classname="io.papermc.paper.registry.CustomTagsTest" time="0.0"/>
  <testcase name="[48] tag = com.destroystokyo.paper.MaterialSetTag@1f682fee" classname="io.papermc.paper.registry.CustomTagsTest" time="0.001"/>
  <testcase name="[49] tag = io.papermc.paper.tag.EntitySetTag@75b0023a" classname="io.papermc.paper.registry.CustomTagsTest" time="0.0"/>
  <testcase name="[50] tag = com.destroystokyo.paper.MaterialSetTag@42bdf736" classname="io.papermc.paper.registry.CustomTagsTest" time="0.0"/>
  <testcase name="[51] tag = com.destroystokyo.paper.MaterialSetTag@7dfc1a73" classname="io.papermc.paper.registry.CustomTagsTest" time="0.0"/>
  <testcase name="[52] tag = com.destroystokyo.paper.MaterialSetTag@40bd992d" classname="io.papermc.paper.registry.CustomTagsTest" time="0.0"/>
  <testcase name="[53] tag = com.destroystokyo.paper.MaterialSetTag@4eada53e" classname="io.papermc.paper.registry.CustomTagsTest" time="0.0"/>
  <testcase name="[54] tag = com.destroystokyo.paper.MaterialSetTag@31e47572" classname="io.papermc.paper.registry.CustomTagsTest" time="0.001"/>
  <testcase name="[55] tag = io.papermc.paper.tag.EntitySetTag@618bdc1c" classname="io.papermc.paper.registry.CustomTagsTest" time="0.0"/>
  <testcase name="[56] tag = com.destroystokyo.paper.MaterialSetTag@4e907609" classname="io.papermc.paper.registry.CustomTagsTest" time="0.0"/>
  <testcase name="[57] tag = com.destroystokyo.paper.MaterialSetTag@94f30d" classname="io.papermc.paper.registry.CustomTagsTest" time="0.001"/>
  <testcase name="[58] tag = com.destroystokyo.paper.MaterialSetTag@3bcccc57" classname="io.papermc.paper.registry.CustomTagsTest" time="0.002"/>
  <testcase name="[59] tag = com.destroystokyo.paper.MaterialSetTag@526be3f6" classname="io.papermc.paper.registry.CustomTagsTest" time="0.0"/>
  <testcase name="[60] tag = com.destroystokyo.paper.MaterialSetTag@6969e2cc" classname="io.papermc.paper.registry.CustomTagsTest" time="0.0"/>
  <testcase name="[61] tag = com.destroystokyo.paper.MaterialSetTag@5800c3a6" classname="io.papermc.paper.registry.CustomTagsTest" time="0.0"/>
  <testcase name="[62] tag = com.destroystokyo.paper.MaterialSetTag@27fd4c5b" classname="io.papermc.paper.registry.CustomTagsTest" time="0.0"/>
  <testcase name="[63] tag = com.destroystokyo.paper.MaterialSetTag@6af98751" classname="io.papermc.paper.registry.CustomTagsTest" time="0.0"/>
  <testcase name="[64] tag = com.destroystokyo.paper.MaterialSetTag@5b1f44b2" classname="io.papermc.paper.registry.CustomTagsTest" time="0.002"/>
  <testcase name="[65] tag = com.destroystokyo.paper.MaterialSetTag@f7b6dcb" classname="io.papermc.paper.registry.CustomTagsTest" time="0.0"/>
  <testcase name="[66] tag = com.destroystokyo.paper.MaterialSetTag@7c94f226" classname="io.papermc.paper.registry.CustomTagsTest" time="0.0"/>
  <testcase name="[67] tag = com.destroystokyo.paper.MaterialSetTag@4d03b4b6" classname="io.papermc.paper.registry.CustomTagsTest" time="0.0"/>
  <testcase name="[68] tag = com.destroystokyo.paper.MaterialSetTag@3b6115d6" classname="io.papermc.paper.registry.CustomTagsTest" time="0.001"/>
  <testcase name="[69] tag = com.destroystokyo.paper.MaterialSetTag@150ffbb8" classname="io.papermc.paper.registry.CustomTagsTest" time="0.0"/>
  <testcase name="[70] tag = com.destroystokyo.paper.MaterialSetTag@b1a1fa2" classname="io.papermc.paper.registry.CustomTagsTest" time="0.0"/>
  <testcase name="[71] tag = com.destroystokyo.paper.MaterialSetTag@661418a9" classname="io.papermc.paper.registry.CustomTagsTest" time="0.0"/>
  <testcase name="[72] tag = com.destroystokyo.paper.MaterialSetTag@1cdc1f62" classname="io.papermc.paper.registry.CustomTagsTest" time="0.0"/>
  <testcase name="[73] tag = com.destroystokyo.paper.MaterialSetTag@4f8bd64a" classname="io.papermc.paper.registry.CustomTagsTest" time="0.0"/>
  <testcase name="[74] tag = io.papermc.paper.tag.EntitySetTag@1271cdb3" classname="io.papermc.paper.registry.CustomTagsTest" time="0.0"/>
  <testcase name="[75] tag = com.destroystokyo.paper.MaterialSetTag@67459981" classname="io.papermc.paper.registry.CustomTagsTest" time="0.002"/>
  <testcase name="[76] tag = com.destroystokyo.paper.MaterialSetTag@4079babc" classname="io.papermc.paper.registry.CustomTagsTest" time="0.0"/>
  <testcase name="[77] tag = com.destroystokyo.paper.MaterialSetTag@6f9f765a" classname="io.papermc.paper.registry.CustomTagsTest" time="0.0"/>
  <testcase name="[78] tag = com.destroystokyo.paper.MaterialSetTag@b9ad25c" classname="io.papermc.paper.registry.CustomTagsTest" time="0.004"/>
  <testcase name="[79] tag = com.destroystokyo.paper.MaterialSetTag@3284a543" classname="io.papermc.paper.registry.CustomTagsTest" time="0.0"/>
  <testcase name="[80] tag = com.destroystokyo.paper.MaterialSetTag@694b7383" classname="io.papermc.paper.registry.CustomTagsTest" time="0.0"/>
  <testcase name="[81] tag = com.destroystokyo.paper.MaterialSetTag@55de4314" classname="io.papermc.paper.registry.CustomTagsTest" time="0.002"/>
  <testcase name="[82] tag = com.destroystokyo.paper.MaterialSetTag@65d5f41e" classname="io.papermc.paper.registry.CustomTagsTest" time="0.0"/>
  <testcase name="[83] tag = com.destroystokyo.paper.MaterialSetTag@3ac0c20b" classname="io.papermc.paper.registry.CustomTagsTest" time="0.0"/>
  <testcase name="[84] tag = com.destroystokyo.paper.MaterialSetTag@1ce2d332" classname="io.papermc.paper.registry.CustomTagsTest" time="0.0"/>
  <testcase name="[85] tag = com.destroystokyo.paper.MaterialSetTag@4d31cfe1" classname="io.papermc.paper.registry.CustomTagsTest" time="0.0"/>
  <testcase name="[86] tag = com.destroystokyo.paper.MaterialSetTag@5fed5d3c" classname="io.papermc.paper.registry.CustomTagsTest" time="0.001"/>
  <testcase name="[87] tag = com.destroystokyo.paper.MaterialSetTag@63810c50" classname="io.papermc.paper.registry.CustomTagsTest" time="0.0"/>
  <testcase name="[88] tag = com.destroystokyo.paper.MaterialSetTag@3afc292e" classname="io.papermc.paper.registry.CustomTagsTest" time="0.001"/>
  <testcase name="[89] tag = com.destroystokyo.paper.MaterialSetTag@601382c7" classname="io.papermc.paper.registry.CustomTagsTest" time="0.0"/>
  <testcase name="[90] tag = com.destroystokyo.paper.MaterialSetTag@68f89520" classname="io.papermc.paper.registry.CustomTagsTest" time="0.0"/>
  <testcase name="[91] tag = com.destroystokyo.paper.MaterialSetTag@73dbce02" classname="io.papermc.paper.registry.CustomTagsTest" time="0.002"/>
  <testcase name="[92] tag = com.destroystokyo.paper.MaterialSetTag@770bab" classname="io.papermc.paper.registry.CustomTagsTest" time="0.0"/>
  <testcase name="[93] tag = com.destroystokyo.paper.MaterialSetTag@68b66654" classname="io.papermc.paper.registry.CustomTagsTest" time="0.001"/>
  <testcase name="[94] tag = com.destroystokyo.paper.MaterialSetTag@18c43e27" classname="io.papermc.paper.registry.CustomTagsTest" time="0.0"/>
  <testcase name="[95] tag = com.destroystokyo.paper.MaterialSetTag@a54e9b0" classname="io.papermc.paper.registry.CustomTagsTest" time="0.0"/>
  <testcase name="[96] tag = com.destroystokyo.paper.MaterialSetTag@3cd33e35" classname="io.papermc.paper.registry.CustomTagsTest" time="0.0"/>
  <testcase name="[97] tag = com.destroystokyo.paper.MaterialSetTag@3494177f" classname="io.papermc.paper.registry.CustomTagsTest" time="0.0"/>
  <testcase name="[98] tag = com.destroystokyo.paper.MaterialSetTag@70c3462c" classname="io.papermc.paper.registry.CustomTagsTest" time="0.0"/>
  <testcase name="[99] tag = com.destroystokyo.paper.MaterialSetTag@360d99fd" classname="io.papermc.paper.registry.CustomTagsTest" time="0.0"/>
  <testcase name="[100] tag = com.destroystokyo.paper.MaterialSetTag@124ca6be" classname="io.papermc.paper.registry.CustomTagsTest" time="0.001"/>
  <testcase name="[101] tag = com.destroystokyo.paper.MaterialSetTag@3388a77a" classname="io.papermc.paper.registry.CustomTagsTest" time="0.0"/>
  <testcase name="[102] tag = com.destroystokyo.paper.MaterialSetTag@1ad14f25" classname="io.papermc.paper.registry.CustomTagsTest" time="0.0"/>
  <testcase name="[103] tag = com.destroystokyo.paper.MaterialSetTag@35635a96" classname="io.papermc.paper.registry.CustomTagsTest" time="0.0"/>
  <system-out><![CDATA[]]></system-out>
  <system-err><![CDATA[]]></system-err>
</testsuite>
