<?xml version="1.0" encoding="UTF-8"?>
<testsuite name="org.bukkit.registry.PerRegistryTest" tests="62" skipped="0" failures="0" errors="0" timestamp="2026-08-11T21:03:33.187Z" hostname="codespaces-8b369d" time="11.315">
  <properties/>
  <testcase name="[1] registry = io.papermc.paper.registry.legacy.DelayedRegistry@5a673c4b" classname="org.bukkit.registry.PerRegistryTest" time="0.013"/>
  <testcase name="[2] registry = CraftRegistry{minecraftRegistry=ResourceKey[minecraft:root / minecraft:attribute]}" classname="org.bukkit.registry.PerRegistryTest" time="0.002"/>
  <testcase name="[3] registry = io.papermc.paper.registry.legacy.DelayedRegistry@ee5e1a3" classname="org.bukkit.registry.PerRegistryTest" time="0.001"/>
  <testcase name="[4] registry = io.papermc.paper.registry.legacy.DelayedRegistry@12fb510f" classname="org.bukkit.registry.PerRegistryTest" time="0.001"/>
  <testcase name="[5] registry = CraftRegistry{minecraftRegistry=ResourceKey[minecraft:root / minecraft:block]}" classname="org.bukkit.registry.PerRegistryTest" time="0.006"/>
  <testcase name="[6] registry = io.papermc.paper.registry.legacy.DelayedRegistry@42fb2c86" classname="org.bukkit.registry.PerRegistryTest" time="0.001"/>
  <testcase name="[7] registry = io.papermc.paper.registry.legacy.DelayedRegistry@1c9eb283" classname="org.bukkit.registry.PerRegistryTest" time="0.001"/>
  <testcase name="[8] registry = io.papermc.paper.registry.legacy.DelayedRegistry@7870dc3c" classname="org.bukkit.registry.PerRegistryTest" time="0.001"/>
  <testcase name="[9] registry = CraftRegistry{minecraftRegistry=ResourceKey[minecraft:root / minecraft:item]}" classname="org.bukkit.registry.PerRegistryTest" time="0.003"/>
  <testcase name="[10] registry = CraftRegistry{minecraftRegistry=ResourceKey[minecraft:root / minecraft:menu]}" classname="org.bukkit.registry.PerRegistryTest" time="0.001"/>
  <testcase name="[11] registry = CraftRegistry{minecraftRegistry=ResourceKey[minecraft:root / minecraft:mob_effect]}" classname="org.bukkit.registry.PerRegistryTest" time="0.001"/>
  <testcase name="[12] registry = io.papermc.paper.registry.legacy.DelayedRegistry@25377239" classname="org.bukkit.registry.PerRegistryTest" time="0.001"/>
  <testcase name="[13] registry = CraftRegistry{minecraftRegistry=ResourceKey[minecraft:root / minecraft:worldgen/structure_type]}" classname="org.bukkit.registry.PerRegistryTest" time="0.001"/>
  <testcase name="[14] registry = CraftRegistry{minecraftRegistry=ResourceKey[minecraft:root / minecraft:sound_event]}" classname="org.bukkit.registry.PerRegistryTest" time="0.005"/>
  <testcase name="[15] registry = io.papermc.paper.registry.legacy.DelayedRegistry@4e6b5ed4" classname="org.bukkit.registry.PerRegistryTest" time="0.003"/>
  <testcase name="[16] registry = io.papermc.paper.registry.legacy.DelayedRegistry@579fd180" classname="org.bukkit.registry.PerRegistryTest" time="0.001"/>
  <testcase name="[17] registry = io.papermc.paper.registry.legacy.DelayedRegistry@94d1a8c" classname="org.bukkit.registry.PerRegistryTest" time="0.001"/>
  <testcase name="[18] registry = io.papermc.paper.registry.legacy.DelayedRegistry@89bc08" classname="org.bukkit.registry.PerRegistryTest" time="0.001"/>
  <testcase name="[19] registry = CraftRegistry{minecraftRegistry=ResourceKey[minecraft:root / minecraft:villager_profession]}" classname="org.bukkit.registry.PerRegistryTest" time="0.001"/>
  <testcase name="[20] registry = CraftRegistry{minecraftRegistry=ResourceKey[minecraft:root / minecraft:point_of_interest_type]}" classname="org.bukkit.registry.PerRegistryTest" time="0.001"/>
  <testcase name="[21] registry = CraftRegistry{minecraftRegistry=ResourceKey[minecraft:root / minecraft:villager_type]}" classname="org.bukkit.registry.PerRegistryTest" time="0.001"/>
  <testcase name="[22] registry = CraftRegistry{minecraftRegistry=ResourceKey[minecraft:root / minecraft:fluid]}" classname="org.bukkit.registry.PerRegistryTest" time="0.001"/>
  <testcase name="[23] registry = io.papermc.paper.registry.legacy.DelayedRegistry@6da0748" classname="org.bukkit.registry.PerRegistryTest" time="0.0"/>
  <testcase name="[24] registry = io.papermc.paper.registry.legacy.DelayedRegistry@6fd5552e" classname="org.bukkit.registry.PerRegistryTest" time="0.0"/>
  <testcase name="[25] registry = CraftRegistry{minecraftRegistry=ResourceKey[minecraft:root / minecraft:map_decoration_type]}" classname="org.bukkit.registry.PerRegistryTest" time="0.0"/>
  <testcase name="[26] registry = CraftRegistry{minecraftRegistry=ResourceKey[minecraft:root / minecraft:game_event]}" classname="org.bukkit.registry.PerRegistryTest" time="0.0"/>
  <testcase name="[27] registry = CraftRegistry{minecraftRegistry=ResourceKey[minecraft:root / minecraft:data_component_type]}" classname="org.bukkit.registry.PerRegistryTest" time="0.001"/>
  <testcase name="[28] registry = CraftRegistry{minecraftRegistry=ResourceKey[minecraft:root / minecraft:game_rule]}" classname="org.bukkit.registry.PerRegistryTest" time="0.002"/>
  <testcase name="[29] registry = CraftRegistry{minecraftRegistry=ResourceKey[minecraft:root / minecraft:mob_effect]}" classname="org.bukkit.registry.PerRegistryTest" time="0.0"/>
  <testcase name="[30] registry = CraftRegistry{minecraftRegistry=ResourceKey[minecraft:root / minecraft:mob_effect]}" classname="org.bukkit.registry.PerRegistryTest" time="0.001"/>
  <testcase name="[31] registry = CraftRegistry{minecraftRegistry=ResourceKey[minecraft:root / minecraft:sound_event]}" classname="org.bukkit.registry.PerRegistryTest" time="0.004"/>
  <testcase name="[1] registry = io.papermc.paper.registry.legacy.DelayedRegistry@5a673c4b" classname="org.bukkit.registry.PerRegistryTest" time="0.006"/>
  <testcase name="[2] registry = CraftRegistry{minecraftRegistry=ResourceKey[minecraft:root / minecraft:attribute]}" classname="org.bukkit.registry.PerRegistryTest" time="0.005"/>
  <testcase name="[3] registry = io.papermc.paper.registry.legacy.DelayedRegistry@ee5e1a3" classname="org.bukkit.registry.PerRegistryTest" time="0.004"/>
  <testcase name="[4] registry = io.papermc.paper.registry.legacy.DelayedRegistry@12fb510f" classname="org.bukkit.registry.PerRegistryTest" time="0.005"/>
  <testcase name="[5] registry = CraftRegistry{minecraftRegistry=ResourceKey[minecraft:root / minecraft:block]}" classname="org.bukkit.registry.PerRegistryTest" time="0.06"/>
  <testcase name="[6] registry = io.papermc.paper.registry.legacy.DelayedRegistry@42fb2c86" classname="org.bukkit.registry.PerRegistryTest" time="0.001"/>
  <testcase name="[7] registry = io.papermc.paper.registry.legacy.DelayedRegistry@1c9eb283" classname="org.bukkit.registry.PerRegistryTest" time="0.001"/>
  <testcase name="[8] registry = io.papermc.paper.registry.legacy.DelayedRegistry@7870dc3c" classname="org.bukkit.registry.PerRegistryTest" time="0.002"/>
  <testcase name="[9] registry = CraftRegistry{minecraftRegistry=ResourceKey[minecraft:root / minecraft:item]}" classname="org.bukkit.registry.PerRegistryTest" time="0.039"/>
  <testcase name="[10] registry = CraftRegistry{minecraftRegistry=ResourceKey[minecraft:root / minecraft:menu]}" classname="org.bukkit.registry.PerRegistryTest" time="0.001"/>
  <testcase name="[11] registry = CraftRegistry{minecraftRegistry=ResourceKey[minecraft:root / minecraft:mob_effect]}" classname="org.bukkit.registry.PerRegistryTest" time="0.001"/>
  <testcase name="[12] registry = io.papermc.paper.registry.legacy.DelayedRegistry@25377239" classname="org.bukkit.registry.PerRegistryTest" time="0.002"/>
  <testcase name="[13] registry = CraftRegistry{minecraftRegistry=ResourceKey[minecraft:root / minecraft:worldgen/structure_type]}" classname="org.bukkit.registry.PerRegistryTest" time="0.0"/>
  <testcase name="[14] registry = CraftRegistry{minecraftRegistry=ResourceKey[minecraft:root / minecraft:sound_event]}" classname="org.bukkit.registry.PerRegistryTest" time="0.041"/>
  <testcase name="[15] registry = io.papermc.paper.registry.legacy.DelayedRegistry@4e6b5ed4" classname="org.bukkit.registry.PerRegistryTest" time="0.001"/>
  <testcase name="[16] registry = io.papermc.paper.registry.legacy.DelayedRegistry@579fd180" classname="org.bukkit.registry.PerRegistryTest" time="0.001"/>
  <testcase name="[17] registry = io.papermc.paper.registry.legacy.DelayedRegistry@94d1a8c" classname="org.bukkit.registry.PerRegistryTest" time="0.002"/>
  <testcase name="[18] registry = io.papermc.paper.registry.legacy.DelayedRegistry@89bc08" classname="org.bukkit.registry.PerRegistryTest" time="0.001"/>
  <testcase name="[19] registry = CraftRegistry{minecraftRegistry=ResourceKey[minecraft:root / minecraft:villager_profession]}" classname="org.bukkit.registry.PerRegistryTest" time="0.0"/>
  <testcase name="[20] registry = CraftRegistry{minecraftRegistry=ResourceKey[minecraft:root / minecraft:point_of_interest_type]}" classname="org.bukkit.registry.PerRegistryTest" time="0.001"/>
  <testcase name="[21] registry = CraftRegistry{minecraftRegistry=ResourceKey[minecraft:root / minecraft:villager_type]}" classname="org.bukkit.registry.PerRegistryTest" time="0.001"/>
  <testcase name="[22] registry = CraftRegistry{minecraftRegistry=ResourceKey[minecraft:root / minecraft:fluid]}" classname="org.bukkit.registry.PerRegistryTest" time="0.001"/>
  <testcase name="[23] registry = io.papermc.paper.registry.legacy.DelayedRegistry@6da0748" classname="org.bukkit.registry.PerRegistryTest" time="0.0"/>
  <testcase name="[24] registry = io.papermc.paper.registry.legacy.DelayedRegistry@6fd5552e" classname="org.bukkit.registry.PerRegistryTest" time="0.001"/>
  <testcase name="[25] registry = CraftRegistry{minecraftRegistry=ResourceKey[minecraft:root / minecraft:map_decoration_type]}" classname="org.bukkit.registry.PerRegistryTest" time="0.001"/>
  <testcase name="[26] registry = CraftRegistry{minecraftRegistry=ResourceKey[minecraft:root / minecraft:game_event]}" classname="org.bukkit.registry.PerRegistryTest" time="0.001"/>
  <testcase name="[27] registry = CraftRegistry{minecraftRegistry=ResourceKey[minecraft:root / minecraft:data_component_type]}" classname="org.bukkit.registry.PerRegistryTest" time="0.002"/>
  <testcase name="[28] registry = CraftRegistry{minecraftRegistry=ResourceKey[minecraft:root / minecraft:game_rule]}" classname="org.bukkit.registry.PerRegistryTest" time="0.001"/>
  <testcase name="[29] registry = CraftRegistry{minecraftRegistry=ResourceKey[minecraft:root / minecraft:mob_effect]}" classname="org.bukkit.registry.PerRegistryTest" time="0.001"/>
  <testcase name="[30] registry = CraftRegistry{minecraftRegistry=ResourceKey[minecraft:root / minecraft:mob_effect]}" classname="org.bukkit.registry.PerRegistryTest" time="0.001"/>
  <testcase name="[31] registry = CraftRegistry{minecraftRegistry=ResourceKey[minecraft:root / minecraft:sound_event]}" classname="org.bukkit.registry.PerRegistryTest" time="0.031"/>
  <system-out><![CDATA[[21:03:40 INFO]: Found new data pack paper, loading it automatically
[21:03:42 INFO]: Loaded 1585 recipes
[21:03:42 INFO]: Loaded 1688 advancements
[21:03:44 INFO]: [MoonriseCommon] Paper is using 1 worker threads, 1 I/O threads
]]></system-out>
  <system-err><![CDATA[Aug 11, 2026 9:03:33 PM org.bukkit.support.extension.BaseExtension isTestCase
INFO: Running tests with environment: AllFeatures
2026-08-11T21:03:34.548894735Z Test worker WARN Advanced terminal features are not available in this environment
Aug 11, 2026 9:03:44 PM org.bukkit.Bukkit setServer
INFO: This server is running org.bukkit.support.DummyServerHelper version 26.2-DEV (2026-08-11T21:03:42Z) (Implementing API version 26.2.local-SNAPSHOT)
]]></system-err>
</testsuite>
