<?xml version="1.0" encoding="UTF-8"?>
<testsuite name="org.bukkit.craftbukkit.util.CraftChatMessageTest" tests="4" skipped="0" failures="0" errors="0" timestamp="2026-08-11T21:04:25.239Z" hostname="codespaces-8b369d" time="9.406">
  <properties/>
  <testcase name="testPlainText()" classname="org.bukkit.craftbukkit.util.CraftChatMessageTest" time="0.023"/>
  <testcase name="testComponents()" classname="org.bukkit.craftbukkit.util.CraftChatMessageTest" time="0.005"/>
  <testcase name="testNewLineBehavior()" classname="org.bukkit.craftbukkit.util.CraftChatMessageTest" time="0.001"/>
  <testcase name="testSimpleStrings()" classname="org.bukkit.craftbukkit.util.CraftChatMessageTest" time="0.001"/>
  <system-out><![CDATA[[21:04:31 INFO]: Found new data pack paper, loading it automatically
[21:04:33 INFO]: Loaded 1585 recipes
[21:04:33 INFO]: Loaded 1688 advancements
[21:04:34 INFO]: [MoonriseCommon] Paper is using 1 worker threads, 1 I/O threads
]]></system-out>
  <system-err><![CDATA[Aug 11, 2026 9:04:25 PM org.bukkit.support.extension.BaseExtension isTestCase
INFO: Running tests with environment: Normal
2026-08-11T21:04:25.851677166Z Test worker WARN Advanced terminal features are not available in this environment
Aug 11, 2026 9:04:34 PM org.bukkit.Bukkit setServer
INFO: This server is running org.bukkit.support.DummyServerHelper version 26.2-DEV (2026-08-11T21:04:33Z) (Implementing API version 26.2.local-SNAPSHOT)
]]></system-err>
</testsuite>
