<?xml version="1.0" encoding="UTF-8"?>
<testsuite name="org.bukkit.craftbukkit.legacy.reroute.RerouteArgumentTypeTest" tests="2" skipped="0" failures="0" errors="0" timestamp="2026-08-11T21:04:34.716Z" hostname="codespaces-8b369d" time="0.002">
  <properties/>
  <testcase name="testRerouteArgumentTypeSecond()" classname="org.bukkit.craftbukkit.legacy.reroute.RerouteArgumentTypeTest" time="0.002"/>
  <testcase name="testRerouteArgumentType()" classname="org.bukkit.craftbukkit.legacy.reroute.RerouteArgumentTypeTest" time="0.0"/>
  <system-out><![CDATA[]]></system-out>
  <system-err><![CDATA[]]></system-err>
</testsuite>
