<?xml version="1.0" encoding="UTF-8"?>
<testsuite name="io.papermc.paper.registry.RegistryBuilderTest" tests="19" skipped="0" failures="0" errors="0" timestamp="2026-08-11T21:04:03.313Z" hostname="codespaces-8b369d" time="0.065">
  <properties/>
  <testcase name="[1] registryEntry = Buildable[mcKey=ResourceKey[minecraft:root / minecraft:game_event], apiKey=RegistryKeyImpl[key=minecraft:game_event], classToPreload=class org.bukkit.GameEvent, registryTypeMapper=io.papermc.paper.registry.entry.RegistryTypeMapper@2aa0c35c, serializationUpdater=io.papermc.paper.registry.entry.RegistryEntryBuilder$CraftStage$$Lambda/0x0000000055438000@4c7a6e7f, builderFiller=io.papermc.paper.registry.PaperRegistries$$Lambda/0x0000000055439568@29498452, modificationApiSupport=WRITABLE]" classname="io.papermc.paper.registry.RegistryBuilderTest" time="0.001"/>
  <testcase name="[2] registryEntry = Buildable[mcKey=ResourceKey[minecraft:root / minecraft:sound_event], apiKey=RegistryKeyImpl[key=minecraft:sound_event], classToPreload=interface org.bukkit.Sound, registryTypeMapper=io.papermc.paper.registry.entry.RegistryTypeMapper@192e0219, serializationUpdater=io.papermc.paper.registry.entry.RegistryEntryBuilder$CraftStage$$Lambda/0x0000000055438000@4c7a6e7f, builderFiller=io.papermc.paper.registry.PaperRegistries$$Lambda/0x0000000055447000@554ca67a, modificationApiSupport=NONE]" classname="io.papermc.paper.registry.RegistryBuilderTest" time="0.003"/>
  <testcase name="[3] registryEntry = Buildable[mcKey=ResourceKey[minecraft:root / minecraft:trim_material], apiKey=RegistryKeyImpl[key=minecraft:trim_material], classToPreload=interface org.bukkit.inventory.meta.trim.TrimMaterial, registryTypeMapper=io.papermc.paper.registry.entry.RegistryTypeMapper@7e6ddd13, serializationUpdater=io.papermc.paper.registry.entry.RegistryEntryBuilder$CraftStage$$Lambda/0x0000000055438000@4c7a6e7f, builderFiller=io.papermc.paper.registry.PaperRegistries$$Lambda/0x000000005544ac28@17ba360d, modificationApiSupport…" classname="io.papermc.paper.registry.RegistryBuilderTest" time="0.0"/>
  <testcase name="[4] registryEntry = Buildable[mcKey=ResourceKey[minecraft:root / minecraft:trim_pattern], apiKey=RegistryKeyImpl[key=minecraft:trim_pattern], classToPreload=interface org.bukkit.inventory.meta.trim.TrimPattern, registryTypeMapper=io.papermc.paper.registry.entry.RegistryTypeMapper@478663f, serializationUpdater=io.papermc.paper.registry.entry.RegistryEntryBuilder$CraftStage$$Lambda/0x0000000055438000@4c7a6e7f, builderFiller=io.papermc.paper.registry.PaperRegistries$$Lambda/0x000000005544c108@146db6e6, modificationApiSupport=WRI…" classname="io.papermc.paper.registry.RegistryBuilderTest" time="0.0"/>
  <testcase name="[5] registryEntry = Buildable[mcKey=ResourceKey[minecraft:root / minecraft:damage_type], apiKey=RegistryKeyImpl[key=minecraft:damage_type], classToPreload=interface org.bukkit.damage.DamageType, registryTypeMapper=io.papermc.paper.registry.entry.RegistryTypeMapper@5c35ed17, serializationUpdater=io.papermc.paper.registry.entry.RegistryEntryBuilder$CraftStage$$Lambda/0x0000000055438000@4c7a6e7f, builderFiller=io.papermc.paper.registry.PaperRegistries$$Lambda/0x000000005544d660@1b3b2130, modificationApiSupport=WRITABLE]" classname="io.papermc.paper.registry.RegistryBuilderTest" time="0.001"/>
  <testcase name="[6] registryEntry = Buildable[mcKey=ResourceKey[minecraft:root / minecraft:wolf_variant], apiKey=RegistryKeyImpl[key=minecraft:wolf_variant], classToPreload=interface org.bukkit.entity.Wolf$Variant, registryTypeMapper=io.papermc.paper.registry.entry.RegistryTypeMapper@3fe5f27c, serializationUpdater=io.papermc.paper.registry.entry.RegistryEntryBuilder$CraftStage$$Lambda/0x0000000055438000@4c7a6e7f, builderFiller=io.papermc.paper.registry.PaperRegistries$$Lambda/0x000000005544ed98@4ccbfdc2, modificationApiSupport=WRITABLE]" classname="io.papermc.paper.registry.RegistryBuilderTest" time="0.001"/>
  <testcase name="[7] registryEntry = Buildable[mcKey=ResourceKey[minecraft:root / minecraft:enchantment], apiKey=RegistryKeyImpl[key=minecraft:enchantment], classToPreload=class org.bukkit.enchantments.Enchantment, registryTypeMapper=io.papermc.paper.registry.entry.RegistryTypeMapper@2f7359fc, serializationUpdater=org.bukkit.craftbukkit.legacy.FieldRename$$Lambda/0x00000000554417f0@3f15387c, builderFiller=io.papermc.paper.registry.PaperRegistries$$Lambda/0x0000000055450cc0@2c23f7b1, modificationApiSupport=WRITABLE]" classname="io.papermc.paper.registry.RegistryBuilderTest" time="0.001"/>
  <testcase name="[8] registryEntry = Buildable[mcKey=ResourceKey[minecraft:root / minecraft:jukebox_song], apiKey=RegistryKeyImpl[key=minecraft:jukebox_song], classToPreload=interface org.bukkit.JukeboxSong, registryTypeMapper=io.papermc.paper.registry.entry.RegistryTypeMapper@4c7a5aa3, serializationUpdater=io.papermc.paper.registry.entry.RegistryEntryBuilder$CraftStage$$Lambda/0x0000000055438000@4c7a6e7f, builderFiller=io.papermc.paper.registry.PaperRegistries$$Lambda/0x0000000055452200@5a3a5d88, modificationApiSupport=WRITABLE]" classname="io.papermc.paper.registry.RegistryBuilderTest" time="0.001"/>
  <testcase name="[9] registryEntry = Buildable[mcKey=ResourceKey[minecraft:root / minecraft:banner_pattern], apiKey=RegistryKeyImpl[key=minecraft:banner_pattern], classToPreload=interface org.bukkit.block.banner.PatternType, registryTypeMapper=io.papermc.paper.registry.entry.RegistryTypeMapper@a81cffb, serializationUpdater=io.papermc.paper.registry.entry.RegistryEntryBuilder$CraftStage$$Lambda/0x0000000055438000@4c7a6e7f, builderFiller=io.papermc.paper.registry.PaperRegistries$$Lambda/0x0000000055453710@14b0334a, modificationApiSupport=WRITAB…" classname="io.papermc.paper.registry.RegistryBuilderTest" time="0.001"/>
  <testcase name="[10] registryEntry = Buildable[mcKey=ResourceKey[minecraft:root / minecraft:painting_variant], apiKey=RegistryKeyImpl[key=minecraft:painting_variant], classToPreload=interface org.bukkit.Art, registryTypeMapper=io.papermc.paper.registry.entry.RegistryTypeMapper@4895f96a, serializationUpdater=io.papermc.paper.registry.entry.RegistryEntryBuilder$CraftStage$$Lambda/0x0000000055438000@4c7a6e7f, builderFiller=io.papermc.paper.registry.PaperRegistries$$Lambda/0x0000000055454ce8@4cef1994, modificationApiSupport=WRITABLE]" classname="io.papermc.paper.registry.RegistryBuilderTest" time="0.0"/>
  <testcase name="[11] registryEntry = Buildable[mcKey=ResourceKey[minecraft:root / minecraft:instrument], apiKey=RegistryKeyImpl[key=minecraft:instrument], classToPreload=class org.bukkit.MusicInstrument, registryTypeMapper=io.papermc.paper.registry.entry.RegistryTypeMapper@32874cf1, serializationUpdater=io.papermc.paper.registry.entry.RegistryEntryBuilder$CraftStage$$Lambda/0x0000000055438000@4c7a6e7f, builderFiller=io.papermc.paper.registry.PaperRegistries$$Lambda/0x0000000055456290@553ebd62, modificationApiSupport=WRITABLE]" classname="io.papermc.paper.registry.RegistryBuilderTest" time="0.0"/>
  <testcase name="[12] registryEntry = Buildable[mcKey=ResourceKey[minecraft:root / minecraft:cat_variant], apiKey=RegistryKeyImpl[key=minecraft:cat_variant], classToPreload=interface org.bukkit.entity.Cat$Type, registryTypeMapper=io.papermc.paper.registry.entry.RegistryTypeMapper@3a6b61b4, serializationUpdater=io.papermc.paper.registry.entry.RegistryEntryBuilder$CraftStage$$Lambda/0x0000000055438000@4c7a6e7f, builderFiller=io.papermc.paper.registry.PaperRegistries$$Lambda/0x00000000554577a0@328352cc, modificationApiSupport=WRITABLE]" classname="io.papermc.paper.registry.RegistryBuilderTest" time="0.001"/>
  <testcase name="[13] registryEntry = Buildable[mcKey=ResourceKey[minecraft:root / minecraft:frog_variant], apiKey=RegistryKeyImpl[key=minecraft:frog_variant], classToPreload=interface org.bukkit.entity.Frog$Variant, registryTypeMapper=io.papermc.paper.registry.entry.RegistryTypeMapper@3a181588, serializationUpdater=io.papermc.paper.registry.entry.RegistryEntryBuilder$CraftStage$$Lambda/0x0000000055438000@4c7a6e7f, builderFiller=io.papermc.paper.registry.PaperRegistries$$Lambda/0x00000000554594f8@5b9fa5be, modificationApiSupport=WRITABLE]" classname="io.papermc.paper.registry.RegistryBuilderTest" time="0.0"/>
  <testcase name="[14] registryEntry = Buildable[mcKey=ResourceKey[minecraft:root / minecraft:chicken_variant], apiKey=RegistryKeyImpl[key=minecraft:chicken_variant], classToPreload=interface org.bukkit.entity.Chicken$Variant, registryTypeMapper=io.papermc.paper.registry.entry.RegistryTypeMapper@5095a7a0, serializationUpdater=io.papermc.paper.registry.entry.RegistryEntryBuilder$CraftStage$$Lambda/0x0000000055438000@4c7a6e7f, builderFiller=io.papermc.paper.registry.PaperRegistries$$Lambda/0x000000005545a9b0@2a5b5c6f, modificationApiSupport=WRITA…" classname="io.papermc.paper.registry.RegistryBuilderTest" time="0.001"/>
  <testcase name="[15] registryEntry = Buildable[mcKey=ResourceKey[minecraft:root / minecraft:cow_variant], apiKey=RegistryKeyImpl[key=minecraft:cow_variant], classToPreload=interface org.bukkit.entity.Cow$Variant, registryTypeMapper=io.papermc.paper.registry.entry.RegistryTypeMapper@6bc3d564, serializationUpdater=io.papermc.paper.registry.entry.RegistryEntryBuilder$CraftStage$$Lambda/0x0000000055438000@4c7a6e7f, builderFiller=io.papermc.paper.registry.PaperRegistries$$Lambda/0x000000005545c5b8@1616c71b, modificationApiSupport=WRITABLE]" classname="io.papermc.paper.registry.RegistryBuilderTest" time="0.0"/>
  <testcase name="[16] registryEntry = Buildable[mcKey=ResourceKey[minecraft:root / minecraft:pig_variant], apiKey=RegistryKeyImpl[key=minecraft:pig_variant], classToPreload=interface org.bukkit.entity.Pig$Variant, registryTypeMapper=io.papermc.paper.registry.entry.RegistryTypeMapper@1796ba50, serializationUpdater=io.papermc.paper.registry.entry.RegistryEntryBuilder$CraftStage$$Lambda/0x0000000055438000@4c7a6e7f, builderFiller=io.papermc.paper.registry.PaperRegistries$$Lambda/0x000000005545e1c0@620b3533, modificationApiSupport=WRITABLE]" classname="io.papermc.paper.registry.RegistryBuilderTest" time="0.0"/>
  <testcase name="[17] registryEntry = Buildable[mcKey=ResourceKey[minecraft:root / minecraft:zombie_nautilus_variant], apiKey=RegistryKeyImpl[key=minecraft:zombie_nautilus_variant], classToPreload=interface org.bukkit.entity.ZombieNautilus$Variant, registryTypeMapper=io.papermc.paper.registry.entry.RegistryTypeMapper@56834b7d, serializationUpdater=io.papermc.paper.registry.entry.RegistryEntryBuilder$CraftStage$$Lambda/0x0000000055438000@4c7a6e7f, builderFiller=io.papermc.paper.registry.PaperRegistries$$Lambda/0x000000005545fda0@74e53fc7, modif…" classname="io.papermc.paper.registry.RegistryBuilderTest" time="0.0"/>
  <testcase name="[18] registryEntry = Buildable[mcKey=ResourceKey[minecraft:root / minecraft:sulfur_cube_archetype], apiKey=RegistryKeyImpl[key=minecraft:sulfur_cube_archetype], classToPreload=interface org.bukkit.entity.SulfurCube$Archetype, registryTypeMapper=io.papermc.paper.registry.entry.RegistryTypeMapper@2550c9e4, serializationUpdater=io.papermc.paper.registry.entry.RegistryEntryBuilder$CraftStage$$Lambda/0x0000000055438000@4c7a6e7f, builderFiller=io.papermc.paper.registry.PaperRegistries$$Lambda/0x0000000055461968@69c4b690, modificatio…" classname="io.papermc.paper.registry.RegistryBuilderTest" time="0.0"/>
  <testcase name="[19] registryEntry = Buildable[mcKey=ResourceKey[minecraft:root / minecraft:dialog], apiKey=RegistryKeyImpl[key=minecraft:dialog], classToPreload=interface io.papermc.paper.dialog.Dialog, registryTypeMapper=io.papermc.paper.registry.entry.RegistryTypeMapper@1aa63d2b, serializationUpdater=io.papermc.paper.registry.entry.RegistryEntryBuilder$CraftStage$$Lambda/0x0000000055438000@4c7a6e7f, builderFiller=io.papermc.paper.registry.PaperRegistries$$Lambda/0x00000000554631f0@391ad872, modificationApiSupport=WRITABLE]" classname="io.papermc.paper.registry.RegistryBuilderTest" time="0.042"/>
  <system-out><![CDATA[]]></system-out>
  <system-err><![CDATA[]]></system-err>
</testsuite>
