<?xml version="1.0" encoding="UTF-8"?>
<testsuite name="org.bukkit.metadata.FixedMetadataValueTest" tests="3" skipped="0" failures="0" errors="0" timestamp="2026-08-11T14:40:05.080Z" hostname="codespaces-8b369d" time="0.003">
  <properties/>
  <testcase name="testBasic()" classname="org.bukkit.metadata.FixedMetadataValueTest" time="0.002"/>
  <testcase name="testInvalidateDoesNothing()" classname="org.bukkit.metadata.FixedMetadataValueTest" time="0.001"/>
  <testcase name="testNumberTypes()" classname="org.bukkit.metadata.FixedMetadataValueTest" time="0.0"/>
  <system-out><![CDATA[]]></system-out>
  <system-err><![CDATA[]]></system-err>
</testsuite>
