<?xml version="1.0" encoding="UTF-8"?>
<testsuite name="org.bukkit.util.StringUtilStartsWithTest" tests="10" skipped="0" failures="0" errors="0" timestamp="2026-08-11T14:40:06.862Z" hostname="codespaces-8b369d" time="0.063">
  <properties/>
  <testcase name="[1] base = &quot;Apple&quot;, prefix = &quot;Apples&quot;, result = false" classname="org.bukkit.util.StringUtilStartsWithTest" time="0.018"/>
  <testcase name="[2] base = &quot;Apples&quot;, prefix = &quot;Apple&quot;, result = true" classname="org.bukkit.util.StringUtilStartsWithTest" time="0.001"/>
  <testcase name="[3] base = &quot;Apple&quot;, prefix = &quot;Apple&quot;, result = true" classname="org.bukkit.util.StringUtilStartsWithTest" time="0.001"/>
  <testcase name="[4] base = &quot;Apple&quot;, prefix = &quot;apples&quot;, result = false" classname="org.bukkit.util.StringUtilStartsWithTest" time="0.001"/>
  <testcase name="[5] base = &quot;apple&quot;, prefix = &quot;Apples&quot;, result = false" classname="org.bukkit.util.StringUtilStartsWithTest" time="0.0"/>
  <testcase name="[6] base = &quot;apple&quot;, prefix = &quot;apples&quot;, result = false" classname="org.bukkit.util.StringUtilStartsWithTest" time="0.002"/>
  <testcase name="[7] base = &quot;Apples&quot;, prefix = &quot;apPL&quot;, result = true" classname="org.bukkit.util.StringUtilStartsWithTest" time="0.0"/>
  <testcase name="[8] base = &quot;123456789&quot;, prefix = &quot;1234567&quot;, result = true" classname="org.bukkit.util.StringUtilStartsWithTest" time="0.0"/>
  <testcase name="[9] base = &quot;&quot;, prefix = &quot;&quot;, result = true" classname="org.bukkit.util.StringUtilStartsWithTest" time="0.001"/>
  <testcase name="[10] base = &quot;string&quot;, prefix = &quot;&quot;, result = true" classname="org.bukkit.util.StringUtilStartsWithTest" time="0.003"/>
  <system-out><![CDATA[]]></system-out>
  <system-err><![CDATA[]]></system-err>
</testsuite>
