<?xml version="1.0" encoding="UTF-8"?>
<testsuite name="org.bukkit.NamespacedKeyTest" tests="8" skipped="0" failures="0" errors="0" timestamp="2026-08-11T14:40:03.157Z" hostname="codespaces-8b369d" time="0.024">
  <properties/>
  <testcase name="testValid()" classname="org.bukkit.NamespacedKeyTest" time="0.0"/>
  <testcase name="testValidFromString()" classname="org.bukkit.NamespacedKeyTest" time="0.001"/>
  <testcase name="testInvalidNamespace()" classname="org.bukkit.NamespacedKeyTest" time="0.003"/>
  <testcase name="testFromStringNullInput()" classname="org.bukkit.NamespacedKeyTest" time="0.001"/>
  <testcase name="testBelowLength()" classname="org.bukkit.NamespacedKeyTest" time="0.0"/>
  <testcase name="testInvalidKeyCasing()" classname="org.bukkit.NamespacedKeyTest" time="0.006"/>
  <testcase name="testInvalidKey()" classname="org.bukkit.NamespacedKeyTest" time="0.004"/>
  <testcase name="testInvalidNamespaceCasing()" classname="org.bukkit.NamespacedKeyTest" time="0.002"/>
  <system-out><![CDATA[]]></system-out>
  <system-err><![CDATA[]]></system-err>
</testsuite>
