<?xml version="1.0" encoding="UTF-8"?>
<testsuite name="org.bukkit.metadata.MetadataConversionTest" tests="5" skipped="0" failures="0" errors="0" timestamp="2026-08-11T14:40:05.094Z" hostname="codespaces-8b369d" time="0.003">
  <properties/>
  <testcase name="testFromInt()" classname="org.bukkit.metadata.MetadataConversionTest" time="0.001"/>
  <testcase name="testFromNumericString()" classname="org.bukkit.metadata.MetadataConversionTest" time="0.0"/>
  <testcase name="testFromNull()" classname="org.bukkit.metadata.MetadataConversionTest" time="0.001"/>
  <testcase name="testFromFloat()" classname="org.bukkit.metadata.MetadataConversionTest" time="0.001"/>
  <testcase name="testFromNonNumericString()" classname="org.bukkit.metadata.MetadataConversionTest" time="0.0"/>
  <system-out><![CDATA[]]></system-out>
  <system-err><![CDATA[]]></system-err>
</testsuite>
