<?xml version="1.0" encoding="UTF-8"?>
<testsuite name="org.bukkit.util.io.BukkitObjectStreamTest" tests="4" skipped="1" failures="0" errors="0" timestamp="2026-08-11T14:40:06.970Z" hostname="codespaces-8b369d" time="0.163">
  <properties/>
  <testcase name="preEncoded(String, String, List)" classname="org.bukkit.util.io.BukkitObjectStreamTest" time="0.162">
    <skipped/>
  </testcase>
  <testcase name="[1] className = &quot;org.bukkit.Color&quot;, preEncoded = &quot;rO0ABXNyADZjb20uZ29vZ2xlLmNvbW1vbi5jb2xsZWN0LkltbXV0YWJsZUxpc3QkU2VyaWFsaXplZEZvcm0AAAAAAAAAAAIAAVsACGVsZW1lbnRzdAATW0xqYXZhL2xhbmcvT2JqZWN0O3hwdXIAE1tMamF2YS5sYW5nLk9iamVjdDuQzlifEHMpbAIAAHhwAAAABXNyABpvcmcuYnVra2l0LnV0aWwuaW8uV3JhcHBlcvJQR+zxEm8FAgABTAADbWFwdAAPTGphdmEvdXRpbC9NYXA7eHBzcgA1Y29tLmdvb2dsZS5jb21tb24uY29sbGVjdC5JbW11dGFibGVNYXAkU2VyaWFsaXplZEZvcm0AAAAAAAAAAAIAAlsABGtleXNxAH4AAVsABnZhbHVlc3EAfgABeHB1cQB+AAMAAAAEdAACPT10AANSRUR0AARCTFVFdAAFR1JFRU51cQB+AAMAAAAEdAAFQ29sb3JzcgARamF2YS5sYW5nLkludGV…&quot;, object = [Color:[argb0xFFFFFFFF], Color:[argb0xFF008080], Color:[argb0xFF800080], Color:[argb0xFFFF0000], Color:[argb0xFFFFA500]]" classname="org.bukkit.util.io.BukkitObjectStreamTest" time="0.061"/>
  <testcase name="[2] className = &quot;org.bukkit.FireworkEffect&quot;, preEncoded = &quot;rO0ABXNyADZjb20uZ29vZ2xlLmNvbW1vbi5jb2xsZWN0LkltbXV0YWJsZUxpc3QkU2VyaWFsaXplZEZvcm0AAAAAAAAAAAIAAVsACGVsZW1lbnRzdAATW0xqYXZhL2xhbmcvT2JqZWN0O3hwdXIAE1tMamF2YS5sYW5nLk9iamVjdDuQzlifEHMpbAIAAHhwAAAAA3NyABpvcmcuYnVra2l0LnV0aWwuaW8uV3JhcHBlcvJQR+zxEm8FAgABTAADbWFwdAAPTGphdmEvdXRpbC9NYXA7eHBzcgA1Y29tLmdvb2dsZS5jb21tb24uY29sbGVjdC5JbW11dGFibGVNYXAkU2VyaWFsaXplZEZvcm0AAAAAAAAAAAIAAlsABGtleXNxAH4AAVsABnZhbHVlc3EAfgABeHB1cQB+AAMAAAAGdAACPT10AAdmbGlja2VydAAFdHJhaWx0AAZjb2xvcnN0AAtmYWRlLWNvbG9yc3QABHR5cGV1cQB+AAMAAAA…&quot;, object = [FireworkEffect:{flicker=true, trail=false, colors=[Color:[argb0xFF000000], Color:[argb0xFFC0C0C0]], fade-colors=[Color:[argb0xFFFFFFFF]], type=BALL_LARGE}, FireworkEffect:{flicker=false, trail=false, colors=[Color:[argb0xFF000080]], fade-colors=[], type=BALL}, FireworkEffect:{flicker=true, trail=true, colors=[Color:[argb0xFF800000]], fade-colors=[], type=CREEPER}]" classname="org.bukkit.util.io.BukkitObjectStreamTest" time="0.025"/>
  <testcase name="[3] className = &quot;org.bukkit.util.Vector&quot;, preEncoded = &quot;rO0ABXNyADZjb20uZ29vZ2xlLmNvbW1vbi5jb2xsZWN0LkltbXV0YWJsZUxpc3QkU2VyaWFsaXplZEZvcm0AAAAAAAAAAAIAAVsACGVsZW1lbnRzdAATW0xqYXZhL2xhbmcvT2JqZWN0O3hwdXIAE1tMamF2YS5sYW5nLk9iamVjdDuQzlifEHMpbAIAAHhwAAAABHNyABpvcmcuYnVra2l0LnV0aWwuaW8uV3JhcHBlcvJQR+zxEm8FAgABTAADbWFwdAAPTGphdmEvdXRpbC9NYXA7eHBzcgA1Y29tLmdvb2dsZS5jb21tb24uY29sbGVjdC5JbW11dGFibGVNYXAkU2VyaWFsaXplZEZvcm0AAAAAAAAAAAIAAlsABGtleXNxAH4AAVsABnZhbHVlc3EAfgABeHB1cQB+AAMAAAAEdAACPT10AAF4dAABeXQAAXp1cQB+AAMAAAAEdAAGVmVjdG9yc3IAEGphdmEubGFuZy5Eb3VibGWAs8JKKWv…&quot;, object = [0.0,0.0,0.0, 624.72,5154.61,314.912, -40.15,51.0,-2516.21451, 2.147483647E9,-2.147483648E9,0.0]" classname="org.bukkit.util.io.BukkitObjectStreamTest" time="0.022"/>
  <system-out><![CDATA[]]></system-out>
  <system-err><![CDATA[]]></system-err>
</testsuite>
